Fri Jun 18 15:21:17 MSD 2021  [debug] AvalonLogSystem initialized using logfile 'velocity.log'
Fri Jun 18 15:21:17 MSD 2021   [info] ************************************************************** 
Fri Jun 18 15:21:17 MSD 2021   [info] Starting Jakarta Velocity v1.4
Fri Jun 18 15:21:17 MSD 2021   [info] RuntimeInstance initializing.
Fri Jun 18 15:21:17 MSD 2021   [info] Default Properties File: org\apache\velocity\runtime\defaults\velocity.properties
Fri Jun 18 15:21:17 MSD 2021   [info] Trying to use logger class org.apache.velocity.runtime.log.AvalonLogSystem
Fri Jun 18 15:21:17 MSD 2021   [info] Using logger class org.apache.velocity.runtime.log.AvalonLogSystem
Fri Jun 18 15:21:17 MSD 2021   [info] Default ResourceManager initializing. (class org.apache.velocity.runtime.resource.ResourceManagerImpl)
Fri Jun 18 15:21:17 MSD 2021   [info] Resource Loader Instantiated: org.apache.velocity.runtime.resource.loader.FileResourceLoader
Fri Jun 18 15:21:17 MSD 2021   [info] FileResourceLoader : initialization starting.
Fri Jun 18 15:21:17 MSD 2021   [info] FileResourceLoader : adding path 'c:/altera/90/ip/altera/fft/lib/\template'
Fri Jun 18 15:21:17 MSD 2021   [info] FileResourceLoader : adding path '.'
Fri Jun 18 15:21:17 MSD 2021   [info] FileResourceLoader : initialization complete.
Fri Jun 18 15:21:17 MSD 2021   [info] Resource Loader Instantiated: org.apache.velocity.runtime.resource.loader.JarResourceLoader
Fri Jun 18 15:21:17 MSD 2021   [info] JarResourceLoader : initialization starting.
Fri Jun 18 15:21:17 MSD 2021   [info] JarResourceLoader # of paths : 0
Fri Jun 18 15:21:17 MSD 2021   [info] JarResourceLoader : initialization complete.
Fri Jun 18 15:21:17 MSD 2021   [info] Resource Loader Instantiated: org.apache.velocity.runtime.resource.loader.ClasspathResourceLoader
Fri Jun 18 15:21:17 MSD 2021   [info] ClasspathResourceLoader : initialization starting.
Fri Jun 18 15:21:17 MSD 2021   [info] ClasspathResourceLoader : initialization complete.
Fri Jun 18 15:21:17 MSD 2021   [info] ResourceCache : initialized. (class org.apache.velocity.runtime.resource.ResourceCacheImpl)
Fri Jun 18 15:21:17 MSD 2021   [info] Default ResourceManager initialization complete.
Fri Jun 18 15:21:17 MSD 2021   [info] Loaded System Directive: org.apache.velocity.runtime.directive.Literal
Fri Jun 18 15:21:17 MSD 2021   [info] Loaded System Directive: org.apache.velocity.runtime.directive.Macro
Fri Jun 18 15:21:17 MSD 2021   [info] Loaded System Directive: org.apache.velocity.runtime.directive.Parse
Fri Jun 18 15:21:17 MSD 2021   [info] Loaded System Directive: org.apache.velocity.runtime.directive.Include
Fri Jun 18 15:21:17 MSD 2021   [info] Loaded System Directive: org.apache.velocity.runtime.directive.Foreach
Fri Jun 18 15:21:17 MSD 2021   [info] Created: 20 parsers.
Fri Jun 18 15:21:17 MSD 2021   [info] Velocimacro : initialization starting.
Fri Jun 18 15:21:17 MSD 2021   [info] Velocimacro : adding VMs from VM library template : VM_global_library.vm
Fri Jun 18 15:21:17 MSD 2021   [info] Velocimacro : added new VM : #listall( list ) : source = VM_global_library.vm
Fri Jun 18 15:21:17 MSD 2021   [info] Velocimacro : added new VM : #listlist( list ) : source = VM_global_library.vm
Fri Jun 18 15:21:17 MSD 2021   [info] ResourceManager : found VM_global_library.vm with loader org.apache.velocity.runtime.resource.loader.ClasspathResourceLoader
Fri Jun 18 15:21:17 MSD 2021   [info] Velocimacro :  VM library template macro registration complete.
Fri Jun 18 15:21:17 MSD 2021   [info] Velocimacro : allowInline = true : VMs can be defined inline in templates
Fri Jun 18 15:21:17 MSD 2021   [info] Velocimacro : allowInlineToOverride = false : VMs defined inline may NOT replace previous VM definitions
Fri Jun 18 15:21:17 MSD 2021   [info] Velocimacro : allowInlineLocal = false : VMs defined inline will be  global in scope if allowed.
Fri Jun 18 15:21:17 MSD 2021   [info] Velocimacro : messages on  : VM system will output logging messages
Fri Jun 18 15:21:17 MSD 2021   [info] Velocimacro : autoload off  : VM system will not automatically reload global library macros
Fri Jun 18 15:21:17 MSD 2021   [info] Velocimacro : initialization complete.
Fri Jun 18 15:21:17 MSD 2021   [info] Velocity successfully started.
Fri Jun 18 15:21:18 MSD 2021   [info] ResourceManager : found fft_top_vhdl_tb.vm with loader org.apache.velocity.runtime.resource.loader.ClasspathResourceLoader
Fri Jun 18 15:21:18 MSD 2021   [info] ResourceManager : found alt_license.txt with loader org.apache.velocity.runtime.resource.loader.ClasspathResourceLoader
Fri Jun 18 15:21:18 MSD 2021   [info] ResourceManager : found fft_top_verilog_tb.vm with loader org.apache.velocity.runtime.resource.loader.ClasspathResourceLoader
Fri Jun 18 15:21:18 MSD 2021   [info] ResourceManager : found alt_license_verilog.txt with loader org.apache.velocity.runtime.resource.loader.ClasspathResourceLoader
Fri Jun 18 15:21:18 MSD 2021   [info] ResourceManager : found matlab_tb.vm with loader org.apache.velocity.runtime.resource.loader.ClasspathResourceLoader
Fri Jun 18 15:21:18 MSD 2021   [info] ResourceManager : found matlab_model.vm with loader org.apache.velocity.runtime.resource.loader.ClasspathResourceLoader
Fri Jun 18 15:21:18 MSD 2021   [info] ResourceManager : found set_nativelink_tcl.vm with loader org.apache.velocity.runtime.resource.loader.ClasspathResourceLoader
Fri Jun 18 15:21:18 MSD 2021   [info] ResourceManager : found alt_license_tcl.txt with loader org.apache.velocity.runtime.resource.loader.ClasspathResourceLoader
Fri Jun 18 15:21:18 MSD 2021   [info] ResourceManager : found fft_defines.vm with loader org.apache.velocity.runtime.resource.loader.ClasspathResourceLoader
Fri Jun 18 15:21:18 MSD 2021   [info] ResourceManager : found alt_license_cpp.txt with loader org.apache.velocity.runtime.resource.loader.ClasspathResourceLoader
Fri Jun 18 15:21:34 MSD 2021   [info] ResourceManager : found fft_top_vhdl_tb.vm with loader org.apache.velocity.runtime.resource.loader.ClasspathResourceLoader
Fri Jun 18 15:21:34 MSD 2021   [info] ResourceManager : found alt_license.txt with loader org.apache.velocity.runtime.resource.loader.ClasspathResourceLoader
Fri Jun 18 15:21:34 MSD 2021   [info] ResourceManager : found fft_top_verilog_tb.vm with loader org.apache.velocity.runtime.resource.loader.ClasspathResourceLoader
Fri Jun 18 15:21:34 MSD 2021   [info] ResourceManager : found alt_license_verilog.txt with loader org.apache.velocity.runtime.resource.loader.ClasspathResourceLoader
Fri Jun 18 15:21:34 MSD 2021   [info] ResourceManager : found matlab_tb.vm with loader org.apache.velocity.runtime.resource.loader.ClasspathResourceLoader
Fri Jun 18 15:21:34 MSD 2021   [info] ResourceManager : found matlab_model.vm with loader org.apache.velocity.runtime.resource.loader.ClasspathResourceLoader
Fri Jun 18 15:21:34 MSD 2021   [info] ResourceManager : found set_nativelink_tcl.vm with loader org.apache.velocity.runtime.resource.loader.ClasspathResourceLoader
Fri Jun 18 15:21:34 MSD 2021   [info] ResourceManager : found alt_license_tcl.txt with loader org.apache.velocity.runtime.resource.loader.ClasspathResourceLoader
Fri Jun 18 15:21:34 MSD 2021   [info] ResourceManager : found fft_defines.vm with loader org.apache.velocity.runtime.resource.loader.ClasspathResourceLoader
Fri Jun 18 15:21:34 MSD 2021   [info] ResourceManager : found alt_license_cpp.txt with loader org.apache.velocity.runtime.resource.loader.ClasspathResourceLoader
