#
# There is insufficient memory for the Java Runtime Environment to continue.
# Native memory allocation (malloc) failed to allocate 232336 bytes for Chunk::new
# Possible reasons:
#   The system is out of physical RAM or swap space
#   In 32 bit mode, the process size limit was hit
# Possible solutions:
#   Reduce memory load on the system
#   Increase physical memory or swap space
#   Check if swap backing store is full
#   Use 64 bit Java on a 64 bit OS
#   Decrease Java heap size (-Xmx/-Xms)
#   Decrease number of Java threads
#   Decrease Java thread stack sizes (-Xss)
#   Set larger code cache with -XX:ReservedCodeCacheSize=
# This output file may be truncated or incomplete.
#
#  Out of Memory Error (allocation.cpp:388), pid=19252, tid=19180
#
# JRE version: Java(TM) SE Runtime Environment (8.0_05-b13) (build 1.8.0_05-b13)
# Java VM: Java HotSpot(TM) 64-Bit Server VM (25.5-b02 mixed mode windows-amd64 compressed oops)
# Failed to write core dump. Minidumps are not enabled by default on client versions of Windows
#

---------------  T H R E A D  ---------------

Current thread (0x000000001358f800):  JavaThread "C2 CompilerThread1" daemon [_thread_in_native, id=19180, stack(0x0000000013c90000,0x0000000013d90000)]

Stack: [0x0000000013c90000,0x0000000013d90000]
Native frames: (J=compiled Java code, j=interpreted, Vv=VM code, C=native code)
V  [jvm.dll+0x308dea]
V  [jvm.dll+0x25def1]
V  [jvm.dll+0x25eb0f]
V  [jvm.dll+0x2564e5]
V  [jvm.dll+0xbcfc5]
V  [jvm.dll+0xbd45c]
V  [jvm.dll+0x44d422]
V  [jvm.dll+0x48e13f]
V  [jvm.dll+0x44293e]
V  [jvm.dll+0x44366b]
V  [jvm.dll+0x427532]
V  [jvm.dll+0x96702]
V  [jvm.dll+0x96ef3]
V  [jvm.dll+0x2232c4]
V  [jvm.dll+0x27baca]
C  [msvcr100.dll+0x21d9f]
C  [msvcr100.dll+0x21e3b]
C  [KERNEL32.DLL+0x16fd4]
C  [ntdll.dll+0x4cec1]


Current CompileTask:
C2:   1465 1032       4       com.sun.org.apache.xerces.internal.impl.XMLEntityScanner::scanQName (519 bytes)


---------------  P R O C E S S  ---------------

Java Threads: ( => current thread )
  0x0000000013607000 JavaThread "Service Thread" daemon [_thread_blocked, id=21900, stack(0x0000000013e90000,0x0000000013f90000)]
  0x0000000013591000 JavaThread "C1 CompilerThread2" daemon [_thread_blocked, id=8476, stack(0x0000000013d90000,0x0000000013e90000)]
=>0x000000001358f800 JavaThread "C2 CompilerThread1" daemon [_thread_in_native, id=19180, stack(0x0000000013c90000,0x0000000013d90000)]
  0x000000001358c000 JavaThread "C2 CompilerThread0" daemon [_thread_in_native, id=12724, stack(0x0000000013b90000,0x0000000013c90000)]
  0x000000001358a800 JavaThread "Attach Listener" daemon [_thread_blocked, id=1152, stack(0x0000000013a90000,0x0000000013b90000)]
  0x0000000013588000 JavaThread "Signal Dispatcher" daemon [_thread_blocked, id=16228, stack(0x0000000013990000,0x0000000013a90000)]
  0x00000000033cd000 JavaThread "Finalizer" daemon [_thread_blocked, id=11012, stack(0x0000000013890000,0x0000000013990000)]
  0x00000000033cb000 JavaThread "Reference Handler" daemon [_thread_blocked, id=17304, stack(0x0000000013790000,0x0000000013890000)]
  0x00000000032e7000 JavaThread "main" [_thread_in_Java, id=2864, stack(0x00000000031e0000,0x00000000032e0000)]

Other Threads:
  0x00000000033c5800 VMThread [stack: 0x0000000013690000,0x0000000013790000] [id=2760]
  0x0000000013644000 WatcherThread [stack: 0x0000000013f90000,0x0000000014090000] [id=18476]

VM state:not at safepoint (normal execution)

VM Mutex/Monitor currently owned by a thread: None

Heap:
 def new generation   total 1152K, used 1098K [0x00000000a2400000, 0x00000000a2540000, 0x00000000c1800000)
  eden space 1024K,  94% used [0x00000000a2400000, 0x00000000a24f2990, 0x00000000a2500000)
  from space 128K, 100% used [0x00000000a2500000, 0x00000000a2520000, 0x00000000a2520000)
  to   space 128K,   0% used [0x00000000a2520000, 0x00000000a2520000, 0x00000000a2540000)
 tenured generation   total 129792K, used 15794K [0x00000000c1800000, 0x00000000c96c0000, 0x0000000100000000)
   the space 129792K,  12% used [0x00000000c1800000, 0x00000000c276c828, 0x00000000c276ca00, 0x00000000c96c0000)
 Metaspace       used 9385K, capacity 9602K, committed 9856K, reserved 1058816K
  class space    used 1033K, capacity 1090K, committed 1152K, reserved 1048576K

Card table byte_map: [0x00000000127a0000,0x0000000012a90000] byte_map_base: 0x000000001228e000

Polling page: 0x0000000002fb0000

CodeCache: size=245760Kb used=4173Kb max_used=4214Kb free=241586Kb
 bounds [0x00000000033e0000, 0x0000000003810000, 0x00000000123e0000]
 total_blobs=1350 nmethods=1032 adapters=232
 compilation: enabled

Compilation events (10 events):
Event: 1.383 Thread 0x000000001358c000 1030       4       com.sun.org.apache.xerces.internal.util.SymbolTable::addSymbol (144 bytes)
Event: 1.384 Thread 0x000000001358f800 nmethod 1029 0x00000000037c25d0 code [0x00000000037c2700, 0x00000000037c2838]
Event: 1.384 Thread 0x000000001358f800 1032       4       com.sun.org.apache.xerces.internal.impl.XMLEntityScanner::scanQName (519 bytes)
Event: 1.385 Thread 0x0000000013591000 nmethod 1031 0x00000000037f4750 code [0x00000000037f4b80, 0x00000000037f75d8]
Event: 1.385 Thread 0x0000000013591000 1033       3       com.sun.org.apache.xerces.internal.impl.XMLEntityScanner::arrangeCapacity (226 bytes)
Event: 1.385 Thread 0x0000000013591000 nmethod 1033 0x00000000037f29d0 code [0x00000000037f2ba0, 0x00000000037f31f8]
Event: 1.386 Thread 0x0000000013591000 1036       3       com.sun.org.apache.xerces.internal.impl.XMLEntityScanner::skipString (104 bytes)
Event: 1.386 Thread 0x0000000013591000 nmethod 1036 0x00000000037f1e10 code [0x00000000037f1fc0, 0x00000000037f2618]
Event: 1.387 Thread 0x0000000013591000 1037       3       com.sun.org.apache.xerces.internal.impl.XMLDocumentFragmentScannerImpl::scanEndElement (167 bytes)
Event: 1.387 Thread 0x0000000013591000 nmethod 1037 0x00000000037e96d0 code [0x00000000037e9940, 0x00000000037ea848]

GC Heap History (10 events):
Event: 1.298 GC heap after
Heap after GC invocations=39 (full 0):
 def new generation   total 1152K, used 128K [0x00000000a2400000, 0x00000000a2540000, 0x00000000c1800000)
  eden space 1024K,   0% used [0x00000000a2400000, 0x00000000a2400000, 0x00000000a2500000)
  from space 128K, 100% used [0x00000000a2520000, 0x00000000a2540000, 0x00000000a2540000)
  to   space 128K,   0% used [0x00000000a2500000, 0x00000000a2500000, 0x00000000a2520000)
 tenured generation   total 129792K, used 9133K [0x00000000c1800000, 0x00000000c96c0000, 0x0000000100000000)
   the space 129792K,   7% used [0x00000000c1800000, 0x00000000c20eb5f8, 0x00000000c20eb600, 0x00000000c96c0000)
 Metaspace       used 9163K, capacity 9410K, committed 9600K, reserved 1058816K
  class space    used 1021K, capacity 1090K, committed 1152K, reserved 1048576K
}
Event: 1.310 GC heap before
{Heap before GC invocations=39 (full 0):
 def new generation   total 1152K, used 1152K [0x00000000a2400000, 0x00000000a2540000, 0x00000000c1800000)
  eden space 1024K, 100% used [0x00000000a2400000, 0x00000000a2500000, 0x00000000a2500000)
  from space 128K, 100% used [0x00000000a2520000, 0x00000000a2540000, 0x00000000a2540000)
  to   space 128K,   0% used [0x00000000a2500000, 0x00000000a2500000, 0x00000000a2520000)
 tenured generation   total 129792K, used 9133K [0x00000000c1800000, 0x00000000c96c0000, 0x0000000100000000)
   the space 129792K,   7% used [0x00000000c1800000, 0x00000000c20eb5f8, 0x00000000c20eb600, 0x00000000c96c0000)
 Metaspace       used 9215K, capacity 9410K, committed 9600K, reserved 1058816K
  class space    used 1023K, capacity 1090K, committed 1152K, reserved 1048576K
Event: 1.311 GC heap after
Heap after GC invocations=40 (full 0):
 def new generation   total 1152K, used 93K [0x00000000a2400000, 0x00000000a2540000, 0x00000000c1800000)
  eden space 1024K,   0% used [0x00000000a2400000, 0x00000000a2400000, 0x00000000a2500000)
  from space 128K,  72% used [0x00000000a2500000, 0x00000000a2517568, 0x00000000a2520000)
  to   space 128K,   0% used [0x00000000a2520000, 0x00000000a2520000, 0x00000000a2540000)
 tenured generation   total 129792K, used 9261K [0x00000000c1800000, 0x00000000c96c0000, 0x0000000100000000)
   the space 129792K,   7% used [0x00000000c1800000, 0x00000000c210b420, 0x00000000c210b600, 0x00000000c96c0000)
 Metaspace       used 9215K, capacity 9410K, committed 9600K, reserved 1058816K
  class space    used 1023K, capacity 1090K, committed 1152K, reserved 1048576K
}
Event: 1.327 GC heap before
{Heap before GC invocations=40 (full 0):
 def new generation   total 1152K, used 1117K [0x00000000a2400000, 0x00000000a2540000, 0x00000000c1800000)
  eden space 1024K, 100% used [0x00000000a2400000, 0x00000000a2500000, 0x00000000a2500000)
  from space 128K,  72% used [0x00000000a2500000, 0x00000000a2517568, 0x00000000a2520000)
  to   space 128K,   0% used [0x00000000a2520000, 0x00000000a2520000, 0x00000000a2540000)
 tenured generation   total 129792K, used 9261K [0x00000000c1800000, 0x00000000c96c0000, 0x0000000100000000)
   the space 129792K,   7% used [0x00000000c1800000, 0x00000000c210b420, 0x00000000c210b600, 0x00000000c96c0000)
 Metaspace       used 9293K, capacity 9474K, committed 9600K, reserved 1058816K
  class space    used 1031K, capacity 1090K, committed 1152K, reserved 1048576K
Event: 1.328 GC heap after
Heap after GC invocations=41 (full 0):
 def new generation   total 1152K, used 86K [0x00000000a2400000, 0x00000000a2540000, 0x00000000c1800000)
  eden space 1024K,   0% used [0x00000000a2400000, 0x00000000a2400000, 0x00000000a2500000)
  from space 128K,  67% used [0x00000000a2520000, 0x00000000a2535b78, 0x00000000a2540000)
  to   space 128K,   0% used [0x00000000a2500000, 0x00000000a2500000, 0x00000000a2520000)
 tenured generation   total 129792K, used 9315K [0x00000000c1800000, 0x00000000c96c0000, 0x0000000100000000)
   the space 129792K,   7% used [0x00000000c1800000, 0x00000000c2118cb8, 0x00000000c2118e00, 0x00000000c96c0000)
 Metaspace       used 9293K, capacity 9474K, committed 9600K, reserved 1058816K
  class space    used 1031K, capacity 1090K, committed 1152K, reserved 1048576K
}
Event: 1.349 GC heap before
{Heap before GC invocations=41 (full 0):
 def new generation   total 1152K, used 1110K [0x00000000a2400000, 0x00000000a2540000, 0x00000000c1800000)
  eden space 1024K, 100% used [0x00000000a2400000, 0x00000000a2500000, 0x00000000a2500000)
  from space 128K,  67% used [0x00000000a2520000, 0x00000000a2535b78, 0x00000000a2540000)
  to   space 128K,   0% used [0x00000000a2500000, 0x00000000a2500000, 0x00000000a2520000)
 tenured generation   total 129792K, used 9315K [0x00000000c1800000, 0x00000000c96c0000, 0x0000000100000000)
   the space 129792K,   7% used [0x00000000c1800000, 0x00000000c2118cb8, 0x00000000c2118e00, 0x00000000c96c0000)
 Metaspace       used 9345K, capacity 9602K, committed 9856K, reserved 1058816K
  class space    used 1033K, capacity 1090K, committed 1152K, reserved 1048576K
Event: 1.350 GC heap after
Heap after GC invocations=42 (full 0):
 def new generation   total 1152K, used 128K [0x00000000a2400000, 0x00000000a2540000, 0x00000000c1800000)
  eden space 1024K,   0% used [0x00000000a2400000, 0x00000000a2400000, 0x00000000a2500000)
  from space 128K, 100% used [0x00000000a2500000, 0x00000000a2520000, 0x00000000a2520000)
  to   space 128K,   0% used [0x00000000a2520000, 0x00000000a2520000, 0x00000000a2540000)
 tenured generation   total 129792K, used 9433K [0x00000000c1800000, 0x00000000c96c0000, 0x0000000100000000)
   the space 129792K,   7% used [0x00000000c1800000, 0x00000000c21366b0, 0x00000000c2136800, 0x00000000c96c0000)
 Metaspace       used 9345K, capacity 9602K, committed 9856K, reserved 1058816K
  class space    used 1033K, capacity 1090K, committed 1152K, reserved 1048576K
}
Event: 1.369 GC heap before
{Heap before GC invocations=42 (full 0):
 def new generation   total 1152K, used 1152K [0x00000000a2400000, 0x00000000a2540000, 0x00000000c1800000)
  eden space 1024K, 100% used [0x00000000a2400000, 0x00000000a2500000, 0x00000000a2500000)
  from space 128K, 100% used [0x00000000a2500000, 0x00000000a2520000, 0x00000000a2520000)
  to   space 128K,   0% used [0x00000000a2520000, 0x00000000a2520000, 0x00000000a2540000)
 tenured generation   total 129792K, used 9433K [0x00000000c1800000, 0x00000000c96c0000, 0x0000000100000000)
   the space 129792K,   7% used [0x00000000c1800000, 0x00000000c21366b0, 0x00000000c2136800, 0x00000000c96c0000)
 Metaspace       used 9374K, capacity 9602K, committed 9856K, reserved 1058816K
  class space    used 1033K, capacity 1090K, committed 1152K, reserved 1048576K
Event: 1.370 GC heap after
Heap after GC invocations=43 (full 0):
 def new generation   total 1152K, used 4K [0x00000000a2400000, 0x00000000a2540000, 0x00000000c1800000)
  eden space 1024K,   0% used [0x00000000a2400000, 0x00000000a2400000, 0x00000000a2500000)
  from space 128K,   3% used [0x00000000a2520000, 0x00000000a2521160, 0x00000000a2540000)
  to   space 128K,   0% used [0x00000000a2500000, 0x00000000a2500000, 0x00000000a2520000)
 tenured generation   total 129792K, used 9499K [0x00000000c1800000, 0x00000000c96c0000, 0x0000000100000000)
   the space 129792K,   7% used [0x00000000c1800000, 0x00000000c2146e38, 0x00000000c2147000, 0x00000000c96c0000)
 Metaspace       used 9374K, capacity 9602K, committed 9856K, reserved 1058816K
  class space    used 1033K, capacity 1090K, committed 1152K, reserved 1048576K
}
Event: 1.391 GC heap before
{Heap before GC invocations=43 (full 0):
 def new generation   total 1152K, used 1028K [0x00000000a2400000, 0x00000000a2540000, 0x00000000c1800000)
  eden space 1024K, 100% used [0x00000000a2400000, 0x00000000a2500000, 0x00000000a2500000)
  from space 128K,   3% used [0x00000000a2520000, 0x00000000a2521160, 0x00000000a2540000)
  to   space 128K,   0% used [0x00000000a2500000, 0x00000000a2500000, 0x00000000a2520000)
 tenured generation   total 129792K, used 9499K [0x00000000c1800000, 0x00000000c96c0000, 0x0000000100000000)
   the space 129792K,   7% used [0x00000000c1800000, 0x00000000c2146e38, 0x00000000c2147000, 0x00000000c96c0000)
 Metaspace       used 9381K, capacity 9602K, committed 9856K, reserved 1058816K
  class space    used 1033K, capacity 1090K, committed 1152K, reserved 1048576K

Deoptimization events (10 events):
Event: 0.980 Thread 0x00000000032e7000 Uncommon trap: reason=bimorphic action=maybe_recompile pc=0x000000000364c7ec method=java.util.regex.Pattern$Curly.match1(Ljava/util/regex/Matcher;IILjava/lang/CharSequence;)Z @ 8
Event: 0.980 Thread 0x00000000032e7000 Uncommon trap: reason=bimorphic action=maybe_recompile pc=0x000000000364c7ec method=java.util.regex.Pattern$Curly.match1(Ljava/util/regex/Matcher;IILjava/lang/CharSequence;)Z @ 8
Event: 0.981 Thread 0x00000000032e7000 Uncommon trap: reason=bimorphic action=maybe_recompile pc=0x000000000364c7ec method=java.util.regex.Pattern$Curly.match1(Ljava/util/regex/Matcher;IILjava/lang/CharSequence;)Z @ 8
Event: 0.981 Thread 0x00000000032e7000 Uncommon trap: reason=bimorphic action=maybe_recompile pc=0x000000000364c7ec method=java.util.regex.Pattern$Curly.match1(Ljava/util/regex/Matcher;IILjava/lang/CharSequence;)Z @ 8
Event: 0.995 Thread 0x00000000032e7000 Uncommon trap: reason=bimorphic action=maybe_recompile pc=0x000000000367e6cc method=java.util.regex.Pattern$Start.match(Ljava/util/regex/Matcher;ILjava/lang/CharSequence;)Z @ 44
Event: 0.995 Thread 0x00000000032e7000 Uncommon trap: reason=bimorphic action=maybe_recompile pc=0x000000000367e6cc method=java.util.regex.Pattern$Start.match(Ljava/util/regex/Matcher;ILjava/lang/CharSequence;)Z @ 44
Event: 0.995 Thread 0x00000000032e7000 Uncommon trap: reason=bimorphic action=maybe_recompile pc=0x000000000367e6cc method=java.util.regex.Pattern$Start.match(Ljava/util/regex/Matcher;ILjava/lang/CharSequence;)Z @ 44
Event: 1.041 Thread 0x00000000032e7000 Uncommon trap: reason=bimorphic action=maybe_recompile pc=0x00000000036596a8 method=java.util.regex.Pattern$Slice.match(Ljava/util/regex/Matcher;ILjava/lang/CharSequence;)Z @ 75
Event: 1.041 Thread 0x00000000032e7000 Uncommon trap: reason=bimorphic action=maybe_recompile pc=0x000000000367e6cc method=java.util.regex.Pattern$Start.match(Ljava/util/regex/Matcher;ILjava/lang/CharSequence;)Z @ 44
Event: 1.341 Thread 0x00000000032e7000 Uncommon trap: reason=unloaded action=reinterpret pc=0x00000000035b865c method=java.lang.CharacterData.of(I)Ljava/lang/CharacterData; @ 96

Internal exceptions (10 events):
Event: 1.280 Thread 0x00000000032e7000 Exception <a 'java/security/PrivilegedActionException'> (0x00000000a24a0250) thrown at [D:\re\workspace\8-2-build-windows-amd64-cygwin\jdk8u5\2488\hotspot\src\share\vm\prims\jvm.cpp, line 1248]
Event: 1.286 Thread 0x00000000032e7000 Exception <a 'java/security/PrivilegedActionException'> (0x00000000a24c91f8) thrown at [D:\re\workspace\8-2-build-windows-amd64-cygwin\jdk8u5\2488\hotspot\src\share\vm\prims\jvm.cpp, line 1248]
Event: 1.286 Thread 0x00000000032e7000 Exception <a 'java/security/PrivilegedActionException'> (0x00000000a24cf2b8) thrown at [D:\re\workspace\8-2-build-windows-amd64-cygwin\jdk8u5\2488\hotspot\src\share\vm\prims\jvm.cpp, line 1248]
Event: 1.297 Thread 0x00000000032e7000 Exception <a 'java/security/PrivilegedActionException'> (0x00000000a24fd070) thrown at [D:\re\workspace\8-2-build-windows-amd64-cygwin\jdk8u5\2488\hotspot\src\share\vm\prims\jvm.cpp, line 1248]
Event: 1.300 Thread 0x00000000032e7000 Exception <a 'java/security/PrivilegedActionException'> (0x00000000a2417c98) thrown at [D:\re\workspace\8-2-build-windows-amd64-cygwin\jdk8u5\2488\hotspot\src\share\vm\prims\jvm.cpp, line 1248]
Event: 1.300 Thread 0x00000000032e7000 Exception <a 'java/security/PrivilegedActionException'> (0x00000000a2423430) thrown at [D:\re\workspace\8-2-build-windows-amd64-cygwin\jdk8u5\2488\hotspot\src\share\vm\prims\jvm.cpp, line 1248]
Event: 1.317 Thread 0x00000000032e7000 Exception <a 'java/security/PrivilegedActionException'> (0x00000000a2499640) thrown at [D:\re\workspace\8-2-build-windows-amd64-cygwin\jdk8u5\2488\hotspot\src\share\vm\prims\jvm.cpp, line 1248]
Event: 1.322 Thread 0x00000000032e7000 Exception <a 'java/security/PrivilegedActionException'> (0x00000000a24c3f40) thrown at [D:\re\workspace\8-2-build-windows-amd64-cygwin\jdk8u5\2488\hotspot\src\share\vm\prims\jvm.cpp, line 1248]
Event: 1.323 Thread 0x00000000032e7000 Exception <a 'java/security/PrivilegedActionException'> (0x00000000a24cc390) thrown at [D:\re\workspace\8-2-build-windows-amd64-cygwin\jdk8u5\2488\hotspot\src\share\vm\prims\jvm.cpp, line 1248]
Event: 1.344 Thread 0x00000000032e7000 Exception <a 'java/security/PrivilegedActionException'> (0x00000000a24bb5c8) thrown at [D:\re\workspace\8-2-build-windows-amd64-cygwin\jdk8u5\2488\hotspot\src\share\vm\prims\jvm.cpp, line 1248]

Events (10 events):
Event: 1.341 Executing VM operation: Deoptimize done
Event: 1.342 Thread 0x00000000032e7000 DEOPT PACKING pc=0x00000000035b865c sp=0x00000000032de610
Event: 1.342 Thread 0x00000000032e7000 DEOPT UNPACKING pc=0x00000000034255af sp=0x00000000032de508 mode 2
Event: 1.344 loading class com/altera/utilities/AltFileTraverser$PathAndPattern
Event: 1.344 loading class com/altera/utilities/AltFileTraverser$PathAndPattern done
Event: 1.349 Executing VM operation: GenCollectForAllocation
Event: 1.350 Executing VM operation: GenCollectForAllocation done
Event: 1.369 Executing VM operation: GenCollectForAllocation
Event: 1.370 Executing VM operation: GenCollectForAllocation done
Event: 1.390 Executing VM operation: GenCollectForAllocation


Dynamic libraries:
0x00007ff651890000 - 0x00007ff6518c4000 	D:\intelfpga\18.0\quartus\bin64\jre64\bin\java.exe
0x00007ff8a8690000 - 0x00007ff8a8885000 	C:\WINDOWS\SYSTEM32\ntdll.dll
0x00007ff8a81b0000 - 0x00007ff8a826d000 	C:\WINDOWS\System32\KERNEL32.DLL
0x00007ff8a61a0000 - 0x00007ff8a6467000 	C:\WINDOWS\System32\KERNELBASE.dll
0x00007ff8a83d0000 - 0x00007ff8a847a000 	C:\WINDOWS\System32\ADVAPI32.dll
0x00007ff8a85b0000 - 0x00007ff8a864e000 	C:\WINDOWS\System32\msvcrt.dll
0x00007ff8a66f0000 - 0x00007ff8a678b000 	C:\WINDOWS\System32\sechost.dll
0x00007ff8a8480000 - 0x00007ff8a85a4000 	C:\WINDOWS\System32\RPCRT4.dll
0x00007ff8a7900000 - 0x00007ff8a7aa0000 	C:\WINDOWS\System32\USER32.dll
0x00007ff8a5e30000 - 0x00007ff8a5e52000 	C:\WINDOWS\System32\win32u.dll
0x00007ff8a6e40000 - 0x00007ff8a6e6a000 	C:\WINDOWS\System32\GDI32.dll
0x00007ff8a6090000 - 0x00007ff8a6199000 	C:\WINDOWS\System32\gdi32full.dll
0x00007ff8a64a0000 - 0x00007ff8a653d000 	C:\WINDOWS\System32\msvcp_win.dll
0x00007ff8a5e60000 - 0x00007ff8a5f60000 	C:\WINDOWS\System32\ucrtbase.dll
0x00007ff89eeb0000 - 0x00007ff89f14b000 	C:\WINDOWS\WinSxS\amd64_microsoft.windows.common-controls_6595b64144ccf1df_6.0.19041.488_none_ca04af081b815d21\COMCTL32.dll
0x00007ff8a8180000 - 0x00007ff8a81b0000 	C:\WINDOWS\System32\IMM32.DLL
0x00000000504b0000 - 0x0000000050582000 	D:\intelfpga\18.0\quartus\bin64\jre64\bin\msvcr100.dll
0x0000000077580000 - 0x0000000077daa000 	D:\intelfpga\18.0\quartus\bin64\jre64\bin\server\jvm.dll
0x00007ff8a83b0000 - 0x00007ff8a83b8000 	C:\WINDOWS\System32\PSAPI.DLL
0x00007ff89f150000 - 0x00007ff89f177000 	C:\WINDOWS\SYSTEM32\WINMM.dll
0x00007ff886130000 - 0x00007ff886139000 	C:\WINDOWS\SYSTEM32\WSOCK32.dll
0x00007ff8a8270000 - 0x00007ff8a82db000 	C:\WINDOWS\System32\WS2_32.dll
0x00000000502b0000 - 0x00000000502bf000 	D:\intelfpga\18.0\quartus\bin64\jre64\bin\verify.dll
0x0000000050280000 - 0x00000000502a8000 	D:\intelfpga\18.0\quartus\bin64\jre64\bin\java.dll
0x0000000050260000 - 0x0000000050276000 	D:\intelfpga\18.0\quartus\bin64\jre64\bin\zip.dll
0x00007ff8a7070000 - 0x00007ff8a77b1000 	C:\WINDOWS\System32\SHELL32.dll
0x00007ff8a3f50000 - 0x00007ff8a46e3000 	C:\WINDOWS\SYSTEM32\windows.storage.dll
0x00007ff8a7b90000 - 0x00007ff8a7ee5000 	C:\WINDOWS\System32\combase.dll
0x00007ff8a5840000 - 0x00007ff8a586c000 	C:\WINDOWS\SYSTEM32\Wldp.dll
0x00007ff8a6790000 - 0x00007ff8a683e000 	C:\WINDOWS\System32\SHCORE.dll
0x00007ff8a78a0000 - 0x00007ff8a78f5000 	C:\WINDOWS\System32\shlwapi.dll
0x00007ff8a5d00000 - 0x00007ff8a5d26000 	C:\WINDOWS\SYSTEM32\profapi.dll
0x00007ff8a57a0000 - 0x00007ff8a57b8000 	C:\WINDOWS\SYSTEM32\CRYPTSP.dll
0x00007ff8a4ee0000 - 0x00007ff8a4f14000 	C:\WINDOWS\system32\rsaenh.dll
0x00007ff8a6470000 - 0x00007ff8a6497000 	C:\WINDOWS\System32\bcrypt.dll
0x00007ff8a5cc0000 - 0x00007ff8a5cee000 	C:\WINDOWS\SYSTEM32\USERENV.dll
0x00007ff8a5f60000 - 0x00007ff8a5fdf000 	C:\WINDOWS\System32\bcryptprimitives.dll
0x00007ff8a5790000 - 0x00007ff8a579c000 	C:\WINDOWS\SYSTEM32\CRYPTBASE.dll
0x0000000050240000 - 0x000000005025a000 	D:\intelFPGA\18.0\quartus\bin64\jre64\bin\net.dll
0x00007ff8a55c0000 - 0x00007ff8a562a000 	C:\WINDOWS\system32\mswsock.dll
0x00007ff8a5260000 - 0x00007ff8a529b000 	C:\WINDOWS\SYSTEM32\IPHLPAPI.DLL
0x00007ff8a83c0000 - 0x00007ff8a83c9000 	C:\WINDOWS\System32\NSI.dll
0x00007ff8a0c90000 - 0x00007ff8a0ca7000 	C:\WINDOWS\SYSTEM32\dhcpcsvc6.DLL
0x00007ff8a0400000 - 0x00007ff8a041d000 	C:\WINDOWS\SYSTEM32\dhcpcsvc.DLL
0x00007ff8a52b0000 - 0x00007ff8a537b000 	C:\WINDOWS\SYSTEM32\DNSAPI.dll
0x0000000050220000 - 0x0000000050231000 	D:\intelFPGA\18.0\quartus\bin64\jre64\bin\nio.dll
0x00007ff886ba0000 - 0x00007ff886ba6000 	D:\intelFPGA\18.0\quartus\bin64\sld_utiljni.dll
0x00007ff898c20000 - 0x00007ff898d0f000 	D:\intelFPGA\18.0\quartus\bin64\MSVCR120.dll
0x0000000051b80000 - 0x0000000051d07000 	D:\intelFPGA\18.0\quartus\bin64\tcl86.dll
0x00007ff8997a0000 - 0x00007ff8997b8000 	C:\WINDOWS\SYSTEM32\NETAPI32.dll
0x00007ff8a52a0000 - 0x00007ff8a52ac000 	C:\WINDOWS\SYSTEM32\NETUTILS.DLL
0x00007ff89fd60000 - 0x00007ff89fd79000 	C:\WINDOWS\SYSTEM32\SAMCLI.DLL
0x00007ff8a53d0000 - 0x00007ff8a5412000 	C:\WINDOWS\SYSTEM32\LOGONCLI.DLL
0x00007ff889360000 - 0x00007ff889420000 	D:\intelFPGA\18.0\quartus\bin64\ccl_sqlite3.dll
0x00007ff886760000 - 0x00007ff886770000 	D:\intelFPGA\18.0\quartus\bin64\ccl_sqlite3_jdbc_jni_bridge.dll
0x00007ff891540000 - 0x00007ff8916c8000 	D:\intelFPGA\18.0\quartus\bin64\dbghelp.dll

VM Arguments:
jvm_args: -Xmx1500M -XX:+UseSerialGC 
java_command: com.altera.sopcmodel.sbtools.sbgenerate.SbGenerate --output-directory=K:/work/tr/SOFT_work/FPGA/v3_10m50da/db/ip/sldcae26b15/ --project-directory=K:/work/tr/SOFT_work/FPGA/v3_10m50da/ --file-set=QUARTUS_SYNTH --system-info=DEVICE_FAMILY=MAX 10 --report-file=xml:K:/work/tr/SOFT_work/FPGA/v3_10m50da/db/ip/sldcae26b15/alt_sld_fab__report.xml --report-file=html:K:/work/tr/SOFT_work/FPGA/v3_10m50da/db/ip/sldcae26b15/alt_sld_fab__report.html --component-name=alt_sld_fab --component-file=./db/ip/sldcae26b15/alt_sld_fab_wrapper_hw.tcl --report-file=sopcinfo:K:/work/tr/SOFT_work/FPGA/v3_10m50da/db/ip/sldcae26b15/alt_sld_fab.sopcinfo --report-file=qip:K:/work/tr/SOFT_work/FPGA/v3_10m50da/db/ip/sldcae26b15/alt_sld_fab.qip --remove-qsys-generate-warning
java_class_path (initial): D:/intelfpga/18.0/quartus/sopc_builder/model/lib\Nlview.jar;D:/intelfpga/18.0/quartus/sopc_builder/model/lib\QuickServer.jar;D:/intelfpga/18.0/quartus/sopc_builder/model/lib\TableLayout.jar;D:/intelfpga/18.0/quartus/sopc_builder/model/lib\appframework-1.03.jar;D:/intelfpga/18.0/quartus/sopc_builder/model/lib\asm-3.1.jar;D:/intelfpga/18.0/quartus/sopc_builder/model/lib\asm-commons-3.1.jar;D:/intelfpga/18.0/quartus/sopc_builder/model/lib\basicmodel.jar;D:/intelfpga/18.0/quartus/sopc_builder/model/lib\beansbinding-1.2.1.jar;D:/intelfpga/18.0/quartus/sopc_builder/model/lib\binding-2.0.6.jar;D:/intelfpga/18.0/quartus/sopc_builder/model/lib\com.altera.componenteditor2.jar;D:/intelfpga/18.0/quartus/sopc_builder/model/lib\com.altera.embeddedsw.app_lib.jar;D:/intelfpga/18.0/quartus/sopc_builder/model/lib\com.altera.embeddedsw.bsp.editor.jar;D:/intelfpga/18.0/quartus/sopc_builder/model/lib\com.altera.embeddedsw.bsp.elements.jar;D:/intelfpga/18.0/quartus/sopc_builder/model/lib\com.altera.embeddedsw.bsp.jar;D:/intelfpga/18.0/quartus/sopc_builder/model/lib\com.altera.embeddedsw.bsp.plugin.core.jar;D:/intelfpga/18.0/quartus/sopc_builder/model/lib\com.altera.embeddedsw.bsp.plugin.hal.jar;D:/intelfpga/18.0/quartus/sopc_builder/model/lib\com.altera.embeddedsw.bsp.plugin.lwhal.jar;D:/intelfpga/18.0/quartus/sopc_builder/model/lib\com.altera.embeddedsw.bsp.schema.jar;D:/intelfpga/18.0/quartus/sopc_builder/model/lib\com.altera.embeddedsw.bsp.scripting.jar;D:/intelfpga/18.0/quartus/sopc_builder/model/lib\com.altera.embeddedsw.commandline.jar;D:/intelfpga/18.0/quartus/sopc_builder/model/lib\com.altera.embeddedsw.cpexample.jar;D:/intelfpga/18.0/quartus/sopc_builder/model/lib\com.altera.embeddedsw.flash.jar;D:/intelfpga/18.0/quartus/sopc_builder/model/lib\com.altera.embeddedsw.launch.jar;D:/intelfpga/18.0/quartus/sopc_builder/model/lib\com.altera.embeddedsw.swinfo.jar;D:/intelfpga/18.0/quartus/sopc_builder/model/lib\com.altera.embeddedsw.utilities.jar;D:/intelfp
Launcher Type: SUN_STANDARD

Environment Variables:
PATH=D:/intelfpga/18.0/quartus/bin64;d:\intelfpga\18.0\quartus\bin64\;d:\intelfpga\18.0\quartus\bin64\;D:\Program Files (x86)\VMware\VMware Workstation\bin\;C:\Users\Кошлики\Pyton 3.9.2\Scripts\;C:\Users\Кошлики\Pyton 3.9.2\;d:\VulkanSDK\1.2.154.1\Bin;C:\Program Files (x86)\Common Files\Intel\Shared Libraries\redist\intel64_win\compiler;C:\Program Files (x86)\NVIDIA Corporation\PhysX\Common;C:\Program Files (x86)\Common Files\Oracle\Java\javapath;C:\Program Files (x86)\Python38-32\Scripts\;C:\Program Files (x86)\Python38-32\;C:\WINDOWS\system32;C:\WINDOWS;C:\WINDOWS\System32\Wbem;C:\WINDOWS\System32\WindowsPowerShell\v1.0\;C:\WINDOWS\System32\OpenSSH\;C:\Program Files (x86)\dotnet\;E:\Program Files\matlab2017\bin;C:\Program Files\dotnet\;C:\Program Files\Microsoft SQL Server\130\Tools\Binn\;C:\Program Files\Microsoft SQL Server\Client SDK\ODBC\170\Tools\Binn\;C:\Program Files (x86)\IVI Foundation\VISA\WinNT\Bin;E:\Program Files (x86)\P-CAD 2006 Viewer\;C:\Program Files (x86)\Windows Kits\8.1\Windows Performance Toolkit\;C:\Program Files\Microsoft SQL Server\110\Tools\Binn\;C:\Program Files (x86)\Common Files\Autodesk Shared\;D:\Program Files\PuTTY\;E:\MSV\python374\Scripts\;E:\MSV\python374\;C:\Users\slash\AppData\Local\Microsoft\WindowsApps;;E:\MSV\Microsoft VS Code\bin;e:\Program Files\JetBrains\PyCharm Community Edition 2019.2.3\bin;
USERNAME=slash
OS=Windows_NT
PROCESSOR_IDENTIFIER=Intel64 Family 6 Model 58 Stepping 9, GenuineIntel



---------------  S Y S T E M  ---------------

OS: Windows 8.1 , 64 bit Build 9600 

CPU:total 4 (4 cores per cpu, 1 threads per core) family 6 model 58 stepping 9, cmov, cx8, fxsr, mmx, sse, sse2, sse3, ssse3, sse4.1, sse4.2, popcnt, avx, aes, clmul, erms, tsc, tscinvbit

Memory: 4k page, physical 8349652k(920376k free), swap 8349652k(7280k free)

vm_info: Java HotSpot(TM) 64-Bit Server VM (25.5-b02) for windows-amd64 JRE (1.8.0_05-b13), built on Mar 18 2014 01:08:39 by "java_re" with MS VC++ 10.0 (VS2010)

time: Thu May 13 22:52:01 2021
elapsed time: 1 seconds

