#
# A fatal error has been detected by the Java Runtime Environment:
#
#  EXCEPTION_ACCESS_VIOLATION (0xc0000005) at pc=0x00007ff898c5c963, pid=660, tid=13180
#
# JRE version: Java(TM) SE Runtime Environment (8.0_05-b13) (build 1.8.0_05-b13)
# Java VM: Java HotSpot(TM) 64-Bit Server VM (25.5-b02 mixed mode windows-amd64 compressed oops)
# Problematic frame:
# C  [MSVCR120.dll+0x3c963]
#
# Failed to write core dump. Minidumps are not enabled by default on client versions of Windows
#
# If you would like to submit a bug report, please visit:
#   http://bugreport.sun.com/bugreport/crash.jsp
# The crash happened outside the Java Virtual Machine in native code.
# See problematic frame for where to report the bug.
#

---------------  T H R E A D  ---------------

Current thread (0x0000000002c37000):  JavaThread "main" [_thread_in_native, id=13180, stack(0x0000000002b30000,0x0000000002c30000)]

siginfo: ExceptionCode=0xc0000005, writing address 0x0000000000000000

Registers:
RAX=0x0000000000000000, RBX=0x0000000000000000, RCX=0x00000000044c0558, RDX=0x0000000000000000
RSP=0x0000000002c2e6c0, RBP=0x0000000017304110, RSI=0x000000001724e170, RDI=0x0000000000000000
R8 =0x00000000044c0558, R9 =0x0000000002c2e678, R10=0x0000000000000017, R11=0x0000000000000000
R12=0x0000000002c2e850, R13=0x0000000000000000, R14=0x0000000000000001, R15=0x00007ff854baf33c
RIP=0x00007ff898c5c963, EFLAGS=0x0000000000010207

Top of Stack: (sp=0x0000000002c2e6c0)
0x0000000002c2e6c0:   0000000000000000 00007ff854bad355
0x0000000002c2e6d0:   0000000000000000 00000000044c0558
0x0000000002c2e6e0:   00007ff854ce9530 0000000000000000
0x0000000002c2e6f0:   0000000000000001 00007ff854bab3f0
0x0000000002c2e700:   0000000000000000 0000000017304110
0x0000000002c2e710:   000000001724e170 0000000000000000
0x0000000002c2e720:   00007ff898cfc500 00007ff854babcd7
0x0000000002c2e730:   00007ff898cfc500 000000001724e170
0x0000000002c2e740:   000300062f9c138b 0000000013eb1b00
0x0000000002c2e750:   00007ff854baf334 0000000013eb1b20
0x0000000002c2e760:   0000000017304630 00007ff854ba8a40
0x0000000002c2e770:   0000000002c2e860 00007ff898cfc500
0x0000000002c2e780:   0000000000000000 0000000017304630
0x0000000002c2e790:   00007ff854baf32c 00007ff854baf334
0x0000000002c2e7a0:   0000000013eb1b20 0000000002c2eca0
0x0000000002c2e7b0:   81b600000000000a 0000000000000001 

Instructions: (pc=0x00007ff898c5c963)
0x00007ff898c5c943:   0f b6 d2 49 83 f8 10 0f 82 5c 01 00 00 0f ba 25
0x00007ff898c5c953:   00 4e 0a 00 01 73 0e 57 48 8b f9 8b c2 49 8b c8
0x00007ff898c5c963:   f3 aa 5f eb 6d 49 b9 01 01 01 01 01 01 01 01 49
0x00007ff898c5c973:   0f af d1 0f ba 25 da 4d 0a 00 02 0f 82 9c 00 00 


Register to memory mapping:

RAX=0x0000000000000000 is an unknown value
RBX=0x0000000000000000 is an unknown value
RCX=0x00000000044c0558 is an unknown value
RDX=0x0000000000000000 is an unknown value
RSP=0x0000000002c2e6c0 is pointing into the stack for thread: 0x0000000002c37000
RBP=0x0000000017304110 is an unknown value
RSI=0x000000001724e170 is an unknown value
RDI=0x0000000000000000 is an unknown value
R8 =0x00000000044c0558 is an unknown value
R9 =0x0000000002c2e678 is pointing into the stack for thread: 0x0000000002c37000
R10=0x0000000000000017 is an unknown value
R11=0x0000000000000000 is an unknown value
R12=0x0000000002c2e850 is pointing into the stack for thread: 0x0000000002c37000
R13=0x0000000000000000 is an unknown value
R14=0x0000000000000001 is an unknown value
R15=0x00007ff854baf33c is an unknown value


Stack: [0x0000000002b30000,0x0000000002c30000],  sp=0x0000000002c2e6c0,  free space=1017k
Native frames: (J=compiled Java code, j=interpreted, Vv=VM code, C=native code)
C  [MSVCR120.dll+0x3c963]

Java frames: (J=compiled Java code, j=interpreted, Vv=VM code)
j  com.altera.utilities.FileUtilities.read1(Ljava/lang/String;)Lcom/altera/utilities/FileUtilities$FileContents;+0
j  com.altera.utilities.FileUtilities.readFile(Ljava/io/File;)Lcom/altera/utilities/FileUtilities$FileContents;+70
j  com.altera.sopcmodel.components.tclmodule.LiveModuleTclInterpreter.tclToCatalogCards(Ljava/lang/String;Lcom/altera/librarianinterfaces/ILibrarian;Lcom/altera/entityinterfaces/message/IMessageLogger;)Ljava/util/List;+60
j  com.altera.sopcmodel.components.tclmodule.TclModuleFactory.analyzeToCatalogCards(Ljava/io/File;Lcom/altera/entityinterfaces/message/IMessageLogger;)Ljava/util/List;+20
j  com.altera.sopcmodel.components.tclmodule.TclModuleFactory.analyseFile(Ljava/io/File;Lcom/altera/entityinterfaces/message/IMessageLogger;)Ljava/util/List;+3
j  com.altera.sopcmodel.components.tclmodule.TclModuleFactory.analyseFile(Ljava/io/File;Lcom/altera/entityinterfaces/message/IMessageLogger;)Ljava/util/Collection;+3
j  com.altera.sopclibrary.conan.Analyzer.analyzeOneFile(Lcom/altera/sopclibrary/conan/Analyzer$IAnalyzerResults;Ljava/util/Map;Lcom/altera/entityinterfaces/message/IMessageLogger;Ljava/lang/String;Z)I+315
j  com.altera.sopclibrary.conan.Conan.analyse(Ljava/io/File;ZLcom/altera/entityinterfaces/message/IMessageLogger;)Ljava/util/List;+48
j  com.altera.sopcmodel.sbtools.shared.SbModuleInstanceBase.getCardFromComponentFile(Lcom/altera/entityinterfaces/message/IMessageLogger;)Lcom/altera/librarianinterfaces/ICatalogCard;+48
j  com.altera.sopcmodel.sbtools.shared.SbModuleInstanceBase.setupComponentModule(Lcom/altera/entityinterfaces/message/IMessageLogger;)V+14
j  com.altera.sopcmodel.sbtools.shared.SbModuleInstanceBase.act()I+70
j  com.altera.sopcmodel.sbtools.sbgenerate.SbGenerate.act()I+31
j  com.altera.utilities.AltCmdLineToolBase.runTheTool([Ljava/lang/String;)I+38
j  com.altera.sopcmodel.sbtools.sbgenerate.SbGenerate.main([Ljava/lang/String;)V+54
v  ~StubRoutines::call_stub

---------------  P R O C E S S  ---------------

Java Threads: ( => current thread )
  0x0000000012f4a800 JavaThread "Service Thread" daemon [_thread_blocked, id=9288, stack(0x00000000137e0000,0x00000000138e0000)]
  0x0000000012ee5000 JavaThread "C1 CompilerThread2" daemon [_thread_blocked, id=8652, stack(0x00000000136e0000,0x00000000137e0000)]
  0x0000000012ede800 JavaThread "C2 CompilerThread1" daemon [_thread_blocked, id=10276, stack(0x00000000135e0000,0x00000000136e0000)]
  0x0000000012edb000 JavaThread "C2 CompilerThread0" daemon [_thread_blocked, id=11344, stack(0x00000000134e0000,0x00000000135e0000)]
  0x0000000012ed9800 JavaThread "Attach Listener" daemon [_thread_blocked, id=18832, stack(0x00000000133e0000,0x00000000134e0000)]
  0x0000000012ed7000 JavaThread "Signal Dispatcher" daemon [_thread_blocked, id=7576, stack(0x00000000132e0000,0x00000000133e0000)]
  0x0000000002d22800 JavaThread "Finalizer" daemon [_thread_blocked, id=16500, stack(0x00000000131e0000,0x00000000132e0000)]
  0x0000000002d1b000 JavaThread "Reference Handler" daemon [_thread_blocked, id=15832, stack(0x00000000130e0000,0x00000000131e0000)]
=>0x0000000002c37000 JavaThread "main" [_thread_in_native, id=13180, stack(0x0000000002b30000,0x0000000002c30000)]

Other Threads:
  0x0000000002d15800 VMThread [stack: 0x0000000012fe0000,0x00000000130e0000] [id=2448]
  0x0000000012f8e000 WatcherThread [stack: 0x00000000138e0000,0x00000000139e0000] [id=18292]

VM state:not at safepoint (normal execution)

VM Mutex/Monitor currently owned by a thread: None

Heap:
 def new generation   total 1152K, used 775K [0x00000000a2400000, 0x00000000a2540000, 0x00000000c1800000)
  eden space 1024K,  65% used [0x00000000a2400000, 0x00000000a24a7a38, 0x00000000a2500000)
  from space 128K,  81% used [0x00000000a2500000, 0x00000000a251a2f8, 0x00000000a2520000)
  to   space 128K,   0% used [0x00000000a2520000, 0x00000000a2520000, 0x00000000a2540000)
 tenured generation   total 129792K, used 50999K [0x00000000c1800000, 0x00000000c96c0000, 0x0000000100000000)
   the space 129792K,  39% used [0x00000000c1800000, 0x00000000c49cdc30, 0x00000000c49cde00, 0x00000000c96c0000)
 Metaspace       used 13713K, capacity 14000K, committed 14208K, reserved 1062912K
  class space    used 1550K, capacity 1654K, committed 1664K, reserved 1048576K

Card table byte_map: [0x00000000120f0000,0x00000000123e0000] byte_map_base: 0x0000000011bde000

Polling page: 0x0000000001130000

CodeCache: size=245760Kb used=10415Kb max_used=10421Kb free=235344Kb
 bounds [0x0000000002d30000, 0x0000000003770000, 0x0000000011d30000]
 total_blobs=3238 nmethods=2888 adapters=263
 compilation: enabled

Compilation events (10 events):
Event: 5.583 Thread 0x0000000012ee5000 3371       3       com.altera.sopclibrary.conan.Catalog$CatalogCardSorter::compare (13 bytes)
Event: 5.583 Thread 0x0000000012ee5000 nmethod 3371 0x000000000375ab50 code [0x000000000375acc0, 0x000000000375b048]
Event: 5.583 Thread 0x0000000012ee5000 3372       3       com.altera.sopclibrary.conan.Catalog$CatalogCardSorter::compare (223 bytes)
Event: 5.584 Thread 0x0000000012ede800 3373   !   4       java.util.ArrayList$ListItr::set (45 bytes)
Event: 5.584 Thread 0x0000000012ee5000 nmethod 3372 0x0000000003763510 code [0x00000000037637e0, 0x0000000003765038]
Event: 5.584 Thread 0x0000000012ee5000 3374       3       org.apache.commons.lang3.StringUtils::isBlank (47 bytes)
Event: 5.584 Thread 0x0000000012ee5000 nmethod 3374 0x0000000003762b10 code [0x0000000003762cc0, 0x00000000037632b8]
Event: 5.584 Thread 0x0000000012ee5000 3375       3       com.altera.sopcmodel.util.CatalogCard::getTag2 (14 bytes)
Event: 5.585 Thread 0x0000000012ee5000 nmethod 3375 0x00000000037625d0 code [0x0000000003762740, 0x0000000003762a48]
Event: 5.585 Thread 0x0000000012ede800 nmethod 3373 0x000000000376ad90 code [0x000000000376aee0, 0x000000000376b058]

GC Heap History (10 events):
Event: 5.562 GC heap before
{Heap before GC invocations=569 (full 0):
 def new generation   total 1152K, used 1143K [0x00000000a2400000, 0x00000000a2540000, 0x00000000c1800000)
  eden space 1024K, 100% used [0x00000000a2400000, 0x00000000a2500000, 0x00000000a2500000)
  from space 128K,  93% used [0x00000000a2520000, 0x00000000a253dd08, 0x00000000a2540000)
  to   space 128K,   0% used [0x00000000a2500000, 0x00000000a2500000, 0x00000000a2520000)
 tenured generation   total 129792K, used 50730K [0x00000000c1800000, 0x00000000c96c0000, 0x0000000100000000)
   the space 129792K,  39% used [0x00000000c1800000, 0x00000000c498aae8, 0x00000000c498ac00, 0x00000000c96c0000)
 Metaspace       used 13456K, capacity 13742K, committed 13952K, reserved 1060864K
  class space    used 1525K, capacity 1588K, committed 1664K, reserved 1048576K
Event: 5.563 GC heap after
Heap after GC invocations=570 (full 0):
 def new generation   total 1152K, used 70K [0x00000000a2400000, 0x00000000a2540000, 0x00000000c1800000)
  eden space 1024K,   0% used [0x00000000a2400000, 0x00000000a2400000, 0x00000000a2500000)
  from space 128K,  55% used [0x00000000a2500000, 0x00000000a2511bc8, 0x00000000a2520000)
  to   space 128K,   0% used [0x00000000a2520000, 0x00000000a2520000, 0x00000000a2540000)
 tenured generation   total 129792K, used 50798K [0x00000000c1800000, 0x00000000c96c0000, 0x0000000100000000)
   the space 129792K,  39% used [0x00000000c1800000, 0x00000000c499bb58, 0x00000000c499bc00, 0x00000000c96c0000)
 Metaspace       used 13456K, capacity 13742K, committed 13952K, reserved 1060864K
  class space    used 1525K, capacity 1588K, committed 1664K, reserved 1048576K
}
Event: 5.569 GC heap before
{Heap before GC invocations=570 (full 0):
 def new generation   total 1152K, used 1094K [0x00000000a2400000, 0x00000000a2540000, 0x00000000c1800000)
  eden space 1024K, 100% used [0x00000000a2400000, 0x00000000a2500000, 0x00000000a2500000)
  from space 128K,  55% used [0x00000000a2500000, 0x00000000a2511bc8, 0x00000000a2520000)
  to   space 128K,   0% used [0x00000000a2520000, 0x00000000a2520000, 0x00000000a2540000)
 tenured generation   total 129792K, used 50798K [0x00000000c1800000, 0x00000000c96c0000, 0x0000000100000000)
   the space 129792K,  39% used [0x00000000c1800000, 0x00000000c499bb58, 0x00000000c499bc00, 0x00000000c96c0000)
 Metaspace       used 13456K, capacity 13742K, committed 13952K, reserved 1060864K
  class space    used 1525K, capacity 1588K, committed 1664K, reserved 1048576K
Event: 5.570 GC heap after
Heap after GC invocations=571 (full 0):
 def new generation   total 1152K, used 128K [0x00000000a2400000, 0x00000000a2540000, 0x00000000c1800000)
  eden space 1024K,   0% used [0x00000000a2400000, 0x00000000a2400000, 0x00000000a2500000)
  from space 128K, 100% used [0x00000000a2520000, 0x00000000a2540000, 0x00000000a2540000)
  to   space 128K,   0% used [0x00000000a2500000, 0x00000000a2500000, 0x00000000a2520000)
 tenured generation   total 129792K, used 50842K [0x00000000c1800000, 0x00000000c96c0000, 0x0000000100000000)
   the space 129792K,  39% used [0x00000000c1800000, 0x00000000c49a6a68, 0x00000000c49a6c00, 0x00000000c96c0000)
 Metaspace       used 13456K, capacity 13742K, committed 13952K, reserved 1060864K
  class space    used 1525K, capacity 1588K, committed 1664K, reserved 1048576K
}
Event: 5.574 GC heap before
{Heap before GC invocations=571 (full 0):
 def new generation   total 1152K, used 1152K [0x00000000a2400000, 0x00000000a2540000, 0x00000000c1800000)
  eden space 1024K, 100% used [0x00000000a2400000, 0x00000000a2500000, 0x00000000a2500000)
  from space 128K, 100% used [0x00000000a2520000, 0x00000000a2540000, 0x00000000a2540000)
  to   space 128K,   0% used [0x00000000a2500000, 0x00000000a2500000, 0x00000000a2520000)
 tenured generation   total 129792K, used 50842K [0x00000000c1800000, 0x00000000c96c0000, 0x0000000100000000)
   the space 129792K,  39% used [0x00000000c1800000, 0x00000000c49a6a68, 0x00000000c49a6c00, 0x00000000c96c0000)
 Metaspace       used 13456K, capacity 13742K, committed 13952K, reserved 1060864K
  class space    used 1525K, capacity 1588K, committed 1664K, reserved 1048576K
Event: 5.575 GC heap after
Heap after GC invocations=572 (full 0):
 def new generation   total 1152K, used 75K [0x00000000a2400000, 0x00000000a2540000, 0x00000000c1800000)
  eden space 1024K,   0% used [0x00000000a2400000, 0x00000000a2400000, 0x00000000a2500000)
  from space 128K,  58% used [0x00000000a2500000, 0x00000000a2512db8, 0x00000000a2520000)
  to   space 128K,   0% used [0x00000000a2520000, 0x00000000a2520000, 0x00000000a2540000)
 tenured generation   total 129792K, used 50924K [0x00000000c1800000, 0x00000000c96c0000, 0x0000000100000000)
   the space 129792K,  39% used [0x00000000c1800000, 0x00000000c49bb2f0, 0x00000000c49bb400, 0x00000000c96c0000)
 Metaspace       used 13456K, capacity 13742K, committed 13952K, reserved 1060864K
  class space    used 1525K, capacity 1588K, committed 1664K, reserved 1048576K
}
Event: 5.579 GC heap before
{Heap before GC invocations=572 (full 0):
 def new generation   total 1152K, used 1099K [0x00000000a2400000, 0x00000000a2540000, 0x00000000c1800000)
  eden space 1024K, 100% used [0x00000000a2400000, 0x00000000a2500000, 0x00000000a2500000)
  from space 128K,  58% used [0x00000000a2500000, 0x00000000a2512db8, 0x00000000a2520000)
  to   space 128K,   0% used [0x00000000a2520000, 0x00000000a2520000, 0x00000000a2540000)
 tenured generation   total 129792K, used 50924K [0x00000000c1800000, 0x00000000c96c0000, 0x0000000100000000)
   the space 129792K,  39% used [0x00000000c1800000, 0x00000000c49bb2f0, 0x00000000c49bb400, 0x00000000c96c0000)
 Metaspace       used 13456K, capacity 13742K, committed 13952K, reserved 1060864K
  class space    used 1525K, capacity 1588K, committed 1664K, reserved 1048576K
Event: 5.580 GC heap after
Heap after GC invocations=573 (full 0):
 def new generation   total 1152K, used 113K [0x00000000a2400000, 0x00000000a2540000, 0x00000000c1800000)
  eden space 1024K,   0% used [0x00000000a2400000, 0x00000000a2400000, 0x00000000a2500000)
  from space 128K,  89% used [0x00000000a2520000, 0x00000000a253c7b8, 0x00000000a2540000)
  to   space 128K,   0% used [0x00000000a2500000, 0x00000000a2500000, 0x00000000a2520000)
 tenured generation   total 129792K, used 50938K [0x00000000c1800000, 0x00000000c96c0000, 0x0000000100000000)
   the space 129792K,  39% used [0x00000000c1800000, 0x00000000c49bead8, 0x00000000c49bec00, 0x00000000c96c0000)
 Metaspace       used 13456K, capacity 13742K, committed 13952K, reserved 1060864K
  class space    used 1525K, capacity 1588K, committed 1664K, reserved 1048576K
}
Event: 5.592 GC heap before
{Heap before GC invocations=573 (full 0):
 def new generation   total 1152K, used 1137K [0x00000000a2400000, 0x00000000a2540000, 0x00000000c1800000)
  eden space 1024K, 100% used [0x00000000a2400000, 0x00000000a2500000, 0x00000000a2500000)
  from space 128K,  89% used [0x00000000a2520000, 0x00000000a253c7b8, 0x00000000a2540000)
  to   space 128K,   0% used [0x00000000a2500000, 0x00000000a2500000, 0x00000000a2520000)
 tenured generation   total 129792K, used 50938K [0x00000000c1800000, 0x00000000c96c0000, 0x0000000100000000)
   the space 129792K,  39% used [0x00000000c1800000, 0x00000000c49bead8, 0x00000000c49bec00, 0x00000000c96c0000)
 Metaspace       used 13634K, capacity 13904K, committed 13952K, reserved 1060864K
  class space    used 1542K, capacity 1622K, committed 1664K, reserved 1048576K
Event: 5.593 GC heap after
Heap after GC invocations=574 (full 0):
 def new generation   total 1152K, used 104K [0x00000000a2400000, 0x00000000a2540000, 0x00000000c1800000)
  eden space 1024K,   0% used [0x00000000a2400000, 0x00000000a2400000, 0x00000000a2500000)
  from space 128K,  81% used [0x00000000a2500000, 0x00000000a251a2f8, 0x00000000a2520000)
  to   space 128K,   0% used [0x00000000a2520000, 0x00000000a2520000, 0x00000000a2540000)
 tenured generation   total 129792K, used 50999K [0x00000000c1800000, 0x00000000c96c0000, 0x0000000100000000)
   the space 129792K,  39% used [0x00000000c1800000, 0x00000000c49cdc30, 0x00000000c49cde00, 0x00000000c96c0000)
 Metaspace       used 13634K, capacity 13904K, committed 13952K, reserved 1060864K
  class space    used 1542K, capacity 1622K, committed 1664K, reserved 1048576K
}

Deoptimization events (10 events):
Event: 2.969 Thread 0x0000000002c37000 Uncommon trap: reason=class_check action=maybe_recompile pc=0x000000000312c350 method=java.io.FilterInputStream.read([BII)I @ 7
Event: 2.969 Thread 0x0000000002c37000 Uncommon trap: reason=class_check action=maybe_recompile pc=0x000000000312c350 method=java.io.FilterInputStream.read([BII)I @ 7
Event: 5.085 Thread 0x0000000002c37000 Uncommon trap: reason=class_check action=maybe_recompile pc=0x00000000036b05e0 method=java.util.Collections$UnmodifiableMap$UnmodifiableEntrySet$UnmodifiableEntry.<init>(Ljava/util/Map$Entry;)V @ 9
Event: 5.091 Thread 0x0000000002c37000 Uncommon trap: reason=class_check action=maybe_recompile pc=0x00000000036b05e0 method=java.util.Collections$UnmodifiableMap$UnmodifiableEntrySet$UnmodifiableEntry.<init>(Ljava/util/Map$Entry;)V @ 9
Event: 5.091 Thread 0x0000000002c37000 Uncommon trap: reason=class_check action=maybe_recompile pc=0x00000000036b05e0 method=java.util.Collections$UnmodifiableMap$UnmodifiableEntrySet$UnmodifiableEntry.<init>(Ljava/util/Map$Entry;)V @ 9
Event: 5.091 Thread 0x0000000002c37000 Uncommon trap: reason=class_check action=maybe_recompile pc=0x00000000036b05e0 method=java.util.Collections$UnmodifiableMap$UnmodifiableEntrySet$UnmodifiableEntry.<init>(Ljava/util/Map$Entry;)V @ 9
Event: 5.588 Thread 0x0000000002c37000 Uncommon trap: reason=class_check action=maybe_recompile pc=0x00000000035a0314 method=java.util.concurrent.ConcurrentHashMap.get(Ljava/lang/Object;)Ljava/lang/Object; @ 149
Event: 5.588 Thread 0x0000000002c37000 Uncommon trap: reason=class_check action=maybe_recompile pc=0x00000000035a0314 method=java.util.concurrent.ConcurrentHashMap.get(Ljava/lang/Object;)Ljava/lang/Object; @ 149
Event: 5.588 Thread 0x0000000002c37000 Uncommon trap: reason=class_check action=maybe_recompile pc=0x00000000035a0314 method=java.util.concurrent.ConcurrentHashMap.get(Ljava/lang/Object;)Ljava/lang/Object; @ 149
Event: 5.588 Thread 0x0000000002c37000 Uncommon trap: reason=class_check action=maybe_recompile pc=0x00000000035a0314 method=java.util.concurrent.ConcurrentHashMap.get(Ljava/lang/Object;)Ljava/lang/Object; @ 149

Internal exceptions (10 events):
Event: 5.594 Thread 0x0000000002c37000 Exception <a 'java/security/PrivilegedActionException'> (0x00000000a24315a8) thrown at [D:\re\workspace\8-2-build-windows-amd64-cygwin\jdk8u5\2488\hotspot\src\share\vm\prims\jvm.cpp, line 1248]
Event: 5.594 Thread 0x0000000002c37000 Exception <a 'java/security/PrivilegedActionException'> (0x00000000a243b178) thrown at [D:\re\workspace\8-2-build-windows-amd64-cygwin\jdk8u5\2488\hotspot\src\share\vm\prims\jvm.cpp, line 1248]
Event: 5.595 Thread 0x0000000002c37000 Exception <a 'java/security/PrivilegedActionException'> (0x00000000a24513d8) thrown at [D:\re\workspace\8-2-build-windows-amd64-cygwin\jdk8u5\2488\hotspot\src\share\vm\prims\jvm.cpp, line 1248]
Event: 5.595 Thread 0x0000000002c37000 Exception <a 'java/security/PrivilegedActionException'> (0x00000000a2457c80) thrown at [D:\re\workspace\8-2-build-windows-amd64-cygwin\jdk8u5\2488\hotspot\src\share\vm\prims\jvm.cpp, line 1248]
Event: 5.595 Thread 0x0000000002c37000 Exception <a 'java/security/PrivilegedActionException'> (0x00000000a245fb10) thrown at [D:\re\workspace\8-2-build-windows-amd64-cygwin\jdk8u5\2488\hotspot\src\share\vm\prims\jvm.cpp, line 1248]
Event: 5.596 Thread 0x0000000002c37000 Exception <a 'java/security/PrivilegedActionException'> (0x00000000a2476eb0) thrown at [D:\re\workspace\8-2-build-windows-amd64-cygwin\jdk8u5\2488\hotspot\src\share\vm\prims\jvm.cpp, line 1248]
Event: 5.597 Thread 0x0000000002c37000 Exception <a 'java/security/PrivilegedActionException'> (0x00000000a2487110) thrown at [D:\re\workspace\8-2-build-windows-amd64-cygwin\jdk8u5\2488\hotspot\src\share\vm\prims\jvm.cpp, line 1248]
Event: 5.597 Thread 0x0000000002c37000 Exception <a 'java/security/PrivilegedActionException'> (0x00000000a248efa8) thrown at [D:\re\workspace\8-2-build-windows-amd64-cygwin\jdk8u5\2488\hotspot\src\share\vm\prims\jvm.cpp, line 1248]
Event: 5.597 Thread 0x0000000002c37000 Exception <a 'java/security/PrivilegedActionException'> (0x00000000a24945a8) thrown at [D:\re\workspace\8-2-build-windows-amd64-cygwin\jdk8u5\2488\hotspot\src\share\vm\prims\jvm.cpp, line 1248]
Event: 5.600 Thread 0x0000000002c37000 Exception <a 'java/security/PrivilegedActionException'> (0x00000000a249c0c8) thrown at [D:\re\workspace\8-2-build-windows-amd64-cygwin\jdk8u5\2488\hotspot\src\share\vm\prims\jvm.cpp, line 1248]

Events (10 events):
Event: 5.596 loading class com/altera/tcl/interpreter/NativeTCLInterpreter
Event: 5.596 loading class com/altera/tcl/interpreter/NativeTCLInterpreter done
Event: 5.597 loading class com/altera/utilities/FileUtilities
Event: 5.597 loading class com/altera/utilities/FileUtilities done
Event: 5.597 loading class com/altera/utilities/FileUtilities$1
Event: 5.597 loading class com/altera/utilities/FileUtilities$1 done
Event: 5.597 loading class com/altera/utilities/FileUtilities$AlteraIpException
Event: 5.597 loading class com/altera/utilities/FileUtilities$AlteraIpException done
Event: 5.600 loading class com/altera/utilities/FileUtilities$IpError
Event: 5.600 loading class com/altera/utilities/FileUtilities$IpError done


Dynamic libraries:
0x00007ff651890000 - 0x00007ff6518c4000 	D:\intelfpga\18.0\quartus\bin64\jre64\bin\java.exe
0x00007ff8a8690000 - 0x00007ff8a8885000 	C:\WINDOWS\SYSTEM32\ntdll.dll
0x00007ff8a81b0000 - 0x00007ff8a826d000 	C:\WINDOWS\System32\KERNEL32.DLL
0x00007ff8a61a0000 - 0x00007ff8a6467000 	C:\WINDOWS\System32\KERNELBASE.dll
0x00007ff8a83d0000 - 0x00007ff8a847a000 	C:\WINDOWS\System32\ADVAPI32.dll
0x00007ff8a85b0000 - 0x00007ff8a864e000 	C:\WINDOWS\System32\msvcrt.dll
0x00007ff8a66f0000 - 0x00007ff8a678b000 	C:\WINDOWS\System32\sechost.dll
0x00007ff8a8480000 - 0x00007ff8a85a4000 	C:\WINDOWS\System32\RPCRT4.dll
0x00007ff8a7900000 - 0x00007ff8a7aa0000 	C:\WINDOWS\System32\USER32.dll
0x00007ff8a5e30000 - 0x00007ff8a5e52000 	C:\WINDOWS\System32\win32u.dll
0x00007ff8a6e40000 - 0x00007ff8a6e6a000 	C:\WINDOWS\System32\GDI32.dll
0x00007ff8a6090000 - 0x00007ff8a6199000 	C:\WINDOWS\System32\gdi32full.dll
0x00007ff8a64a0000 - 0x00007ff8a653d000 	C:\WINDOWS\System32\msvcp_win.dll
0x00007ff8a5e60000 - 0x00007ff8a5f60000 	C:\WINDOWS\System32\ucrtbase.dll
0x00007ff89eeb0000 - 0x00007ff89f14b000 	C:\WINDOWS\WinSxS\amd64_microsoft.windows.common-controls_6595b64144ccf1df_6.0.19041.488_none_ca04af081b815d21\COMCTL32.dll
0x00007ff8a8180000 - 0x00007ff8a81b0000 	C:\WINDOWS\System32\IMM32.DLL
0x00000000504b0000 - 0x0000000050582000 	D:\intelfpga\18.0\quartus\bin64\jre64\bin\msvcr100.dll
0x0000000077580000 - 0x0000000077daa000 	D:\intelfpga\18.0\quartus\bin64\jre64\bin\server\jvm.dll
0x00007ff8a83b0000 - 0x00007ff8a83b8000 	C:\WINDOWS\System32\PSAPI.DLL
0x00007ff886130000 - 0x00007ff886139000 	C:\WINDOWS\SYSTEM32\WSOCK32.dll
0x00007ff8a8270000 - 0x00007ff8a82db000 	C:\WINDOWS\System32\WS2_32.dll
0x00007ff89f150000 - 0x00007ff89f177000 	C:\WINDOWS\SYSTEM32\WINMM.dll
0x0000000050460000 - 0x000000005046f000 	D:\intelfpga\18.0\quartus\bin64\jre64\bin\verify.dll
0x0000000050430000 - 0x0000000050458000 	D:\intelfpga\18.0\quartus\bin64\jre64\bin\java.dll
0x0000000050410000 - 0x0000000050426000 	D:\intelfpga\18.0\quartus\bin64\jre64\bin\zip.dll
0x00007ff8a7070000 - 0x00007ff8a77b1000 	C:\WINDOWS\System32\SHELL32.dll
0x00007ff8a3f50000 - 0x00007ff8a46e3000 	C:\WINDOWS\SYSTEM32\windows.storage.dll
0x00007ff8a7b90000 - 0x00007ff8a7ee5000 	C:\WINDOWS\System32\combase.dll
0x00007ff8a5840000 - 0x00007ff8a586c000 	C:\WINDOWS\SYSTEM32\Wldp.dll
0x00007ff8a6790000 - 0x00007ff8a683e000 	C:\WINDOWS\System32\SHCORE.dll
0x00007ff8a78a0000 - 0x00007ff8a78f5000 	C:\WINDOWS\System32\shlwapi.dll
0x00007ff8a5d00000 - 0x00007ff8a5d26000 	C:\WINDOWS\SYSTEM32\profapi.dll
0x00007ff8a57a0000 - 0x00007ff8a57b8000 	C:\WINDOWS\SYSTEM32\CRYPTSP.dll
0x00007ff8a4ee0000 - 0x00007ff8a4f14000 	C:\WINDOWS\system32\rsaenh.dll
0x00007ff8a6470000 - 0x00007ff8a6497000 	C:\WINDOWS\System32\bcrypt.dll
0x00007ff8a5cc0000 - 0x00007ff8a5cee000 	C:\WINDOWS\SYSTEM32\USERENV.dll
0x00007ff8a5f60000 - 0x00007ff8a5fdf000 	C:\WINDOWS\System32\bcryptprimitives.dll
0x00007ff8a5790000 - 0x00007ff8a579c000 	C:\WINDOWS\SYSTEM32\CRYPTBASE.dll
0x00000000503f0000 - 0x000000005040a000 	D:\intelFPGA\18.0\quartus\bin64\jre64\bin\net.dll
0x00007ff8a55c0000 - 0x00007ff8a562a000 	C:\WINDOWS\system32\mswsock.dll
0x00007ff8a5260000 - 0x00007ff8a529b000 	C:\WINDOWS\SYSTEM32\IPHLPAPI.DLL
0x00007ff8a83c0000 - 0x00007ff8a83c9000 	C:\WINDOWS\System32\NSI.dll
0x00007ff8a0c90000 - 0x00007ff8a0ca7000 	C:\WINDOWS\SYSTEM32\dhcpcsvc6.DLL
0x00007ff8a0400000 - 0x00007ff8a041d000 	C:\WINDOWS\SYSTEM32\dhcpcsvc.DLL
0x00007ff8a52b0000 - 0x00007ff8a537b000 	C:\WINDOWS\SYSTEM32\DNSAPI.dll
0x00000000503d0000 - 0x00000000503e1000 	D:\intelFPGA\18.0\quartus\bin64\jre64\bin\nio.dll
0x00007ff886ba0000 - 0x00007ff886ba6000 	D:\intelFPGA\18.0\quartus\bin64\sld_utiljni.dll
0x00007ff898c20000 - 0x00007ff898d0f000 	D:\intelFPGA\18.0\quartus\bin64\MSVCR120.dll
0x0000000051b80000 - 0x0000000051d07000 	D:\intelFPGA\18.0\quartus\bin64\tcl86.dll
0x00007ff8997a0000 - 0x00007ff8997b8000 	C:\WINDOWS\SYSTEM32\NETAPI32.dll
0x00007ff8a52a0000 - 0x00007ff8a52ac000 	C:\WINDOWS\SYSTEM32\NETUTILS.DLL
0x00007ff89fd60000 - 0x00007ff89fd79000 	C:\WINDOWS\SYSTEM32\SAMCLI.DLL
0x00007ff8a53d0000 - 0x00007ff8a5412000 	C:\WINDOWS\SYSTEM32\LOGONCLI.DLL
0x00007ff889360000 - 0x00007ff889420000 	D:\intelFPGA\18.0\quartus\bin64\ccl_sqlite3.dll
0x00007ff886760000 - 0x00007ff886770000 	D:\intelFPGA\18.0\quartus\bin64\ccl_sqlite3_jdbc_jni_bridge.dll
0x00007ff854b70000 - 0x00007ff854d3b000 	D:\intelFPGA\18.0\quartus\bin64\sld_filejni.dll
0x00007ff8a6fa0000 - 0x00007ff8a706d000 	C:\WINDOWS\System32\OLEAUT32.dll
0x00007ff8a6d10000 - 0x00007ff8a6e39000 	C:\WINDOWS\System32\ole32.dll
0x00007ff8a77c0000 - 0x00007ff8a789a000 	C:\WINDOWS\System32\COMDLG32.dll
0x00007ff891540000 - 0x00007ff8916c8000 	D:\intelFPGA\18.0\quartus\bin64\dbghelp.dll

VM Arguments:
jvm_args: -Xmx1500M -XX:+UseSerialGC 
java_command: com.altera.sopcmodel.sbtools.sbgenerate.SbGenerate --output-directory=K:/work/tr/SOFT_work/FPGA/v3_10m50da/db/ip/sldcae26b15/ --project-directory=K:/work/tr/SOFT_work/FPGA/v3_10m50da/ --file-set=QUARTUS_SYNTH --system-info=DEVICE_FAMILY=MAX 10 --report-file=xml:K:/work/tr/SOFT_work/FPGA/v3_10m50da/db/ip/sldcae26b15/alt_sld_fab__report.xml --report-file=html:K:/work/tr/SOFT_work/FPGA/v3_10m50da/db/ip/sldcae26b15/alt_sld_fab__report.html --component-name=alt_sld_fab --component-file=./db/ip/sldcae26b15/alt_sld_fab_wrapper_hw.tcl --report-file=sopcinfo:K:/work/tr/SOFT_work/FPGA/v3_10m50da/db/ip/sldcae26b15/alt_sld_fab.sopcinfo --report-file=qip:K:/work/tr/SOFT_work/FPGA/v3_10m50da/db/ip/sldcae26b15/alt_sld_fab.qip --remove-qsys-generate-warning
java_class_path (initial): D:/intelfpga/18.0/quartus/sopc_builder/model/lib\Nlview.jar;D:/intelfpga/18.0/quartus/sopc_builder/model/lib\QuickServer.jar;D:/intelfpga/18.0/quartus/sopc_builder/model/lib\TableLayout.jar;D:/intelfpga/18.0/quartus/sopc_builder/model/lib\appframework-1.03.jar;D:/intelfpga/18.0/quartus/sopc_builder/model/lib\asm-3.1.jar;D:/intelfpga/18.0/quartus/sopc_builder/model/lib\asm-commons-3.1.jar;D:/intelfpga/18.0/quartus/sopc_builder/model/lib\basicmodel.jar;D:/intelfpga/18.0/quartus/sopc_builder/model/lib\beansbinding-1.2.1.jar;D:/intelfpga/18.0/quartus/sopc_builder/model/lib\binding-2.0.6.jar;D:/intelfpga/18.0/quartus/sopc_builder/model/lib\com.altera.componenteditor2.jar;D:/intelfpga/18.0/quartus/sopc_builder/model/lib\com.altera.embeddedsw.app_lib.jar;D:/intelfpga/18.0/quartus/sopc_builder/model/lib\com.altera.embeddedsw.bsp.editor.jar;D:/intelfpga/18.0/quartus/sopc_builder/model/lib\com.altera.embeddedsw.bsp.elements.jar;D:/intelfpga/18.0/quartus/sopc_builder/model/lib\com.altera.embeddedsw.bsp.jar;D:/intelfpga/18.0/quartus/sopc_builder/model/lib\com.altera.embeddedsw.bsp.plugin.core.jar;D:/intelfpga/18.0/quartus/sopc_builder/model/lib\com.altera.embeddedsw.bsp.plugin.hal.jar;D:/intelfpga/18.0/quartus/sopc_builder/model/lib\com.altera.embeddedsw.bsp.plugin.lwhal.jar;D:/intelfpga/18.0/quartus/sopc_builder/model/lib\com.altera.embeddedsw.bsp.schema.jar;D:/intelfpga/18.0/quartus/sopc_builder/model/lib\com.altera.embeddedsw.bsp.scripting.jar;D:/intelfpga/18.0/quartus/sopc_builder/model/lib\com.altera.embeddedsw.commandline.jar;D:/intelfpga/18.0/quartus/sopc_builder/model/lib\com.altera.embeddedsw.cpexample.jar;D:/intelfpga/18.0/quartus/sopc_builder/model/lib\com.altera.embeddedsw.flash.jar;D:/intelfpga/18.0/quartus/sopc_builder/model/lib\com.altera.embeddedsw.launch.jar;D:/intelfpga/18.0/quartus/sopc_builder/model/lib\com.altera.embeddedsw.swinfo.jar;D:/intelfpga/18.0/quartus/sopc_builder/model/lib\com.altera.embeddedsw.utilities.jar;D:/intelfp
Launcher Type: SUN_STANDARD

Environment Variables:
PATH=D:/intelfpga/18.0/quartus/bin64;d:\intelfpga\18.0\quartus\bin64\;d:\intelfpga\18.0\quartus\bin64\;D:\Program Files (x86)\VMware\VMware Workstation\bin\;C:\Users\Кошлики\Pyton 3.9.2\Scripts\;C:\Users\Кошлики\Pyton 3.9.2\;d:\VulkanSDK\1.2.154.1\Bin;C:\Program Files (x86)\Common Files\Intel\Shared Libraries\redist\intel64_win\compiler;C:\Program Files (x86)\NVIDIA Corporation\PhysX\Common;C:\Program Files (x86)\Common Files\Oracle\Java\javapath;C:\Program Files (x86)\Python38-32\Scripts\;C:\Program Files (x86)\Python38-32\;C:\WINDOWS\system32;C:\WINDOWS;C:\WINDOWS\System32\Wbem;C:\WINDOWS\System32\WindowsPowerShell\v1.0\;C:\WINDOWS\System32\OpenSSH\;C:\Program Files (x86)\dotnet\;E:\Program Files\matlab2017\bin;C:\Program Files\dotnet\;C:\Program Files\Microsoft SQL Server\130\Tools\Binn\;C:\Program Files\Microsoft SQL Server\Client SDK\ODBC\170\Tools\Binn\;C:\Program Files (x86)\IVI Foundation\VISA\WinNT\Bin;E:\Program Files (x86)\P-CAD 2006 Viewer\;C:\Program Files (x86)\Windows Kits\8.1\Windows Performance Toolkit\;C:\Program Files\Microsoft SQL Server\110\Tools\Binn\;C:\Program Files (x86)\Common Files\Autodesk Shared\;D:\Program Files\PuTTY\;E:\MSV\python374\Scripts\;E:\MSV\python374\;C:\Users\slash\AppData\Local\Microsoft\WindowsApps;;E:\MSV\Microsoft VS Code\bin;e:\Program Files\JetBrains\PyCharm Community Edition 2019.2.3\bin;
USERNAME=slash
OS=Windows_NT
PROCESSOR_IDENTIFIER=Intel64 Family 6 Model 58 Stepping 9, GenuineIntel



---------------  S Y S T E M  ---------------

OS: Windows 8.1 , 64 bit Build 9600 

CPU:total 4 (4 cores per cpu, 1 threads per core) family 6 model 58 stepping 9, cmov, cx8, fxsr, mmx, sse, sse2, sse3, ssse3, sse4.1, sse4.2, popcnt, avx, aes, clmul, erms, tsc, tscinvbit

Memory: 4k page, physical 8349652k(963216k free), swap 8349652k(73940k free)

vm_info: Java HotSpot(TM) 64-Bit Server VM (25.5-b02) for windows-amd64 JRE (1.8.0_05-b13), built on Mar 18 2014 01:08:39 by "java_re" with MS VC++ 10.0 (VS2010)

time: Thu May 13 22:42:40 2021
elapsed time: 5 seconds

