#
# A fatal error has been detected by the Java Runtime Environment:
#
#  EXCEPTION_ACCESS_VIOLATION (0xc0000005) at pc=0x00007ff898c5c963, pid=18748, tid=11344
#
# JRE version: Java(TM) SE Runtime Environment (8.0_05-b13) (build 1.8.0_05-b13)
# Java VM: Java HotSpot(TM) 64-Bit Server VM (25.5-b02 mixed mode windows-amd64 compressed oops)
# Problematic frame:
# C  [MSVCR120.dll+0x3c963]
#
# Failed to write core dump. Minidumps are not enabled by default on client versions of Windows
#
# If you would like to submit a bug report, please visit:
#   http://bugreport.sun.com/bugreport/crash.jsp
# The crash happened outside the Java Virtual Machine in native code.
# See problematic frame for where to report the bug.
#

---------------  T H R E A D  ---------------

Current thread (0x0000000002f57000):  JavaThread "main" [_thread_in_native, id=11344, stack(0x0000000002e50000,0x0000000002f50000)]

siginfo: ExceptionCode=0xc0000005, writing address 0x0000000000000000

Registers:
RAX=0x0000000000000000, RBX=0x0000000000000000, RCX=0x00000000044c0558, RDX=0x0000000000000000
RSP=0x0000000002f4e3e0, RBP=0x00000000185a4170, RSI=0x00000000184fde30, RDI=0x0000000000000000
R8 =0x00000000044c0558, R9 =0x0000000002f4e398, R10=0x0000000000000017, R11=0x0000000000000000
R12=0x0000000002f4e570, R13=0x0000000000000000, R14=0x0000000000000001, R15=0x00007ff854b9f33c
RIP=0x00007ff898c5c963, EFLAGS=0x0000000000010207

Top of Stack: (sp=0x0000000002f4e3e0)
0x0000000002f4e3e0:   0000000000000000 00007ff854b9d355
0x0000000002f4e3f0:   0000000000000000 00000000044c0558
0x0000000002f4e400:   00007ff854cd9530 0000000000000000
0x0000000002f4e410:   0000000000000001 00007ff854b9b3f0
0x0000000002f4e420:   0000000000000000 00000000185a4170
0x0000000002f4e430:   00000000184fde30 0000000000000000
0x0000000002f4e440:   00007ff898cfc500 00007ff854b9bcd7
0x0000000002f4e450:   00007ff898cfc500 00000000184fde30
0x0000000002f4e460:   000300062f9c138b 0000000015989200
0x0000000002f4e470:   00007ff854b9f334 00000000159892f0
0x0000000002f4e480:   00000000185a4610 00007ff854b98a40
0x0000000002f4e490:   0000000002f4e580 00007ff898cfc500
0x0000000002f4e4a0:   0000000000000000 00000000185a4610
0x0000000002f4e4b0:   00007ff854b9f32c 00007ff854b9f334
0x0000000002f4e4c0:   00000000159892f0 0000000002f4e9c0
0x0000000002f4e4d0:   81b600000000000a 0000000000000001 

Instructions: (pc=0x00007ff898c5c963)
0x00007ff898c5c943:   0f b6 d2 49 83 f8 10 0f 82 5c 01 00 00 0f ba 25
0x00007ff898c5c953:   00 4e 0a 00 01 73 0e 57 48 8b f9 8b c2 49 8b c8
0x00007ff898c5c963:   f3 aa 5f eb 6d 49 b9 01 01 01 01 01 01 01 01 49
0x00007ff898c5c973:   0f af d1 0f ba 25 da 4d 0a 00 02 0f 82 9c 00 00 


Register to memory mapping:

RAX=0x0000000000000000 is an unknown value
RBX=0x0000000000000000 is an unknown value
RCX=0x00000000044c0558 is an unknown value
RDX=0x0000000000000000 is an unknown value
RSP=0x0000000002f4e3e0 is pointing into the stack for thread: 0x0000000002f57000
RBP=0x00000000185a4170 is an unknown value
RSI=0x00000000184fde30 is an unknown value
RDI=0x0000000000000000 is an unknown value
R8 =0x00000000044c0558 is an unknown value
R9 =0x0000000002f4e398 is pointing into the stack for thread: 0x0000000002f57000
R10=0x0000000000000017 is an unknown value
R11=0x0000000000000000 is an unknown value
R12=0x0000000002f4e570 is pointing into the stack for thread: 0x0000000002f57000
R13=0x0000000000000000 is an unknown value
R14=0x0000000000000001 is an unknown value
R15=0x00007ff854b9f33c is an unknown value


Stack: [0x0000000002e50000,0x0000000002f50000],  sp=0x0000000002f4e3e0,  free space=1016k
Native frames: (J=compiled Java code, j=interpreted, Vv=VM code, C=native code)
C  [MSVCR120.dll+0x3c963]

Java frames: (J=compiled Java code, j=interpreted, Vv=VM code)
j  com.altera.utilities.FileUtilities.read1(Ljava/lang/String;)Lcom/altera/utilities/FileUtilities$FileContents;+0
j  com.altera.utilities.FileUtilities.readFile(Ljava/io/File;)Lcom/altera/utilities/FileUtilities$FileContents;+70
j  com.altera.sopcmodel.components.tclmodule.LiveModuleTclInterpreter.tclToCatalogCards(Ljava/lang/String;Lcom/altera/librarianinterfaces/ILibrarian;Lcom/altera/entityinterfaces/message/IMessageLogger;)Ljava/util/List;+60
j  com.altera.sopcmodel.components.tclmodule.TclModuleFactory.analyzeToCatalogCards(Ljava/io/File;Lcom/altera/entityinterfaces/message/IMessageLogger;)Ljava/util/List;+20
j  com.altera.sopcmodel.components.tclmodule.TclModuleFactory.analyseFile(Ljava/io/File;Lcom/altera/entityinterfaces/message/IMessageLogger;)Ljava/util/List;+3
j  com.altera.sopcmodel.components.tclmodule.TclModuleFactory.analyseFile(Ljava/io/File;Lcom/altera/entityinterfaces/message/IMessageLogger;)Ljava/util/Collection;+3
j  com.altera.sopclibrary.conan.Analyzer.analyzeOneFile(Lcom/altera/sopclibrary/conan/Analyzer$IAnalyzerResults;Ljava/util/Map;Lcom/altera/entityinterfaces/message/IMessageLogger;Ljava/lang/String;Z)I+315
j  com.altera.sopclibrary.conan.Conan.analyse(Ljava/io/File;ZLcom/altera/entityinterfaces/message/IMessageLogger;)Ljava/util/List;+48
j  com.altera.sopcmodel.sbtools.shared.SbModuleInstanceBase.getCardFromComponentFile(Lcom/altera/entityinterfaces/message/IMessageLogger;)Lcom/altera/librarianinterfaces/ICatalogCard;+48
j  com.altera.sopcmodel.sbtools.shared.SbModuleInstanceBase.setupComponentModule(Lcom/altera/entityinterfaces/message/IMessageLogger;)V+14
j  com.altera.sopcmodel.sbtools.shared.SbModuleInstanceBase.act()I+70
j  com.altera.sopcmodel.sbtools.sbgenerate.SbGenerate.act()I+31
j  com.altera.utilities.AltCmdLineToolBase.runTheTool([Ljava/lang/String;)I+38
j  com.altera.sopcmodel.sbtools.sbgenerate.SbGenerate.main([Ljava/lang/String;)V+54
v  ~StubRoutines::call_stub

---------------  P R O C E S S  ---------------

Java Threads: ( => current thread )
  0x000000001326f800 JavaThread "Service Thread" daemon [_thread_blocked, id=10880, stack(0x0000000013b10000,0x0000000013c10000)]
  0x000000001320d800 JavaThread "C1 CompilerThread2" daemon [_thread_blocked, id=11796, stack(0x0000000013a10000,0x0000000013b10000)]
  0x0000000013201800 JavaThread "C2 CompilerThread1" daemon [_thread_blocked, id=10800, stack(0x0000000013910000,0x0000000013a10000)]
  0x00000000131fe000 JavaThread "C2 CompilerThread0" daemon [_thread_blocked, id=20212, stack(0x0000000013810000,0x0000000013910000)]
  0x00000000131fc800 JavaThread "Attach Listener" daemon [_thread_blocked, id=1804, stack(0x0000000013710000,0x0000000013810000)]
  0x00000000131fb000 JavaThread "Signal Dispatcher" daemon [_thread_blocked, id=12848, stack(0x0000000013610000,0x0000000013710000)]
  0x0000000003042800 JavaThread "Finalizer" daemon [_thread_blocked, id=15764, stack(0x0000000013500000,0x0000000013600000)]
  0x000000000303b000 JavaThread "Reference Handler" daemon [_thread_blocked, id=10032, stack(0x0000000013400000,0x0000000013500000)]
=>0x0000000002f57000 JavaThread "main" [_thread_in_native, id=11344, stack(0x0000000002e50000,0x0000000002f50000)]

Other Threads:
  0x0000000003035800 VMThread [stack: 0x0000000013300000,0x0000000013400000] [id=12284]
  0x00000000132b2800 WatcherThread [stack: 0x0000000013c10000,0x0000000013d10000] [id=19972]

VM state:not at safepoint (normal execution)

VM Mutex/Monitor currently owned by a thread: None

Heap:
 def new generation   total 1152K, used 183K [0x00000000a2400000, 0x00000000a2540000, 0x00000000c1800000)
  eden space 1024K,   5% used [0x00000000a2400000, 0x00000000a240ec88, 0x00000000a2500000)
  from space 128K,  97% used [0x00000000a2520000, 0x00000000a253f300, 0x00000000a2540000)
  to   space 128K,   0% used [0x00000000a2500000, 0x00000000a2500000, 0x00000000a2520000)
 tenured generation   total 129792K, used 50899K [0x00000000c1800000, 0x00000000c96c0000, 0x0000000100000000)
   the space 129792K,  39% used [0x00000000c1800000, 0x00000000c49b4cb0, 0x00000000c49b4e00, 0x00000000c96c0000)
 Metaspace       used 13730K, capacity 14064K, committed 14208K, reserved 1062912K
  class space    used 1550K, capacity 1654K, committed 1664K, reserved 1048576K

Card table byte_map: [0x0000000012410000,0x0000000012700000] byte_map_base: 0x0000000011efe000

Polling page: 0x0000000002e10000

CodeCache: size=245760Kb used=11260Kb max_used=11268Kb free=234499Kb
 bounds [0x0000000003050000, 0x0000000003b60000, 0x0000000012050000]
 total_blobs=3410 nmethods=3060 adapters=263
 compilation: enabled

Compilation events (10 events):
Event: 5.739 Thread 0x0000000013201800 nmethod 3330 0x0000000003b58b10 code [0x0000000003b58f20, 0x0000000003b5bd60]
Event: 5.740 Thread 0x00000000131fe000 nmethod 3355 0x0000000003b41690 code [0x0000000003b417e0, 0x0000000003b41978]
Event: 5.760 Thread 0x000000001320d800 3356       3       com.altera.sopclibrary.conan.Catalog$CatalogCardSorter::compare (13 bytes)
Event: 5.760 Thread 0x000000001320d800 nmethod 3356 0x0000000003b44c10 code [0x0000000003b44d80, 0x0000000003b45108]
Event: 5.760 Thread 0x000000001320d800 3357       3       com.altera.sopclibrary.conan.Catalog$CatalogCardSorter::compare (223 bytes)
Event: 5.761 Thread 0x0000000013201800 3359       4       org.apache.commons.lang3.StringUtils::isBlank (47 bytes)
Event: 5.761 Thread 0x000000001320d800 nmethod 3357 0x0000000003b42850 code [0x0000000003b42b20, 0x0000000003b44378]
Event: 5.761 Thread 0x000000001320d800 3358       3       com.altera.sopcmodel.util.CatalogCard::getTag2 (14 bytes)
Event: 5.761 Thread 0x000000001320d800 nmethod 3358 0x0000000003b422d0 code [0x0000000003b42440, 0x0000000003b42748]
Event: 5.764 Thread 0x0000000013201800 nmethod 3359 0x0000000003b3de50 code [0x0000000003b3dfa0, 0x0000000003b3e218]

GC Heap History (10 events):
Event: 5.741 GC heap before
{Heap before GC invocations=568 (full 0):
 def new generation   total 1152K, used 1151K [0x00000000a2400000, 0x00000000a2540000, 0x00000000c1800000)
  eden space 1024K, 100% used [0x00000000a2400000, 0x00000000a2500000, 0x00000000a2500000)
  from space 128K,  99% used [0x00000000a2500000, 0x00000000a251fff8, 0x00000000a2520000)
  to   space 128K,   0% used [0x00000000a2520000, 0x00000000a2520000, 0x00000000a2540000)
 tenured generation   total 129792K, used 50602K [0x00000000c1800000, 0x00000000c96c0000, 0x0000000100000000)
   the space 129792K,  38% used [0x00000000c1800000, 0x00000000c496aae0, 0x00000000c496ac00, 0x00000000c96c0000)
 Metaspace       used 13474K, capacity 13806K, committed 13952K, reserved 1060864K
  class space    used 1525K, capacity 1588K, committed 1664K, reserved 1048576K
Event: 5.742 GC heap after
Heap after GC invocations=569 (full 0):
 def new generation   total 1152K, used 116K [0x00000000a2400000, 0x00000000a2540000, 0x00000000c1800000)
  eden space 1024K,   0% used [0x00000000a2400000, 0x00000000a2400000, 0x00000000a2500000)
  from space 128K,  91% used [0x00000000a2520000, 0x00000000a253d2f8, 0x00000000a2540000)
  to   space 128K,   0% used [0x00000000a2500000, 0x00000000a2500000, 0x00000000a2520000)
 tenured generation   total 129792K, used 50687K [0x00000000c1800000, 0x00000000c96c0000, 0x0000000100000000)
   the space 129792K,  39% used [0x00000000c1800000, 0x00000000c497fe68, 0x00000000c4980000, 0x00000000c96c0000)
 Metaspace       used 13474K, capacity 13806K, committed 13952K, reserved 1060864K
  class space    used 1525K, capacity 1588K, committed 1664K, reserved 1048576K
}
Event: 5.746 GC heap before
{Heap before GC invocations=569 (full 0):
 def new generation   total 1152K, used 1140K [0x00000000a2400000, 0x00000000a2540000, 0x00000000c1800000)
  eden space 1024K, 100% used [0x00000000a2400000, 0x00000000a2500000, 0x00000000a2500000)
  from space 128K,  91% used [0x00000000a2520000, 0x00000000a253d2f8, 0x00000000a2540000)
  to   space 128K,   0% used [0x00000000a2500000, 0x00000000a2500000, 0x00000000a2520000)
 tenured generation   total 129792K, used 50687K [0x00000000c1800000, 0x00000000c96c0000, 0x0000000100000000)
   the space 129792K,  39% used [0x00000000c1800000, 0x00000000c497fe68, 0x00000000c4980000, 0x00000000c96c0000)
 Metaspace       used 13474K, capacity 13806K, committed 13952K, reserved 1060864K
  class space    used 1525K, capacity 1588K, committed 1664K, reserved 1048576K
Event: 5.747 GC heap after
Heap after GC invocations=570 (full 0):
 def new generation   total 1152K, used 74K [0x00000000a2400000, 0x00000000a2540000, 0x00000000c1800000)
  eden space 1024K,   0% used [0x00000000a2400000, 0x00000000a2400000, 0x00000000a2500000)
  from space 128K,  57% used [0x00000000a2500000, 0x00000000a2512878, 0x00000000a2520000)
  to   space 128K,   0% used [0x00000000a2520000, 0x00000000a2520000, 0x00000000a2540000)
 tenured generation   total 129792K, used 50753K [0x00000000c1800000, 0x00000000c96c0000, 0x0000000100000000)
   the space 129792K,  39% used [0x00000000c1800000, 0x00000000c4990450, 0x00000000c4990600, 0x00000000c96c0000)
 Metaspace       used 13474K, capacity 13806K, committed 13952K, reserved 1060864K
  class space    used 1525K, capacity 1588K, committed 1664K, reserved 1048576K
}
Event: 5.754 GC heap before
{Heap before GC invocations=570 (full 0):
 def new generation   total 1152K, used 1098K [0x00000000a2400000, 0x00000000a2540000, 0x00000000c1800000)
  eden space 1024K, 100% used [0x00000000a2400000, 0x00000000a2500000, 0x00000000a2500000)
  from space 128K,  57% used [0x00000000a2500000, 0x00000000a2512878, 0x00000000a2520000)
  to   space 128K,   0% used [0x00000000a2520000, 0x00000000a2520000, 0x00000000a2540000)
 tenured generation   total 129792K, used 50753K [0x00000000c1800000, 0x00000000c96c0000, 0x0000000100000000)
   the space 129792K,  39% used [0x00000000c1800000, 0x00000000c4990450, 0x00000000c4990600, 0x00000000c96c0000)
 Metaspace       used 13474K, capacity 13806K, committed 13952K, reserved 1060864K
  class space    used 1525K, capacity 1588K, committed 1664K, reserved 1048576K
Event: 5.755 GC heap after
Heap after GC invocations=571 (full 0):
 def new generation   total 1152K, used 127K [0x00000000a2400000, 0x00000000a2540000, 0x00000000c1800000)
  eden space 1024K,   0% used [0x00000000a2400000, 0x00000000a2400000, 0x00000000a2500000)
  from space 128K,  99% used [0x00000000a2520000, 0x00000000a253fff8, 0x00000000a2540000)
  to   space 128K,   0% used [0x00000000a2500000, 0x00000000a2500000, 0x00000000a2520000)
 tenured generation   total 129792K, used 50802K [0x00000000c1800000, 0x00000000c96c0000, 0x0000000100000000)
   the space 129792K,  39% used [0x00000000c1800000, 0x00000000c499cb98, 0x00000000c499cc00, 0x00000000c96c0000)
 Metaspace       used 13474K, capacity 13806K, committed 13952K, reserved 1060864K
  class space    used 1525K, capacity 1588K, committed 1664K, reserved 1048576K
}
Event: 5.759 GC heap before
{Heap before GC invocations=571 (full 0):
 def new generation   total 1152K, used 1151K [0x00000000a2400000, 0x00000000a2540000, 0x00000000c1800000)
  eden space 1024K,  99% used [0x00000000a2400000, 0x00000000a24fff48, 0x00000000a2500000)
  from space 128K,  99% used [0x00000000a2520000, 0x00000000a253fff8, 0x00000000a2540000)
  to   space 128K,   0% used [0x00000000a2500000, 0x00000000a2500000, 0x00000000a2520000)
 tenured generation   total 129792K, used 50802K [0x00000000c1800000, 0x00000000c96c0000, 0x0000000100000000)
   the space 129792K,  39% used [0x00000000c1800000, 0x00000000c499cb98, 0x00000000c499cc00, 0x00000000c96c0000)
 Metaspace       used 13474K, capacity 13806K, committed 13952K, reserved 1060864K
  class space    used 1525K, capacity 1588K, committed 1664K, reserved 1048576K
Event: 5.760 GC heap after
Heap after GC invocations=572 (full 0):
 def new generation   total 1152K, used 75K [0x00000000a2400000, 0x00000000a2540000, 0x00000000c1800000)
  eden space 1024K,   0% used [0x00000000a2400000, 0x00000000a2400000, 0x00000000a2500000)
  from space 128K,  58% used [0x00000000a2500000, 0x00000000a2512c98, 0x00000000a2520000)
  to   space 128K,   0% used [0x00000000a2520000, 0x00000000a2520000, 0x00000000a2540000)
 tenured generation   total 129792K, used 50885K [0x00000000c1800000, 0x00000000c96c0000, 0x0000000100000000)
   the space 129792K,  39% used [0x00000000c1800000, 0x00000000c49b1558, 0x00000000c49b1600, 0x00000000c96c0000)
 Metaspace       used 13474K, capacity 13806K, committed 13952K, reserved 1060864K
  class space    used 1525K, capacity 1588K, committed 1664K, reserved 1048576K
}
Event: 5.773 GC heap before
{Heap before GC invocations=572 (full 0):
 def new generation   total 1152K, used 1099K [0x00000000a2400000, 0x00000000a2540000, 0x00000000c1800000)
  eden space 1024K, 100% used [0x00000000a2400000, 0x00000000a2500000, 0x00000000a2500000)
  from space 128K,  58% used [0x00000000a2500000, 0x00000000a2512c98, 0x00000000a2520000)
  to   space 128K,   0% used [0x00000000a2520000, 0x00000000a2520000, 0x00000000a2540000)
 tenured generation   total 129792K, used 50885K [0x00000000c1800000, 0x00000000c96c0000, 0x0000000100000000)
   the space 129792K,  39% used [0x00000000c1800000, 0x00000000c49b1558, 0x00000000c49b1600, 0x00000000c96c0000)
 Metaspace       used 13722K, capacity 14032K, committed 14208K, reserved 1062912K
  class space    used 1548K, capacity 1622K, committed 1664K, reserved 1048576K
Event: 5.774 GC heap after
Heap after GC invocations=573 (full 0):
 def new generation   total 1152K, used 124K [0x00000000a2400000, 0x00000000a2540000, 0x00000000c1800000)
  eden space 1024K,   0% used [0x00000000a2400000, 0x00000000a2400000, 0x00000000a2500000)
  from space 128K,  97% used [0x00000000a2520000, 0x00000000a253f300, 0x00000000a2540000)
  to   space 128K,   0% used [0x00000000a2500000, 0x00000000a2500000, 0x00000000a2520000)
 tenured generation   total 129792K, used 50899K [0x00000000c1800000, 0x00000000c96c0000, 0x0000000100000000)
   the space 129792K,  39% used [0x00000000c1800000, 0x00000000c49b4cb0, 0x00000000c49b4e00, 0x00000000c96c0000)
 Metaspace       used 13722K, capacity 14032K, committed 14208K, reserved 1062912K
  class space    used 1548K, capacity 1622K, committed 1664K, reserved 1048576K
}

Deoptimization events (10 events):
Event: 3.066 Thread 0x0000000002f57000 Uncommon trap: reason=class_check action=maybe_recompile pc=0x00000000035c0810 method=java.io.FilterInputStream.read([BII)I @ 7
Event: 3.066 Thread 0x0000000002f57000 Uncommon trap: reason=class_check action=maybe_recompile pc=0x00000000035c0810 method=java.io.FilterInputStream.read([BII)I @ 7
Event: 5.147 Thread 0x0000000002f57000 Uncommon trap: reason=class_check action=maybe_recompile pc=0x0000000003a7e6e0 method=java.util.Collections$UnmodifiableMap$UnmodifiableEntrySet$UnmodifiableEntry.<init>(Ljava/util/Map$Entry;)V @ 9
Event: 5.153 Thread 0x0000000002f57000 Uncommon trap: reason=class_check action=maybe_recompile pc=0x0000000003a7e6e0 method=java.util.Collections$UnmodifiableMap$UnmodifiableEntrySet$UnmodifiableEntry.<init>(Ljava/util/Map$Entry;)V @ 9
Event: 5.153 Thread 0x0000000002f57000 Uncommon trap: reason=class_check action=maybe_recompile pc=0x0000000003a7e6e0 method=java.util.Collections$UnmodifiableMap$UnmodifiableEntrySet$UnmodifiableEntry.<init>(Ljava/util/Map$Entry;)V @ 9
Event: 5.153 Thread 0x0000000002f57000 Uncommon trap: reason=class_check action=maybe_recompile pc=0x0000000003a7e6e0 method=java.util.Collections$UnmodifiableMap$UnmodifiableEntrySet$UnmodifiableEntry.<init>(Ljava/util/Map$Entry;)V @ 9
Event: 5.765 Thread 0x0000000002f57000 Uncommon trap: reason=class_check action=maybe_recompile pc=0x000000000396a0d4 method=java.util.concurrent.ConcurrentHashMap.get(Ljava/lang/Object;)Ljava/lang/Object; @ 149
Event: 5.765 Thread 0x0000000002f57000 Uncommon trap: reason=class_check action=maybe_recompile pc=0x000000000396a0d4 method=java.util.concurrent.ConcurrentHashMap.get(Ljava/lang/Object;)Ljava/lang/Object; @ 149
Event: 5.765 Thread 0x0000000002f57000 Uncommon trap: reason=class_check action=maybe_recompile pc=0x000000000396a0d4 method=java.util.concurrent.ConcurrentHashMap.get(Ljava/lang/Object;)Ljava/lang/Object; @ 149
Event: 5.765 Thread 0x0000000002f57000 Uncommon trap: reason=class_check action=maybe_recompile pc=0x000000000396a0d4 method=java.util.concurrent.ConcurrentHashMap.get(Ljava/lang/Object;)Ljava/lang/Object; @ 149

Internal exceptions (10 events):
Event: 5.769 Thread 0x0000000002f57000 Exception <a 'java/security/PrivilegedActionException'> (0x00000000a249c190) thrown at [D:\re\workspace\8-2-build-windows-amd64-cygwin\jdk8u5\2488\hotspot\src\share\vm\prims\jvm.cpp, line 1248]
Event: 5.770 Thread 0x0000000002f57000 Exception <a 'java/security/PrivilegedActionException'> (0x00000000a24a5d80) thrown at [D:\re\workspace\8-2-build-windows-amd64-cygwin\jdk8u5\2488\hotspot\src\share\vm\prims\jvm.cpp, line 1248]
Event: 5.770 Thread 0x0000000002f57000 Exception <a 'java/security/PrivilegedActionException'> (0x00000000a24b70c0) thrown at [D:\re\workspace\8-2-build-windows-amd64-cygwin\jdk8u5\2488\hotspot\src\share\vm\prims\jvm.cpp, line 1248]
Event: 5.770 Thread 0x0000000002f57000 Exception <a 'java/security/PrivilegedActionException'> (0x00000000a24c2890) thrown at [D:\re\workspace\8-2-build-windows-amd64-cygwin\jdk8u5\2488\hotspot\src\share\vm\prims\jvm.cpp, line 1248]
Event: 5.771 Thread 0x0000000002f57000 Exception <a 'java/security/PrivilegedActionException'> (0x00000000a24cf4d8) thrown at [D:\re\workspace\8-2-build-windows-amd64-cygwin\jdk8u5\2488\hotspot\src\share\vm\prims\jvm.cpp, line 1248]
Event: 5.771 Thread 0x0000000002f57000 Exception <a 'java/security/PrivilegedActionException'> (0x00000000a24d91c0) thrown at [D:\re\workspace\8-2-build-windows-amd64-cygwin\jdk8u5\2488\hotspot\src\share\vm\prims\jvm.cpp, line 1248]
Event: 5.772 Thread 0x0000000002f57000 Exception <a 'java/security/PrivilegedActionException'> (0x00000000a24ee970) thrown at [D:\re\workspace\8-2-build-windows-amd64-cygwin\jdk8u5\2488\hotspot\src\share\vm\prims\jvm.cpp, line 1248]
Event: 5.772 Thread 0x0000000002f57000 Exception <a 'java/security/PrivilegedActionException'> (0x00000000a24f9de0) thrown at [D:\re\workspace\8-2-build-windows-amd64-cygwin\jdk8u5\2488\hotspot\src\share\vm\prims\jvm.cpp, line 1248]
Event: 5.773 Thread 0x0000000002f57000 Exception <a 'java/security/PrivilegedActionException'> (0x00000000a24ff3d8) thrown at [D:\re\workspace\8-2-build-windows-amd64-cygwin\jdk8u5\2488\hotspot\src\share\vm\prims\jvm.cpp, line 1248]
Event: 5.777 Thread 0x0000000002f57000 Exception <a 'java/security/PrivilegedActionException'> (0x00000000a2406ff8) thrown at [D:\re\workspace\8-2-build-windows-amd64-cygwin\jdk8u5\2488\hotspot\src\share\vm\prims\jvm.cpp, line 1248]

Events (10 events):
Event: 5.772 loading class com/altera/utilities/FileUtilities
Event: 5.772 loading class com/altera/utilities/FileUtilities done
Event: 5.772 loading class com/altera/utilities/FileUtilities$1
Event: 5.772 loading class com/altera/utilities/FileUtilities$1 done
Event: 5.773 loading class com/altera/utilities/FileUtilities$AlteraIpException
Event: 5.773 loading class com/altera/utilities/FileUtilities$AlteraIpException done
Event: 5.773 Executing VM operation: GenCollectForAllocation
Event: 5.774 Executing VM operation: GenCollectForAllocation done
Event: 5.776 loading class com/altera/utilities/FileUtilities$IpError
Event: 5.776 loading class com/altera/utilities/FileUtilities$IpError done


Dynamic libraries:
0x00007ff651890000 - 0x00007ff6518c4000 	D:\intelfpga\18.0\quartus\bin64\jre64\bin\java.exe
0x00007ff8a8690000 - 0x00007ff8a8885000 	C:\WINDOWS\SYSTEM32\ntdll.dll
0x00007ff8a81b0000 - 0x00007ff8a826d000 	C:\WINDOWS\System32\KERNEL32.DLL
0x00007ff8a61a0000 - 0x00007ff8a6467000 	C:\WINDOWS\System32\KERNELBASE.dll
0x00007ff8a83d0000 - 0x00007ff8a847a000 	C:\WINDOWS\System32\ADVAPI32.dll
0x00007ff8a85b0000 - 0x00007ff8a864e000 	C:\WINDOWS\System32\msvcrt.dll
0x00007ff8a66f0000 - 0x00007ff8a678b000 	C:\WINDOWS\System32\sechost.dll
0x00007ff8a8480000 - 0x00007ff8a85a4000 	C:\WINDOWS\System32\RPCRT4.dll
0x00007ff8a7900000 - 0x00007ff8a7aa0000 	C:\WINDOWS\System32\USER32.dll
0x00007ff8a5e30000 - 0x00007ff8a5e52000 	C:\WINDOWS\System32\win32u.dll
0x00007ff8a6e40000 - 0x00007ff8a6e6a000 	C:\WINDOWS\System32\GDI32.dll
0x00007ff8a6090000 - 0x00007ff8a6199000 	C:\WINDOWS\System32\gdi32full.dll
0x00007ff8a64a0000 - 0x00007ff8a653d000 	C:\WINDOWS\System32\msvcp_win.dll
0x00007ff8a5e60000 - 0x00007ff8a5f60000 	C:\WINDOWS\System32\ucrtbase.dll
0x00007ff89eeb0000 - 0x00007ff89f14b000 	C:\WINDOWS\WinSxS\amd64_microsoft.windows.common-controls_6595b64144ccf1df_6.0.19041.488_none_ca04af081b815d21\COMCTL32.dll
0x00007ff8a8180000 - 0x00007ff8a81b0000 	C:\WINDOWS\System32\IMM32.DLL
0x00000000504b0000 - 0x0000000050582000 	D:\intelfpga\18.0\quartus\bin64\jre64\bin\msvcr100.dll
0x0000000077580000 - 0x0000000077daa000 	D:\intelfpga\18.0\quartus\bin64\jre64\bin\server\jvm.dll
0x00007ff8a83b0000 - 0x00007ff8a83b8000 	C:\WINDOWS\System32\PSAPI.DLL
0x00007ff886130000 - 0x00007ff886139000 	C:\WINDOWS\SYSTEM32\WSOCK32.dll
0x00007ff89f150000 - 0x00007ff89f177000 	C:\WINDOWS\SYSTEM32\WINMM.dll
0x00007ff8a8270000 - 0x00007ff8a82db000 	C:\WINDOWS\System32\WS2_32.dll
0x0000000050460000 - 0x000000005046f000 	D:\intelfpga\18.0\quartus\bin64\jre64\bin\verify.dll
0x0000000050430000 - 0x0000000050458000 	D:\intelfpga\18.0\quartus\bin64\jre64\bin\java.dll
0x0000000050410000 - 0x0000000050426000 	D:\intelfpga\18.0\quartus\bin64\jre64\bin\zip.dll
0x00007ff8a7070000 - 0x00007ff8a77b1000 	C:\WINDOWS\System32\SHELL32.dll
0x00007ff8a3f50000 - 0x00007ff8a46e3000 	C:\WINDOWS\SYSTEM32\windows.storage.dll
0x00007ff8a7b90000 - 0x00007ff8a7ee5000 	C:\WINDOWS\System32\combase.dll
0x00007ff8a5840000 - 0x00007ff8a586c000 	C:\WINDOWS\SYSTEM32\Wldp.dll
0x00007ff8a6790000 - 0x00007ff8a683e000 	C:\WINDOWS\System32\SHCORE.dll
0x00007ff8a78a0000 - 0x00007ff8a78f5000 	C:\WINDOWS\System32\shlwapi.dll
0x00007ff8a5d00000 - 0x00007ff8a5d26000 	C:\WINDOWS\SYSTEM32\profapi.dll
0x00007ff8a57a0000 - 0x00007ff8a57b8000 	C:\WINDOWS\SYSTEM32\CRYPTSP.dll
0x00007ff8a4ee0000 - 0x00007ff8a4f14000 	C:\WINDOWS\system32\rsaenh.dll
0x00007ff8a6470000 - 0x00007ff8a6497000 	C:\WINDOWS\System32\bcrypt.dll
0x00007ff8a5cc0000 - 0x00007ff8a5cee000 	C:\WINDOWS\SYSTEM32\USERENV.dll
0x00007ff8a5f60000 - 0x00007ff8a5fdf000 	C:\WINDOWS\System32\bcryptprimitives.dll
0x00007ff8a5790000 - 0x00007ff8a579c000 	C:\WINDOWS\SYSTEM32\CRYPTBASE.dll
0x00000000503f0000 - 0x000000005040a000 	D:\intelFPGA\18.0\quartus\bin64\jre64\bin\net.dll
0x00007ff8a55c0000 - 0x00007ff8a562a000 	C:\WINDOWS\system32\mswsock.dll
0x00007ff8a5260000 - 0x00007ff8a529b000 	C:\WINDOWS\SYSTEM32\IPHLPAPI.DLL
0x00007ff8a83c0000 - 0x00007ff8a83c9000 	C:\WINDOWS\System32\NSI.dll
0x00007ff8a0c90000 - 0x00007ff8a0ca7000 	C:\WINDOWS\SYSTEM32\dhcpcsvc6.DLL
0x00007ff8a0400000 - 0x00007ff8a041d000 	C:\WINDOWS\SYSTEM32\dhcpcsvc.DLL
0x00007ff8a52b0000 - 0x00007ff8a537b000 	C:\WINDOWS\SYSTEM32\DNSAPI.dll
0x00000000503d0000 - 0x00000000503e1000 	D:\intelFPGA\18.0\quartus\bin64\jre64\bin\nio.dll
0x00007ff886ba0000 - 0x00007ff886ba6000 	D:\intelFPGA\18.0\quartus\bin64\sld_utiljni.dll
0x00007ff898c20000 - 0x00007ff898d0f000 	D:\intelFPGA\18.0\quartus\bin64\MSVCR120.dll
0x0000000051b80000 - 0x0000000051d07000 	D:\intelFPGA\18.0\quartus\bin64\tcl86.dll
0x00007ff8997a0000 - 0x00007ff8997b8000 	C:\WINDOWS\SYSTEM32\NETAPI32.dll
0x00007ff8a52a0000 - 0x00007ff8a52ac000 	C:\WINDOWS\SYSTEM32\NETUTILS.DLL
0x00007ff89fd60000 - 0x00007ff89fd79000 	C:\WINDOWS\SYSTEM32\SAMCLI.DLL
0x00007ff8a53d0000 - 0x00007ff8a5412000 	C:\WINDOWS\SYSTEM32\LOGONCLI.DLL
0x00007ff889360000 - 0x00007ff889420000 	D:\intelFPGA\18.0\quartus\bin64\ccl_sqlite3.dll
0x00007ff886760000 - 0x00007ff886770000 	D:\intelFPGA\18.0\quartus\bin64\ccl_sqlite3_jdbc_jni_bridge.dll
0x00007ff854b60000 - 0x00007ff854d2b000 	D:\intelFPGA\18.0\quartus\bin64\sld_filejni.dll
0x00007ff8a6fa0000 - 0x00007ff8a706d000 	C:\WINDOWS\System32\OLEAUT32.dll
0x00007ff8a6d10000 - 0x00007ff8a6e39000 	C:\WINDOWS\System32\ole32.dll
0x00007ff8a77c0000 - 0x00007ff8a789a000 	C:\WINDOWS\System32\COMDLG32.dll
0x00007ff891540000 - 0x00007ff8916c8000 	D:\intelFPGA\18.0\quartus\bin64\dbghelp.dll

VM Arguments:
jvm_args: -Xmx1500M -XX:+UseSerialGC 
java_command: com.altera.sopcmodel.sbtools.sbgenerate.SbGenerate --output-directory=K:/work/tr/SOFT_work/FPGA/v3_10m50da/db/ip/sldcae26b15/ --project-directory=K:/work/tr/SOFT_work/FPGA/v3_10m50da/ --file-set=QUARTUS_SYNTH --system-info=DEVICE_FAMILY=MAX 10 --report-file=xml:K:/work/tr/SOFT_work/FPGA/v3_10m50da/db/ip/sldcae26b15/alt_sld_fab__report.xml --report-file=html:K:/work/tr/SOFT_work/FPGA/v3_10m50da/db/ip/sldcae26b15/alt_sld_fab__report.html --component-name=alt_sld_fab --component-file=./db/ip/sldcae26b15/alt_sld_fab_wrapper_hw.tcl --report-file=sopcinfo:K:/work/tr/SOFT_work/FPGA/v3_10m50da/db/ip/sldcae26b15/alt_sld_fab.sopcinfo --report-file=qip:K:/work/tr/SOFT_work/FPGA/v3_10m50da/db/ip/sldcae26b15/alt_sld_fab.qip --remove-qsys-generate-warning
java_class_path (initial): D:/intelfpga/18.0/quartus/sopc_builder/model/lib\Nlview.jar;D:/intelfpga/18.0/quartus/sopc_builder/model/lib\QuickServer.jar;D:/intelfpga/18.0/quartus/sopc_builder/model/lib\TableLayout.jar;D:/intelfpga/18.0/quartus/sopc_builder/model/lib\appframework-1.03.jar;D:/intelfpga/18.0/quartus/sopc_builder/model/lib\asm-3.1.jar;D:/intelfpga/18.0/quartus/sopc_builder/model/lib\asm-commons-3.1.jar;D:/intelfpga/18.0/quartus/sopc_builder/model/lib\basicmodel.jar;D:/intelfpga/18.0/quartus/sopc_builder/model/lib\beansbinding-1.2.1.jar;D:/intelfpga/18.0/quartus/sopc_builder/model/lib\binding-2.0.6.jar;D:/intelfpga/18.0/quartus/sopc_builder/model/lib\com.altera.componenteditor2.jar;D:/intelfpga/18.0/quartus/sopc_builder/model/lib\com.altera.embeddedsw.app_lib.jar;D:/intelfpga/18.0/quartus/sopc_builder/model/lib\com.altera.embeddedsw.bsp.editor.jar;D:/intelfpga/18.0/quartus/sopc_builder/model/lib\com.altera.embeddedsw.bsp.elements.jar;D:/intelfpga/18.0/quartus/sopc_builder/model/lib\com.altera.embeddedsw.bsp.jar;D:/intelfpga/18.0/quartus/sopc_builder/model/lib\com.altera.embeddedsw.bsp.plugin.core.jar;D:/intelfpga/18.0/quartus/sopc_builder/model/lib\com.altera.embeddedsw.bsp.plugin.hal.jar;D:/intelfpga/18.0/quartus/sopc_builder/model/lib\com.altera.embeddedsw.bsp.plugin.lwhal.jar;D:/intelfpga/18.0/quartus/sopc_builder/model/lib\com.altera.embeddedsw.bsp.schema.jar;D:/intelfpga/18.0/quartus/sopc_builder/model/lib\com.altera.embeddedsw.bsp.scripting.jar;D:/intelfpga/18.0/quartus/sopc_builder/model/lib\com.altera.embeddedsw.commandline.jar;D:/intelfpga/18.0/quartus/sopc_builder/model/lib\com.altera.embeddedsw.cpexample.jar;D:/intelfpga/18.0/quartus/sopc_builder/model/lib\com.altera.embeddedsw.flash.jar;D:/intelfpga/18.0/quartus/sopc_builder/model/lib\com.altera.embeddedsw.launch.jar;D:/intelfpga/18.0/quartus/sopc_builder/model/lib\com.altera.embeddedsw.swinfo.jar;D:/intelfpga/18.0/quartus/sopc_builder/model/lib\com.altera.embeddedsw.utilities.jar;D:/intelfp
Launcher Type: SUN_STANDARD

Environment Variables:
PATH=D:/intelfpga/18.0/quartus/bin64;d:\intelfpga\18.0\quartus\bin64\;d:\intelfpga\18.0\quartus\bin64\;D:\Program Files (x86)\VMware\VMware Workstation\bin\;C:\Users\Кошлики\Pyton 3.9.2\Scripts\;C:\Users\Кошлики\Pyton 3.9.2\;d:\VulkanSDK\1.2.154.1\Bin;C:\Program Files (x86)\Common Files\Intel\Shared Libraries\redist\intel64_win\compiler;C:\Program Files (x86)\NVIDIA Corporation\PhysX\Common;C:\Program Files (x86)\Common Files\Oracle\Java\javapath;C:\Program Files (x86)\Python38-32\Scripts\;C:\Program Files (x86)\Python38-32\;C:\WINDOWS\system32;C:\WINDOWS;C:\WINDOWS\System32\Wbem;C:\WINDOWS\System32\WindowsPowerShell\v1.0\;C:\WINDOWS\System32\OpenSSH\;C:\Program Files (x86)\dotnet\;E:\Program Files\matlab2017\bin;C:\Program Files\dotnet\;C:\Program Files\Microsoft SQL Server\130\Tools\Binn\;C:\Program Files\Microsoft SQL Server\Client SDK\ODBC\170\Tools\Binn\;C:\Program Files (x86)\IVI Foundation\VISA\WinNT\Bin;E:\Program Files (x86)\P-CAD 2006 Viewer\;C:\Program Files (x86)\Windows Kits\8.1\Windows Performance Toolkit\;C:\Program Files\Microsoft SQL Server\110\Tools\Binn\;C:\Program Files (x86)\Common Files\Autodesk Shared\;D:\Program Files\PuTTY\;E:\MSV\python374\Scripts\;E:\MSV\python374\;C:\Users\slash\AppData\Local\Microsoft\WindowsApps;;E:\MSV\Microsoft VS Code\bin;e:\Program Files\JetBrains\PyCharm Community Edition 2019.2.3\bin;
USERNAME=slash
OS=Windows_NT
PROCESSOR_IDENTIFIER=Intel64 Family 6 Model 58 Stepping 9, GenuineIntel



---------------  S Y S T E M  ---------------

OS: Windows 8.1 , 64 bit Build 9600 

CPU:total 4 (4 cores per cpu, 1 threads per core) family 6 model 58 stepping 9, cmov, cx8, fxsr, mmx, sse, sse2, sse3, ssse3, sse4.1, sse4.2, popcnt, avx, aes, clmul, erms, tsc, tscinvbit

Memory: 4k page, physical 8349652k(905960k free), swap 8349652k(18104k free)

vm_info: Java HotSpot(TM) 64-Bit Server VM (25.5-b02) for windows-amd64 JRE (1.8.0_05-b13), built on Mar 18 2014 01:08:39 by "java_re" with MS VC++ 10.0 (VS2010)

time: Thu May 13 22:48:10 2021
elapsed time: 5 seconds

