#
# A fatal error has been detected by the Java Runtime Environment:
#
#  EXCEPTION_ACCESS_VIOLATION (0xc0000005) at pc=0x00007ff898c5c963, pid=22308, tid=14932
#
# JRE version: Java(TM) SE Runtime Environment (8.0_05-b13) (build 1.8.0_05-b13)
# Java VM: Java HotSpot(TM) 64-Bit Server VM (25.5-b02 mixed mode windows-amd64 compressed oops)
# Problematic frame:
# C  [MSVCR120.dll+0x3c963]
#
# Failed to write core dump. Minidumps are not enabled by default on client versions of Windows
#
# If you would like to submit a bug report, please visit:
#   http://bugreport.sun.com/bugreport/crash.jsp
# The crash happened outside the Java Virtual Machine in native code.
# See problematic frame for where to report the bug.
#

---------------  T H R E A D  ---------------

Current thread (0x0000000002db7000):  JavaThread "main" [_thread_in_native, id=14932, stack(0x0000000002cb0000,0x0000000002db0000)]

siginfo: ExceptionCode=0xc0000005, writing address 0x0000000000000000

Registers:
RAX=0x0000000000000000, RBX=0x0000000000000000, RCX=0x00000000044c0558, RDX=0x0000000000000000
RSP=0x0000000002dae000, RBP=0x00000000180771d0, RSI=0x0000000018113b70, RDI=0x0000000000000000
R8 =0x00000000044c0558, R9 =0x0000000002dadfb8, R10=0x0000000000000017, R11=0x0000000000000000
R12=0x00007ff898cfc500, R13=0x0000000000000001, R14=0x0000000000000001, R15=0x00007ff832e9f33c
RIP=0x00007ff898c5c963, EFLAGS=0x0000000000010207

Top of Stack: (sp=0x0000000002dae000)
0x0000000002dae000:   0000000000000000 00007ff832e9d355
0x0000000002dae010:   0000000000000000 00000000044c0558
0x0000000002dae020:   0000000000000040 0000000000000000
0x0000000002dae030:   0000000000000001 00007ff832e9b3f0
0x0000000002dae040:   0000000000000000 00000000180771d0
0x0000000002dae050:   0000000018113b70 0000000000000000
0x0000000002dae060:   00007ff898cfc500 00007ff832e9bcd7
0x0000000002dae070:   00007ff898cfc500 0000000018113b70
0x0000000002dae080:   000300062f9c138b 000000001961a600
0x0000000002dae090:   0000000000000000 0000000000000000
0x0000000002dae0a0:   0000000000000000 00007ff832e9c798
0x0000000002dae0b0:   000000001961a040 000000001961a608
0x0000000002dae0c0:   0000000000000000 0000000000000000
0x0000000002dae0d0:   00007ff832e9f32c 00007ff832e9f334
0x0000000002dae0e0:   000000001961a608 82f6335651254cf1
0x0000000002dae0f0:   0000000002dae6f0 00000000173c3220 

Instructions: (pc=0x00007ff898c5c963)
0x00007ff898c5c943:   0f b6 d2 49 83 f8 10 0f 82 5c 01 00 00 0f ba 25
0x00007ff898c5c953:   00 4e 0a 00 01 73 0e 57 48 8b f9 8b c2 49 8b c8
0x00007ff898c5c963:   f3 aa 5f eb 6d 49 b9 01 01 01 01 01 01 01 01 49
0x00007ff898c5c973:   0f af d1 0f ba 25 da 4d 0a 00 02 0f 82 9c 00 00 


Register to memory mapping:

RAX=0x0000000000000000 is an unknown value
RBX=0x0000000000000000 is an unknown value
RCX=0x00000000044c0558 is an unknown value
RDX=0x0000000000000000 is an unknown value
RSP=0x0000000002dae000 is pointing into the stack for thread: 0x0000000002db7000
RBP=0x00000000180771d0 is an unknown value
RSI=0x0000000018113b70 is an unknown value
RDI=0x0000000000000000 is an unknown value
R8 =0x00000000044c0558 is an unknown value
R9 =0x0000000002dadfb8 is pointing into the stack for thread: 0x0000000002db7000
R10=0x0000000000000017 is an unknown value
R11=0x0000000000000000 is an unknown value
R12=0x00007ff898cfc500 is an unknown value
R13=0x0000000000000001 is an unknown value
R14=0x0000000000000001 is an unknown value
R15=0x00007ff832e9f33c is an unknown value


Stack: [0x0000000002cb0000,0x0000000002db0000],  sp=0x0000000002dae000,  free space=1016k
Native frames: (J=compiled Java code, j=interpreted, Vv=VM code, C=native code)
C  [MSVCR120.dll+0x3c963]

Java frames: (J=compiled Java code, j=interpreted, Vv=VM code)
j  com.altera.utilities.FileUtilities.write0(Ljava/lang/String;Ljava/lang/String;I[Ljava/lang/String;)Z+0
j  com.altera.utilities.FileUtilities.writeFile(Ljava/io/File;Ljava/lang/String;Ljava/util/Collection;)V+116
j  com.altera.utilities.OutputStreamEncryptingFilter.close()V+162
j  java.io.PrintStream.close()V+27
j  com.altera.hdlwriter.internal.OldEntityWriterInternal.writeHDL(Ljava/lang/String;Ljava/lang/String;Ljava/util/Collection;Lcom/altera/hdlwriter/internal/IModuleSystemParamExprs;Ljava/io/OutputStream;)V+615
j  com.altera.hdlwriter.internal.OldEntityWriterInternal.writeHDLInternal(Ljava/lang/String;Lcom/altera/entityinterfaces/IModule;Lcom/altera/entityinterfaces/moduleext/IModuleSystem2;Ljava/io/OutputStream;)V+505
j  com.altera.hdlwriter.internal.EntityWriter.writeHDL(Ljava/lang/String;Lcom/altera/entityinterfaces/IModule;Lcom/altera/entityinterfaces/moduleext/IModuleSystem2;Lcom/altera/hdlwriter/EntityHdlOptions;Lcom/altera/entityinterfaces/moduleext/IGenerateCallbacks;Lcom/altera/entityinterfaces/message/IMessageLogger;Ljava/io/OutputStream;)V+17
j  com.altera.hdlwriter.EntityHDLWriter.writeHDL(Ljava/lang/String;Lcom/altera/entityinterfaces/IModule;Lcom/altera/entityinterfaces/moduleext/IModuleSystem2;Lcom/altera/hdlwriter/EntityHdlOptions;Lcom/altera/entityinterfaces/moduleext/IGenerateCallbacks;Lcom/altera/entityinterfaces/message/IMessageLogger;Ljava/io/OutputStream;)V+10
j  com.altera.sopcmodel.components.tclmodule.LiveModuleGenerateComposedFileset.generateComposedSet(Ljava/lang/String;Lcom/altera/entityinterfaces/message/IMessageLogger;Lcom/altera/entityinterfaces/moduleext/IGenerateCallbacks;Lcom/altera/entityinterfaces/moduleext/IModuleGenerateFileSets$EFilesetPurpose;Ljava/lang/String;)Lcom/altera/entityinterfaces/IModule;+131
j  com.altera.sopcmodel.components.tclmodule.LiveModuleGenerateComposedFileset.access$400(Lcom/altera/sopcmodel/components/tclmodule/LiveModuleGenerateComposedFileset;Ljava/lang/String;Lcom/altera/entityinterfaces/message/IMessageLogger;Lcom/altera/entityinterfaces/moduleext/IGenerateCallbacks;Lcom/altera/entityinterfaces/moduleext/IModuleGenerateFileSets$EFilesetPurpose;Ljava/lang/String;)Lcom/altera/entityinterfaces/IModule;+8
j  com.altera.sopcmodel.components.tclmodule.LiveModuleGenerateComposedFileset$AutoFileSet.generateAutoSet(Ljava/lang/String;Lcom/altera/entityinterfaces/message/IMessageLogger;Lcom/altera/entityinterfaces/moduleext/IGenerateCallbacks;Lcom/altera/entityinterfaces/moduleext/IModuleGenerateFileSets$EFilesetPurpose;)V+69
j  com.altera.sopcmodel.components.tclmodule.LiveModuleGenerateComposedFileset$AutoFileSet.generate(Ljava/lang/String;Lcom/altera/entityinterfaces/message/IMessageLogger;Lcom/altera/entityinterfaces/moduleext/IGenerateCallbacks;)V+10
j  com.altera.sopc.generator.FileSet2.generate(Ljava/lang/String;Lcom/altera/entityinterfaces/message/IMessageLogger;Lcom/altera/entityinterfaces/moduleext/IModuleGenerateFileSets2$IGenerateCallbacks2;)V+42
j  com.altera.sopc.generator.Sellafield.generate(Lcom/altera/entityinterfaces/message/IMessageLogger;)V+611
j  com.altera.sopcmodel.sbtools.sbgenerate.SbGenerate.performGeneration(Lcom/altera/entityinterfaces/IModule;Lcom/altera/entityinterfaces/moduleext/IModuleGenerateFileSets2$IFileSet2;Lcom/altera/sopcmodel/util/MessageLogger;)Lcom/altera/sopc/generator/interfaces/ISystemGenerator;+28
j  com.altera.sopcmodel.sbtools.sbgenerate.SbGenerate.act()I+214
j  com.altera.utilities.AltCmdLineToolBase.runTheTool([Ljava/lang/String;)I+38
j  com.altera.sopcmodel.sbtools.sbgenerate.SbGenerate.main([Ljava/lang/String;)V+54
v  ~StubRoutines::call_stub

---------------  P R O C E S S  ---------------

Java Threads: ( => current thread )
  0x00000000141d9000 JavaThread "Tcl Isolation Thread" daemon [_thread_blocked, id=18152, stack(0x0000000017740000,0x0000000017840000)]
  0x00000000130d9000 JavaThread "Service Thread" daemon [_thread_blocked, id=13016, stack(0x0000000013960000,0x0000000013a60000)]
  0x000000001306d800 JavaThread "C1 CompilerThread2" daemon [_thread_blocked, id=18372, stack(0x0000000013860000,0x0000000013960000)]
  0x0000000013061800 JavaThread "C2 CompilerThread1" daemon [_thread_blocked, id=9516, stack(0x0000000013760000,0x0000000013860000)]
  0x000000001305e000 JavaThread "C2 CompilerThread0" daemon [_thread_blocked, id=11512, stack(0x0000000013660000,0x0000000013760000)]
  0x000000001305c800 JavaThread "Attach Listener" daemon [_thread_blocked, id=13180, stack(0x0000000013560000,0x0000000013660000)]
  0x000000001305b000 JavaThread "Signal Dispatcher" daemon [_thread_blocked, id=16796, stack(0x0000000013460000,0x0000000013560000)]
  0x0000000002ea2800 JavaThread "Finalizer" daemon [_thread_blocked, id=11196, stack(0x0000000013360000,0x0000000013460000)]
  0x0000000002e9b000 JavaThread "Reference Handler" daemon [_thread_blocked, id=14000, stack(0x0000000013260000,0x0000000013360000)]
=>0x0000000002db7000 JavaThread "main" [_thread_in_native, id=14932, stack(0x0000000002cb0000,0x0000000002db0000)]

Other Threads:
  0x0000000002e95800 VMThread [stack: 0x0000000013160000,0x0000000013260000] [id=18804]
  0x0000000013114800 WatcherThread [stack: 0x0000000013a60000,0x0000000013b60000] [id=10276]

VM state:not at safepoint (normal execution)

VM Mutex/Monitor currently owned by a thread: None

Heap:
 def new generation   total 1152K, used 600K [0x00000000a2400000, 0x00000000a2540000, 0x00000000c1800000)
  eden space 1024K,  55% used [0x00000000a2400000, 0x00000000a248d678, 0x00000000a2500000)
  from space 128K,  27% used [0x00000000a2520000, 0x00000000a2528b30, 0x00000000a2540000)
  to   space 128K,   0% used [0x00000000a2500000, 0x00000000a2500000, 0x00000000a2520000)
 tenured generation   total 129792K, used 63809K [0x00000000c1800000, 0x00000000c96c0000, 0x0000000100000000)
   the space 129792K,  49% used [0x00000000c1800000, 0x00000000c56506d8, 0x00000000c5650800, 0x00000000c96c0000)
 Metaspace       used 19479K, capacity 20044K, committed 20352K, reserved 1067008K
  class space    used 2241K, capacity 2368K, committed 2432K, reserved 1048576K

Card table byte_map: [0x0000000012270000,0x0000000012560000] byte_map_base: 0x0000000011d5e000

Polling page: 0x0000000001110000

CodeCache: size=245760Kb used=14410Kb max_used=14410Kb free=231349Kb
 bounds [0x0000000002eb0000, 0x0000000003ce0000, 0x0000000011eb0000]
 total_blobs=4248 nmethods=3886 adapters=275
 compilation: enabled

Compilation events (10 events):
Event: 13.362 Thread 0x000000001306d800 4576       3       com.altera.sopcmodel.components.tclmodule.LiveModuleClassBase::getName (8 bytes)
Event: 13.363 Thread 0x000000001306d800 nmethod 4576 0x0000000003cd16d0 code [0x0000000003cd1820, 0x0000000003cd19b0]
Event: 13.367 Thread 0x000000001306d800 4577       3       java.nio.CharBuffer::hasArray (20 bytes)
Event: 13.367 Thread 0x000000001306d800 nmethod 4577 0x0000000003cd12d0 code [0x0000000003cd1420, 0x0000000003cd1610]
Event: 13.367 Thread 0x000000001306d800 4578       3       java.nio.ByteBuffer::hasArray (20 bytes)
Event: 13.367 Thread 0x000000001306d800 nmethod 4578 0x0000000003cd43d0 code [0x0000000003cd4520, 0x0000000003cd4710]
Event: 13.369 Thread 0x000000001306d800 4579       3       java.nio.CharBuffer::array (35 bytes)
Event: 13.369 Thread 0x000000001306d800 nmethod 4579 0x0000000003cd4790 code [0x0000000003cd4920, 0x0000000003cd4bf8]
Event: 13.370 Thread 0x000000001306d800 4580       1       com.altera.hdlwriter.internal.HDLPort::getPriority (5 bytes)
Event: 13.370 Thread 0x000000001306d800 nmethod 4580 0x0000000003cd4d10 code [0x0000000003cd4e60, 0x0000000003cd4f70]

GC Heap History (10 events):
Event: 13.333 GC heap before
{Heap before GC invocations=964 (full 0):
 def new generation   total 1152K, used 1116K [0x00000000a2400000, 0x00000000a2540000, 0x00000000c1800000)
  eden space 1024K, 100% used [0x00000000a2400000, 0x00000000a2500000, 0x00000000a2500000)
  from space 128K,  72% used [0x00000000a2500000, 0x00000000a25170f8, 0x00000000a2520000)
  to   space 128K,   0% used [0x00000000a2520000, 0x00000000a2520000, 0x00000000a2540000)
 tenured generation   total 129792K, used 63395K [0x00000000c1800000, 0x00000000c96c0000, 0x0000000100000000)
   the space 129792K,  48% used [0x00000000c1800000, 0x00000000c55e8fb0, 0x00000000c55e9000, 0x00000000c96c0000)
 Metaspace       used 19187K, capacity 19756K, committed 20096K, reserved 1067008K
  class space    used 2211K, capacity 2336K, committed 2432K, reserved 1048576K
Event: 13.334 GC heap after
Heap after GC invocations=965 (full 0):
 def new generation   total 1152K, used 68K [0x00000000a2400000, 0x00000000a2540000, 0x00000000c1800000)
  eden space 1024K,   0% used [0x00000000a2400000, 0x00000000a2400000, 0x00000000a2500000)
  from space 128K,  53% used [0x00000000a2520000, 0x00000000a25310f0, 0x00000000a2540000)
  to   space 128K,   0% used [0x00000000a2500000, 0x00000000a2500000, 0x00000000a2520000)
 tenured generation   total 129792K, used 63446K [0x00000000c1800000, 0x00000000c96c0000, 0x0000000100000000)
   the space 129792K,  48% used [0x00000000c1800000, 0x00000000c55f5948, 0x00000000c55f5a00, 0x00000000c96c0000)
 Metaspace       used 19187K, capacity 19756K, committed 20096K, reserved 1067008K
  class space    used 2211K, capacity 2336K, committed 2432K, reserved 1048576K
}
Event: 13.338 GC heap before
{Heap before GC invocations=965 (full 0):
 def new generation   total 1152K, used 1092K [0x00000000a2400000, 0x00000000a2540000, 0x00000000c1800000)
  eden space 1024K, 100% used [0x00000000a2400000, 0x00000000a2500000, 0x00000000a2500000)
  from space 128K,  53% used [0x00000000a2520000, 0x00000000a25310f0, 0x00000000a2540000)
  to   space 128K,   0% used [0x00000000a2500000, 0x00000000a2500000, 0x00000000a2520000)
 tenured generation   total 129792K, used 63446K [0x00000000c1800000, 0x00000000c96c0000, 0x0000000100000000)
   the space 129792K,  48% used [0x00000000c1800000, 0x00000000c55f5948, 0x00000000c55f5a00, 0x00000000c96c0000)
 Metaspace       used 19188K, capacity 19756K, committed 20096K, reserved 1067008K
  class space    used 2211K, capacity 2336K, committed 2432K, reserved 1048576K
Event: 13.339 GC heap after
Heap after GC invocations=966 (full 0):
 def new generation   total 1152K, used 58K [0x00000000a2400000, 0x00000000a2540000, 0x00000000c1800000)
  eden space 1024K,   0% used [0x00000000a2400000, 0x00000000a2400000, 0x00000000a2500000)
  from space 128K,  45% used [0x00000000a2500000, 0x00000000a250e8b8, 0x00000000a2520000)
  to   space 128K,   0% used [0x00000000a2520000, 0x00000000a2520000, 0x00000000a2540000)
 tenured generation   total 129792K, used 63475K [0x00000000c1800000, 0x00000000c96c0000, 0x0000000100000000)
   the space 129792K,  48% used [0x00000000c1800000, 0x00000000c55fce20, 0x00000000c55fd000, 0x00000000c96c0000)
 Metaspace       used 19188K, capacity 19756K, committed 20096K, reserved 1067008K
  class space    used 2211K, capacity 2336K, committed 2432K, reserved 1048576K
}
Event: 13.348 GC heap before
{Heap before GC invocations=966 (full 0):
 def new generation   total 1152K, used 1062K [0x00000000a2400000, 0x00000000a2540000, 0x00000000c1800000)
  eden space 1024K,  98% used [0x00000000a2400000, 0x00000000a24fb030, 0x00000000a2500000)
  from space 128K,  45% used [0x00000000a2500000, 0x00000000a250e8b8, 0x00000000a2520000)
  to   space 128K,   0% used [0x00000000a2520000, 0x00000000a2520000, 0x00000000a2540000)
 tenured generation   total 129792K, used 63475K [0x00000000c1800000, 0x00000000c96c0000, 0x0000000100000000)
   the space 129792K,  48% used [0x00000000c1800000, 0x00000000c55fce20, 0x00000000c55fd000, 0x00000000c96c0000)
 Metaspace       used 19249K, capacity 19820K, committed 20096K, reserved 1067008K
  class space    used 2215K, capacity 2336K, committed 2432K, reserved 1048576K
Event: 13.349 GC heap after
Heap after GC invocations=967 (full 0):
 def new generation   total 1152K, used 117K [0x00000000a2400000, 0x00000000a2540000, 0x00000000c1800000)
  eden space 1024K,   0% used [0x00000000a2400000, 0x00000000a2400000, 0x00000000a2500000)
  from space 128K,  91% used [0x00000000a2520000, 0x00000000a253d5a8, 0x00000000a2540000)
  to   space 128K,   0% used [0x00000000a2500000, 0x00000000a2500000, 0x00000000a2520000)
 tenured generation   total 129792K, used 63540K [0x00000000c1800000, 0x00000000c96c0000, 0x0000000100000000)
   the space 129792K,  48% used [0x00000000c1800000, 0x00000000c560d048, 0x00000000c560d200, 0x00000000c96c0000)
 Metaspace       used 19249K, capacity 19820K, committed 20096K, reserved 1067008K
  class space    used 2215K, capacity 2336K, committed 2432K, reserved 1048576K
}
Event: 13.360 GC heap before
{Heap before GC invocations=967 (full 0):
 def new generation   total 1152K, used 1141K [0x00000000a2400000, 0x00000000a2540000, 0x00000000c1800000)
  eden space 1024K, 100% used [0x00000000a2400000, 0x00000000a2500000, 0x00000000a2500000)
  from space 128K,  91% used [0x00000000a2520000, 0x00000000a253d5a8, 0x00000000a2540000)
  to   space 128K,   0% used [0x00000000a2500000, 0x00000000a2500000, 0x00000000a2520000)
 tenured generation   total 129792K, used 63540K [0x00000000c1800000, 0x00000000c96c0000, 0x0000000100000000)
   the space 129792K,  48% used [0x00000000c1800000, 0x00000000c560d048, 0x00000000c560d200, 0x00000000c96c0000)
 Metaspace       used 19424K, capacity 20044K, committed 20352K, reserved 1067008K
  class space    used 2232K, capacity 2368K, committed 2432K, reserved 1048576K
Event: 13.361 GC heap after
Heap after GC invocations=968 (full 0):
 def new generation   total 1152K, used 128K [0x00000000a2400000, 0x00000000a2540000, 0x00000000c1800000)
  eden space 1024K,   0% used [0x00000000a2400000, 0x00000000a2400000, 0x00000000a2500000)
  from space 128K, 100% used [0x00000000a2500000, 0x00000000a2520000, 0x00000000a2520000)
  to   space 128K,   0% used [0x00000000a2520000, 0x00000000a2520000, 0x00000000a2540000)
 tenured generation   total 129792K, used 63719K [0x00000000c1800000, 0x00000000c96c0000, 0x0000000100000000)
   the space 129792K,  49% used [0x00000000c1800000, 0x00000000c5639d58, 0x00000000c5639e00, 0x00000000c96c0000)
 Metaspace       used 19424K, capacity 20044K, committed 20352K, reserved 1067008K
  class space    used 2232K, capacity 2368K, committed 2432K, reserved 1048576K
}
Event: 13.364 GC heap before
{Heap before GC invocations=968 (full 0):
 def new generation   total 1152K, used 1152K [0x00000000a2400000, 0x00000000a2540000, 0x00000000c1800000)
  eden space 1024K, 100% used [0x00000000a2400000, 0x00000000a2500000, 0x00000000a2500000)
  from space 128K, 100% used [0x00000000a2500000, 0x00000000a2520000, 0x00000000a2520000)
  to   space 128K,   0% used [0x00000000a2520000, 0x00000000a2520000, 0x00000000a2540000)
 tenured generation   total 129792K, used 63719K [0x00000000c1800000, 0x00000000c96c0000, 0x0000000100000000)
   the space 129792K,  49% used [0x00000000c1800000, 0x00000000c5639d58, 0x00000000c5639e00, 0x00000000c96c0000)
 Metaspace       used 19453K, capacity 20044K, committed 20352K, reserved 1067008K
  class space    used 2236K, capacity 2368K, committed 2432K, reserved 1048576K
Event: 13.365 GC heap after
Heap after GC invocations=969 (full 0):
 def new generation   total 1152K, used 34K [0x00000000a2400000, 0x00000000a2540000, 0x00000000c1800000)
  eden space 1024K,   0% used [0x00000000a2400000, 0x00000000a2400000, 0x00000000a2500000)
  from space 128K,  27% used [0x00000000a2520000, 0x00000000a2528b30, 0x00000000a2540000)
  to   space 128K,   0% used [0x00000000a2500000, 0x00000000a2500000, 0x00000000a2520000)
 tenured generation   total 129792K, used 63809K [0x00000000c1800000, 0x00000000c96c0000, 0x0000000100000000)
   the space 129792K,  49% used [0x00000000c1800000, 0x00000000c56506d8, 0x00000000c5650800, 0x00000000c96c0000)
 Metaspace       used 19453K, capacity 20044K, committed 20352K, reserved 1067008K
  class space    used 2236K, capacity 2368K, committed 2432K, reserved 1048576K
}

Deoptimization events (10 events):
Event: 10.145 Thread 0x0000000002db7000 Uncommon trap: reason=unreached action=reinterpret pc=0x000000000304fea4 method=com.altera.utilities.altNode.AltNode.getChildCount()I @ 4
Event: 10.145 Thread 0x0000000002db7000 Uncommon trap: reason=unreached action=reinterpret pc=0x0000000003980d98 method=com.altera.utilities.altNode.AltNode.breakString(Ljava/lang/String;Ljava/util/regex/Pattern;)[Ljava/lang/String; @ 12
Event: 10.145 Thread 0x0000000002db7000 Uncommon trap: reason=unreached action=reinterpret pc=0x0000000003983708 method=com.altera.utilities.altNode.AltNode.breakString(Ljava/lang/String;Ljava/util/regex/Pattern;)[Ljava/lang/String; @ 12
Event: 10.168 Thread 0x0000000002db7000 Uncommon trap: reason=bimorphic action=maybe_recompile pc=0x00000000036e88b4 method=java.util.HashMap.putMapEntries(Ljava/util/Map;Z)V @ 96
Event: 10.267 Thread 0x0000000002db7000 Uncommon trap: reason=null_check action=make_not_entrant pc=0x0000000003bdb894 method=smirnoff.Smirnoff.isList(Ljava/lang/Class;)Z @ 3
Event: 10.322 Thread 0x0000000002db7000 Uncommon trap: reason=unreached action=reinterpret pc=0x0000000003bf0d14 method=smirnoff.Smirnoff.annotationToXmlKind(Lsmirnoff/XMLAttributeName;Lsmirnoff/XMLElementName;Lsmirnoff/XMLText;Lsmirnoff/XMLElementListType;Lsmirnoff/XML;Lsmirnoff/XMLItemDescript±ÏRhª$@
Event: 10.332 Thread 0x0000000002db7000 Uncommon trap: reason=class_check action=maybe_recompile pc=0x000000000311998c method=java.util.HashMap.putVal(ILjava/lang/Object;Ljava/lang/Object;ZZ)Ljava/lang/Object; @ 203
Event: 11.781 Thread 0x0000000002db7000 Uncommon trap: reason=predicate action=maybe_recompile pc=0x0000000003be4030 method=java.util.ArrayList.remove(Ljava/lang/Object;)Z @ 49
Event: 13.359 Thread 0x0000000002db7000 Uncommon trap: reason=bimorphic action=maybe_recompile pc=0x00000000034e44c8 method=java.util.TreeMap.compare(Ljava/lang/Object;Ljava/lang/Object;)I @ 26
Event: 13.359 Thread 0x0000000002db7000 Uncommon trap: reason=predicate action=maybe_recompile pc=0x00000000034e4488 method=java.util.TreeMap.put(Ljava/lang/Object;Ljava/lang/Object;)Ljava/lang/Object; @ 58

Internal exceptions (10 events):
Event: 13.366 Thread 0x0000000002db7000 Exception <a 'java/security/PrivilegedActionException'> (0x00000000a2407928) thrown at [D:\re\workspace\8-2-build-windows-amd64-cygwin\jdk8u5\2488\hotspot\src\share\vm\prims\jvm.cpp, line 1248]
Event: 13.366 Thread 0x0000000002db7000 Exception <a 'java/security/PrivilegedActionException'> (0x00000000a240d4f8) thrown at [D:\re\workspace\8-2-build-windows-amd64-cygwin\jdk8u5\2488\hotspot\src\share\vm\prims\jvm.cpp, line 1248]
Event: 13.367 Thread 0x0000000002db7000 Exception <a 'java/security/PrivilegedActionException'> (0x00000000a2417810) thrown at [D:\re\workspace\8-2-build-windows-amd64-cygwin\jdk8u5\2488\hotspot\src\share\vm\prims\jvm.cpp, line 1248]
Event: 13.367 Thread 0x0000000002db7000 Exception <a 'java/security/PrivilegedActionException'> (0x00000000a241cec0) thrown at [D:\re\workspace\8-2-build-windows-amd64-cygwin\jdk8u5\2488\hotspot\src\share\vm\prims\jvm.cpp, line 1248]
Event: 13.368 Thread 0x0000000002db7000 Exception <a 'java/security/PrivilegedActionException'> (0x00000000a242fa60) thrown at [D:\re\workspace\8-2-build-windows-amd64-cygwin\jdk8u5\2488\hotspot\src\share\vm\prims\jvm.cpp, line 1248]
Event: 13.368 Thread 0x0000000002db7000 Exception <a 'java/security/PrivilegedActionException'> (0x00000000a243ca48) thrown at [D:\re\workspace\8-2-build-windows-amd64-cygwin\jdk8u5\2488\hotspot\src\share\vm\prims\jvm.cpp, line 1248]
Event: 13.369 Thread 0x0000000002db7000 Exception <a 'java/security/PrivilegedActionException'> (0x00000000a24510b0) thrown at [D:\re\workspace\8-2-build-windows-amd64-cygwin\jdk8u5\2488\hotspot\src\share\vm\prims\jvm.cpp, line 1248]
Event: 13.369 Thread 0x0000000002db7000 Exception <a 'java/security/PrivilegedActionException'> (0x00000000a245d800) thrown at [D:\re\workspace\8-2-build-windows-amd64-cygwin\jdk8u5\2488\hotspot\src\share\vm\prims\jvm.cpp, line 1248]
Event: 13.370 Thread 0x0000000002db7000 Exception <a 'java/security/PrivilegedActionException'> (0x00000000a246adb8) thrown at [D:\re\workspace\8-2-build-windows-amd64-cygwin\jdk8u5\2488\hotspot\src\share\vm\prims\jvm.cpp, line 1248]
Event: 13.370 Thread 0x0000000002db7000 Exception <a 'java/security/PrivilegedActionException'> (0x00000000a2477ce8) thrown at [D:\re\workspace\8-2-build-windows-amd64-cygwin\jdk8u5\2488\hotspot\src\share\vm\prims\jvm.cpp, line 1248]

Events (10 events):
Event: 13.367 loading class com/altera/hdlwriter/internal/IModuleSystemParamExprs
Event: 13.367 loading class com/altera/hdlwriter/internal/IModuleSystemParamExprs done
Event: 13.368 loading class com/altera/hdlwriter/internal/VerilogWriterTool$1
Event: 13.368 loading class com/altera/hdlwriter/internal/VerilogWriterTool$1 done
Event: 13.368 loading class com/altera/entityinterfaces/etcprivate/IModuleSystemComment
Event: 13.368 loading class com/altera/entityinterfaces/etcprivate/IModuleSystemComment done
Event: 13.369 loading class com/altera/hdlwriter/internal/Msgs_ru
Event: 13.369 loading class com/altera/hdlwriter/internal/Msgs_ru done
Event: 13.370 loading class com/altera/hdlwriter/internal/Msgs_ru_RU
Event: 13.370 loading class com/altera/hdlwriter/internal/Msgs_ru_RU done


Dynamic libraries:
0x00007ff651890000 - 0x00007ff6518c4000 	D:\intelfpga\18.0\quartus\bin64\jre64\bin\java.exe
0x00007ff8a8690000 - 0x00007ff8a8885000 	C:\WINDOWS\SYSTEM32\ntdll.dll
0x00007ff8a81b0000 - 0x00007ff8a826d000 	C:\WINDOWS\System32\KERNEL32.DLL
0x00007ff8a61a0000 - 0x00007ff8a6467000 	C:\WINDOWS\System32\KERNELBASE.dll
0x00007ff8a83d0000 - 0x00007ff8a847a000 	C:\WINDOWS\System32\ADVAPI32.dll
0x00007ff8a85b0000 - 0x00007ff8a864e000 	C:\WINDOWS\System32\msvcrt.dll
0x00007ff8a66f0000 - 0x00007ff8a678b000 	C:\WINDOWS\System32\sechost.dll
0x00007ff8a8480000 - 0x00007ff8a85a4000 	C:\WINDOWS\System32\RPCRT4.dll
0x00007ff8a7900000 - 0x00007ff8a7aa0000 	C:\WINDOWS\System32\USER32.dll
0x00007ff8a5e30000 - 0x00007ff8a5e52000 	C:\WINDOWS\System32\win32u.dll
0x00007ff8a6e40000 - 0x00007ff8a6e6a000 	C:\WINDOWS\System32\GDI32.dll
0x00007ff8a6090000 - 0x00007ff8a6199000 	C:\WINDOWS\System32\gdi32full.dll
0x00007ff8a64a0000 - 0x00007ff8a653d000 	C:\WINDOWS\System32\msvcp_win.dll
0x00007ff8a5e60000 - 0x00007ff8a5f60000 	C:\WINDOWS\System32\ucrtbase.dll
0x00007ff89eeb0000 - 0x00007ff89f14b000 	C:\WINDOWS\WinSxS\amd64_microsoft.windows.common-controls_6595b64144ccf1df_6.0.19041.488_none_ca04af081b815d21\COMCTL32.dll
0x00007ff8a8180000 - 0x00007ff8a81b0000 	C:\WINDOWS\System32\IMM32.DLL
0x00000000504b0000 - 0x0000000050582000 	D:\intelfpga\18.0\quartus\bin64\jre64\bin\msvcr100.dll
0x0000000077580000 - 0x0000000077daa000 	D:\intelfpga\18.0\quartus\bin64\jre64\bin\server\jvm.dll
0x00007ff8a83b0000 - 0x00007ff8a83b8000 	C:\WINDOWS\System32\PSAPI.DLL
0x00007ff89f150000 - 0x00007ff89f177000 	C:\WINDOWS\SYSTEM32\WINMM.dll
0x00007ff886130000 - 0x00007ff886139000 	C:\WINDOWS\SYSTEM32\WSOCK32.dll
0x00007ff8a8270000 - 0x00007ff8a82db000 	C:\WINDOWS\System32\WS2_32.dll
0x0000000050460000 - 0x000000005046f000 	D:\intelfpga\18.0\quartus\bin64\jre64\bin\verify.dll
0x0000000050430000 - 0x0000000050458000 	D:\intelfpga\18.0\quartus\bin64\jre64\bin\java.dll
0x0000000050410000 - 0x0000000050426000 	D:\intelfpga\18.0\quartus\bin64\jre64\bin\zip.dll
0x00007ff8a7070000 - 0x00007ff8a77b1000 	C:\WINDOWS\System32\SHELL32.dll
0x00007ff8a3f50000 - 0x00007ff8a46e3000 	C:\WINDOWS\SYSTEM32\windows.storage.dll
0x00007ff8a7b90000 - 0x00007ff8a7ee5000 	C:\WINDOWS\System32\combase.dll
0x00007ff8a5840000 - 0x00007ff8a586c000 	C:\WINDOWS\SYSTEM32\Wldp.dll
0x00007ff8a6790000 - 0x00007ff8a683e000 	C:\WINDOWS\System32\SHCORE.dll
0x00007ff8a78a0000 - 0x00007ff8a78f5000 	C:\WINDOWS\System32\shlwapi.dll
0x00007ff8a5d00000 - 0x00007ff8a5d26000 	C:\WINDOWS\SYSTEM32\profapi.dll
0x00007ff8a57a0000 - 0x00007ff8a57b8000 	C:\WINDOWS\SYSTEM32\CRYPTSP.dll
0x00007ff8a4ee0000 - 0x00007ff8a4f14000 	C:\WINDOWS\system32\rsaenh.dll
0x00007ff8a6470000 - 0x00007ff8a6497000 	C:\WINDOWS\System32\bcrypt.dll
0x00007ff8a5cc0000 - 0x00007ff8a5cee000 	C:\WINDOWS\SYSTEM32\USERENV.dll
0x00007ff8a5f60000 - 0x00007ff8a5fdf000 	C:\WINDOWS\System32\bcryptprimitives.dll
0x00007ff8a5790000 - 0x00007ff8a579c000 	C:\WINDOWS\SYSTEM32\CRYPTBASE.dll
0x00000000503f0000 - 0x000000005040a000 	D:\intelFPGA\18.0\quartus\bin64\jre64\bin\net.dll
0x00007ff8a55c0000 - 0x00007ff8a562a000 	C:\WINDOWS\system32\mswsock.dll
0x00007ff8a5260000 - 0x00007ff8a529b000 	C:\WINDOWS\SYSTEM32\IPHLPAPI.DLL
0x00007ff8a83c0000 - 0x00007ff8a83c9000 	C:\WINDOWS\System32\NSI.dll
0x00007ff8a0c90000 - 0x00007ff8a0ca7000 	C:\WINDOWS\SYSTEM32\dhcpcsvc6.DLL
0x00007ff8a0400000 - 0x00007ff8a041d000 	C:\WINDOWS\SYSTEM32\dhcpcsvc.DLL
0x00007ff8a52b0000 - 0x00007ff8a537b000 	C:\WINDOWS\SYSTEM32\DNSAPI.dll
0x00000000503d0000 - 0x00000000503e1000 	D:\intelFPGA\18.0\quartus\bin64\jre64\bin\nio.dll
0x00007ff87d550000 - 0x00007ff87d556000 	D:\intelFPGA\18.0\quartus\bin64\sld_utiljni.dll
0x00007ff898c20000 - 0x00007ff898d0f000 	D:\intelFPGA\18.0\quartus\bin64\MSVCR120.dll
0x0000000051b80000 - 0x0000000051d07000 	D:\intelFPGA\18.0\quartus\bin64\tcl86.dll
0x00007ff8997a0000 - 0x00007ff8997b8000 	C:\WINDOWS\SYSTEM32\NETAPI32.dll
0x00007ff8a52a0000 - 0x00007ff8a52ac000 	C:\WINDOWS\SYSTEM32\NETUTILS.DLL
0x00007ff89fd60000 - 0x00007ff89fd79000 	C:\WINDOWS\SYSTEM32\SAMCLI.DLL
0x00007ff8a53d0000 - 0x00007ff8a5412000 	C:\WINDOWS\SYSTEM32\LOGONCLI.DLL
0x00007ff889360000 - 0x00007ff889420000 	D:\intelFPGA\18.0\quartus\bin64\ccl_sqlite3.dll
0x00007ff87cce0000 - 0x00007ff87ccf0000 	D:\intelFPGA\18.0\quartus\bin64\ccl_sqlite3_jdbc_jni_bridge.dll
0x00007ff832e60000 - 0x00007ff83302b000 	D:\intelFPGA\18.0\quartus\bin64\sld_filejni.dll
0x00007ff8a6fa0000 - 0x00007ff8a706d000 	C:\WINDOWS\System32\OLEAUT32.dll
0x00007ff8a6d10000 - 0x00007ff8a6e39000 	C:\WINDOWS\System32\ole32.dll
0x00007ff8a77c0000 - 0x00007ff8a789a000 	C:\WINDOWS\System32\COMDLG32.dll
0x00007ff87afc0000 - 0x00007ff87afc9000 	D:\intelFPGA\18.0\quartus\bin64\tcl_jni_bridge.dll
0x00007ff891540000 - 0x00007ff8916c8000 	D:\intelFPGA\18.0\quartus\bin64\dbghelp.dll

VM Arguments:
jvm_args: -Xmx1500M -XX:+UseSerialGC 
java_command: com.altera.sopcmodel.sbtools.sbgenerate.SbGenerate --output-directory=K:/work/tr/SOFT_work/FPGA/v3_10m50da/db/ip/sldcae26b15/ --project-directory=K:/work/tr/SOFT_work/FPGA/v3_10m50da/ --file-set=QUARTUS_SYNTH --system-info=DEVICE_FAMILY=MAX 10 --report-file=xml:K:/work/tr/SOFT_work/FPGA/v3_10m50da/db/ip/sldcae26b15/alt_sld_fab__report.xml --report-file=html:K:/work/tr/SOFT_work/FPGA/v3_10m50da/db/ip/sldcae26b15/alt_sld_fab__report.html --component-name=alt_sld_fab --component-file=./db/ip/sldcae26b15/alt_sld_fab_wrapper_hw.tcl --report-file=sopcinfo:K:/work/tr/SOFT_work/FPGA/v3_10m50da/db/ip/sldcae26b15/alt_sld_fab.sopcinfo --report-file=qip:K:/work/tr/SOFT_work/FPGA/v3_10m50da/db/ip/sldcae26b15/alt_sld_fab.qip --remove-qsys-generate-warning
java_class_path (initial): D:/intelfpga/18.0/quartus/sopc_builder/model/lib\Nlview.jar;D:/intelfpga/18.0/quartus/sopc_builder/model/lib\QuickServer.jar;D:/intelfpga/18.0/quartus/sopc_builder/model/lib\TableLayout.jar;D:/intelfpga/18.0/quartus/sopc_builder/model/lib\appframework-1.03.jar;D:/intelfpga/18.0/quartus/sopc_builder/model/lib\asm-3.1.jar;D:/intelfpga/18.0/quartus/sopc_builder/model/lib\asm-commons-3.1.jar;D:/intelfpga/18.0/quartus/sopc_builder/model/lib\basicmodel.jar;D:/intelfpga/18.0/quartus/sopc_builder/model/lib\beansbinding-1.2.1.jar;D:/intelfpga/18.0/quartus/sopc_builder/model/lib\binding-2.0.6.jar;D:/intelfpga/18.0/quartus/sopc_builder/model/lib\com.altera.componenteditor2.jar;D:/intelfpga/18.0/quartus/sopc_builder/model/lib\com.altera.embeddedsw.app_lib.jar;D:/intelfpga/18.0/quartus/sopc_builder/model/lib\com.altera.embeddedsw.bsp.editor.jar;D:/intelfpga/18.0/quartus/sopc_builder/model/lib\com.altera.embeddedsw.bsp.elements.jar;D:/intelfpga/18.0/quartus/sopc_builder/model/lib\com.altera.embeddedsw.bsp.jar;D:/intelfpga/18.0/quartus/sopc_builder/model/lib\com.altera.embeddedsw.bsp.plugin.core.jar;D:/intelfpga/18.0/quartus/sopc_builder/model/lib\com.altera.embeddedsw.bsp.plugin.hal.jar;D:/intelfpga/18.0/quartus/sopc_builder/model/lib\com.altera.embeddedsw.bsp.plugin.lwhal.jar;D:/intelfpga/18.0/quartus/sopc_builder/model/lib\com.altera.embeddedsw.bsp.schema.jar;D:/intelfpga/18.0/quartus/sopc_builder/model/lib\com.altera.embeddedsw.bsp.scripting.jar;D:/intelfpga/18.0/quartus/sopc_builder/model/lib\com.altera.embeddedsw.commandline.jar;D:/intelfpga/18.0/quartus/sopc_builder/model/lib\com.altera.embeddedsw.cpexample.jar;D:/intelfpga/18.0/quartus/sopc_builder/model/lib\com.altera.embeddedsw.flash.jar;D:/intelfpga/18.0/quartus/sopc_builder/model/lib\com.altera.embeddedsw.launch.jar;D:/intelfpga/18.0/quartus/sopc_builder/model/lib\com.altera.embeddedsw.swinfo.jar;D:/intelfpga/18.0/quartus/sopc_builder/model/lib\com.altera.embeddedsw.utilities.jar;D:/intelfp
Launcher Type: SUN_STANDARD

Environment Variables:
PATH=D:/intelfpga/18.0/quartus/bin64;d:\intelfpga\18.0\quartus\bin64\;d:\intelfpga\18.0\quartus\bin64\;D:\Program Files (x86)\VMware\VMware Workstation\bin\;C:\Users\Êîøëèêè\Pyton 3.9.2\Scripts\;C:\Users\Êîøëèêè\Pyton 3.9.2\;d:\VulkanSDK\1.2.154.1\Bin;C:\Program Files (x86)\Common Files\Intel\Shared Libraries\redist\intel64_win\compiler;C:\Program Files (x86)\NVIDIA Corporation\PhysX\Common;C:\Program Files (x86)\Common Files\Oracle\Java\javapath;C:\Program Files (x86)\Python38-32\Scripts\;C:\Program Files (x86)\Python38-32\;C:\WINDOWS\system32;C:\WINDOWS;C:\WINDOWS\System32\Wbem;C:\WINDOWS\System32\WindowsPowerShell\v1.0\;C:\WINDOWS\System32\OpenSSH\;C:\Program Files (x86)\dotnet\;E:\Program Files\matlab2017\bin;C:\Program Files\dotnet\;C:\Program Files\Microsoft SQL Server\130\Tools\Binn\;C:\Program Files\Microsoft SQL Server\Client SDK\ODBC\170\Tools\Binn\;C:\Program Files (x86)\IVI Foundation\VISA\WinNT\Bin;E:\Program Files (x86)\P-CAD 2006 Viewer\;C:\Program Files (x86)\Windows Kits\8.1\Windows Performance Toolkit\;C:\Program Files\Microsoft SQL Server\110\Tools\Binn\;C:\Program Files (x86)\Common Files\Autodesk Shared\;D:\Program Files\PuTTY\;E:\MSV\python374\Scripts\;E:\MSV\python374\;C:\Users\slash\AppData\Local\Microsoft\WindowsApps;;E:\MSV\Microsoft VS Code\bin;e:\Program Files\JetBrains\PyCharm Community Edition 2019.2.3\bin;
USERNAME=slash
OS=Windows_NT
PROCESSOR_IDENTIFIER=Intel64 Family 6 Model 58 Stepping 9, GenuineIntel



---------------  S Y S T E M  ---------------

OS: Windows 8.1 , 64 bit Build 9600 

CPU:total 4 (4 cores per cpu, 1 threads per core) family 6 model 58 stepping 9, cmov, cx8, fxsr, mmx, sse, sse2, sse3, ssse3, sse4.1, sse4.2, popcnt, avx, aes, clmul, erms, tsc, tscinvbit

Memory: 4k page, physical 8349652k(899608k free), swap 8349652k(62764k free)

vm_info: Java HotSpot(TM) 64-Bit Server VM (25.5-b02) for windows-amd64 JRE (1.8.0_05-b13), built on Mar 18 2014 01:08:39 by "java_re" with MS VC++ 10.0 (VS2010)

time: Thu May 13 22:24:44 2021
elapsed time: 13 seconds

