#
# There is insufficient memory for the Java Runtime Environment to continue.
# Native memory allocation (malloc) failed to allocate 2077376 bytes for Chunk::new
# Possible reasons:
#   The system is out of physical RAM or swap space
#   In 32 bit mode, the process size limit was hit
# Possible solutions:
#   Reduce memory load on the system
#   Increase physical memory or swap space
#   Check if swap backing store is full
#   Use 64 bit Java on a 64 bit OS
#   Decrease Java heap size (-Xmx/-Xms)
#   Decrease number of Java threads
#   Decrease Java thread stack sizes (-Xss)
#   Set larger code cache with -XX:ReservedCodeCacheSize=
# This output file may be truncated or incomplete.
#
#  Out of Memory Error (allocation.cpp:388), pid=20840, tid=12640
#
# JRE version: Java(TM) SE Runtime Environment (8.0_05-b13) (build 1.8.0_05-b13)
# Java VM: Java HotSpot(TM) 64-Bit Server VM (25.5-b02 mixed mode windows-amd64 compressed oops)
# Failed to write core dump. Minidumps are not enabled by default on client versions of Windows
#

---------------  T H R E A D  ---------------

Current thread (0x0000000012bcf000):  JavaThread "C2 CompilerThread1" daemon [_thread_in_native, id=12640, stack(0x00000000132d0000,0x00000000133d0000)]

Stack: [0x00000000132d0000,0x00000000133d0000]
Native frames: (J=compiled Java code, j=interpreted, Vv=VM code, C=native code)
V  [jvm.dll+0x308dea]
V  [jvm.dll+0x25def1]
V  [jvm.dll+0x25eb0f]
V  [jvm.dll+0x2564e5]
V  [jvm.dll+0xbcfc5]
V  [jvm.dll+0xbd45c]
V  [jvm.dll+0x44d422]
V  [jvm.dll+0x48e13f]
V  [jvm.dll+0x44293e]
V  [jvm.dll+0x44366b]
V  [jvm.dll+0x427532]
V  [jvm.dll+0x96702]
V  [jvm.dll+0x96ef3]
V  [jvm.dll+0x2232c4]
V  [jvm.dll+0x27baca]
C  [msvcr100.dll+0x21d9f]
C  [msvcr100.dll+0x21e3b]
C  [KERNEL32.DLL+0x16fd4]
C  [ntdll.dll+0x4cec1]


Current CompileTask:
C2:  13293 4006 %     4       java.beans.Introspector::getTargetEventInfo @ 243 (1082 bytes)


---------------  P R O C E S S  ---------------

Java Threads: ( => current thread )
  0x00000000155b6800 JavaThread "Tcl Isolation Thread" daemon [_thread_blocked, id=4048, stack(0x0000000016b70000,0x0000000016c70000)]
  0x0000000012c43000 JavaThread "Service Thread" daemon [_thread_blocked, id=18672, stack(0x00000000134d0000,0x00000000135d0000)]
  0x0000000012bd0800 JavaThread "C1 CompilerThread2" daemon [_thread_blocked, id=4968, stack(0x00000000133d0000,0x00000000134d0000)]
=>0x0000000012bcf000 JavaThread "C2 CompilerThread1" daemon [_thread_in_native, id=12640, stack(0x00000000132d0000,0x00000000133d0000)]
  0x0000000012bcb800 JavaThread "C2 CompilerThread0" daemon [_thread_in_native, id=3180, stack(0x00000000131d0000,0x00000000132d0000)]
  0x0000000012bca000 JavaThread "Attach Listener" daemon [_thread_blocked, id=20372, stack(0x00000000130d0000,0x00000000131d0000)]
  0x0000000012bc8000 JavaThread "Signal Dispatcher" daemon [_thread_blocked, id=20220, stack(0x0000000012fd0000,0x00000000130d0000)]
  0x0000000002a12800 JavaThread "Finalizer" daemon [_thread_blocked, id=13780, stack(0x0000000012ed0000,0x0000000012fd0000)]
  0x0000000002a0b000 JavaThread "Reference Handler" daemon [_thread_blocked, id=3648, stack(0x0000000012dd0000,0x0000000012ed0000)]
  0x0000000002927000 JavaThread "main" [_thread_in_native, id=20556, stack(0x0000000002820000,0x0000000002920000)]

Other Threads:
  0x0000000002a05800 VMThread [stack: 0x0000000012cd0000,0x0000000012dd0000] [id=21908]
  0x0000000012c7e000 WatcherThread [stack: 0x00000000135d0000,0x00000000136d0000] [id=17268]

VM state:not at safepoint (normal execution)

VM Mutex/Monitor currently owned by a thread: None

Heap:
 def new generation   total 1152K, used 451K [0x00000000a2400000, 0x00000000a2540000, 0x00000000c1800000)
  eden space 1024K,  40% used [0x00000000a2400000, 0x00000000a2467518, 0x00000000a2500000)
  from space 128K,  29% used [0x00000000a2520000, 0x00000000a2529830, 0x00000000a2540000)
  to   space 128K,   0% used [0x00000000a2500000, 0x00000000a2500000, 0x00000000a2520000)
 tenured generation   total 129792K, used 57487K [0x00000000c1800000, 0x00000000c96c0000, 0x0000000100000000)
   the space 129792K,  44% used [0x00000000c1800000, 0x00000000c5023cf0, 0x00000000c5023e00, 0x00000000c96c0000)
 Metaspace       used 17562K, capacity 17966K, committed 18048K, reserved 1064960K
  class space    used 2040K, capacity 2155K, committed 2176K, reserved 1048576K

Card table byte_map: [0x0000000011de0000,0x00000000120d0000] byte_map_base: 0x00000000118ce000

Polling page: 0x0000000000e40000

CodeCache: size=245760Kb used=12159Kb max_used=12183Kb free=233600Kb
 bounds [0x0000000002a20000, 0x0000000003620000, 0x0000000011a20000]
 total_blobs=3644 nmethods=3285 adapters=272
 compilation: enabled

Compilation events (10 events):
Event: 12.906 Thread 0x0000000012bd0800 4031       3       sun.reflect.ReflectionFactory::newMethodAccessor (79 bytes)
Event: 12.908 Thread 0x0000000012bd0800 nmethod 4031 0x00000000035ec410 code [0x00000000035ec6e0, 0x00000000035edef8]
Event: 12.908 Thread 0x0000000012bd0800 4032       3       sun.reflect.NativeMethodAccessorImpl::<init> (10 bytes)
Event: 12.908 Thread 0x0000000012bd0800 nmethod 4032 0x00000000031dfa50 code [0x00000000031dfbc0, 0x00000000031dfe30]
Event: 12.908 Thread 0x0000000012bd0800 4033       3       sun.reflect.NativeMethodAccessorImpl::setParent (6 bytes)
Event: 12.908 Thread 0x0000000012bd0800 nmethod 4033 0x00000000031df710 code [0x00000000031df860, 0x00000000031df9d0]
Event: 12.926 Thread 0x0000000012bd0800 4034       3       com.altera.sopcmodel.beanelement.BeanElementClass::getType (3 bytes)
Event: 12.926 Thread 0x0000000012bd0800 nmethod 4034 0x00000000031df350 code [0x00000000031df4a0, 0x00000000031df5f0]
Event: 12.930 Thread 0x0000000012bd0800 4037       3       com.altera.sopcmodel.util.ParameterDescriptorInstance::getName (10 bytes)
Event: 12.930 Thread 0x0000000012bd0800 nmethod 4037 0x00000000035eea10 code [0x00000000035eeb80, 0x00000000035eeda8]

GC Heap History (10 events):
Event: 12.905 GC heap before
{Heap before GC invocations=854 (full 0):
 def new generation   total 1152K, used 1042K [0x00000000a2400000, 0x00000000a2540000, 0x00000000c1800000)
  eden space 1024K, 100% used [0x00000000a2400000, 0x00000000a2500000, 0x00000000a2500000)
  from space 128K,  14% used [0x00000000a2500000, 0x00000000a2504bb0, 0x00000000a2520000)
  to   space 128K,   0% used [0x00000000a2520000, 0x00000000a2520000, 0x00000000a2540000)
 tenured generation   total 129792K, used 57474K [0x00000000c1800000, 0x00000000c96c0000, 0x0000000100000000)
   the space 129792K,  44% used [0x00000000c1800000, 0x00000000c5020838, 0x00000000c5020a00, 0x00000000c96c0000)
 Metaspace       used 17518K, capacity 17966K, committed 18048K, reserved 1064960K
  class space    used 2034K, capacity 2155K, committed 2176K, reserved 1048576K
Event: 12.906 GC heap after
Heap after GC invocations=855 (full 0):
 def new generation   total 1152K, used 90K [0x00000000a2400000, 0x00000000a2540000, 0x00000000c1800000)
  eden space 1024K,   0% used [0x00000000a2400000, 0x00000000a2400000, 0x00000000a2500000)
  from space 128K,  70% used [0x00000000a2520000, 0x00000000a2536b48, 0x00000000a2540000)
  to   space 128K,   0% used [0x00000000a2500000, 0x00000000a2500000, 0x00000000a2520000)
 tenured generation   total 129792K, used 57474K [0x00000000c1800000, 0x00000000c96c0000, 0x0000000100000000)
   the space 129792K,  44% used [0x00000000c1800000, 0x00000000c5020838, 0x00000000c5020a00, 0x00000000c96c0000)
 Metaspace       used 17518K, capacity 17966K, committed 18048K, reserved 1064960K
  class space    used 2034K, capacity 2155K, committed 2176K, reserved 1048576K
}
Event: 12.909 GC heap before
{Heap before GC invocations=855 (full 0):
 def new generation   total 1152K, used 1114K [0x00000000a2400000, 0x00000000a2540000, 0x00000000c1800000)
  eden space 1024K, 100% used [0x00000000a2400000, 0x00000000a2500000, 0x00000000a2500000)
  from space 128K,  70% used [0x00000000a2520000, 0x00000000a2536b48, 0x00000000a2540000)
  to   space 128K,   0% used [0x00000000a2500000, 0x00000000a2500000, 0x00000000a2520000)
 tenured generation   total 129792K, used 57474K [0x00000000c1800000, 0x00000000c96c0000, 0x0000000100000000)
   the space 129792K,  44% used [0x00000000c1800000, 0x00000000c5020838, 0x00000000c5020a00, 0x00000000c96c0000)
 Metaspace       used 17519K, capacity 17966K, committed 18048K, reserved 1064960K
  class space    used 2034K, capacity 2155K, committed 2176K, reserved 1048576K
Event: 12.910 GC heap after
Heap after GC invocations=856 (full 0):
 def new generation   total 1152K, used 76K [0x00000000a2400000, 0x00000000a2540000, 0x00000000c1800000)
  eden space 1024K,   0% used [0x00000000a2400000, 0x00000000a2400000, 0x00000000a2500000)
  from space 128K,  59% used [0x00000000a2500000, 0x00000000a25131e0, 0x00000000a2520000)
  to   space 128K,   0% used [0x00000000a2520000, 0x00000000a2520000, 0x00000000a2540000)
 tenured generation   total 129792K, used 57483K [0x00000000c1800000, 0x00000000c96c0000, 0x0000000100000000)
   the space 129792K,  44% used [0x00000000c1800000, 0x00000000c5022f80, 0x00000000c5023000, 0x00000000c96c0000)
 Metaspace       used 17519K, capacity 17966K, committed 18048K, reserved 1064960K
  class space    used 2034K, capacity 2155K, committed 2176K, reserved 1048576K
}
Event: 12.913 GC heap before
{Heap before GC invocations=856 (full 0):
 def new generation   total 1152K, used 1100K [0x00000000a2400000, 0x00000000a2540000, 0x00000000c1800000)
  eden space 1024K, 100% used [0x00000000a2400000, 0x00000000a2500000, 0x00000000a2500000)
  from space 128K,  59% used [0x00000000a2500000, 0x00000000a25131e0, 0x00000000a2520000)
  to   space 128K,   0% used [0x00000000a2520000, 0x00000000a2520000, 0x00000000a2540000)
 tenured generation   total 129792K, used 57483K [0x00000000c1800000, 0x00000000c96c0000, 0x0000000100000000)
   the space 129792K,  44% used [0x00000000c1800000, 0x00000000c5022f80, 0x00000000c5023000, 0x00000000c96c0000)
 Metaspace       used 17519K, capacity 17966K, committed 18048K, reserved 1064960K
  class space    used 2034K, capacity 2155K, committed 2176K, reserved 1048576K
Event: 12.914 GC heap after
Heap after GC invocations=857 (full 0):
 def new generation   total 1152K, used 71K [0x00000000a2400000, 0x00000000a2540000, 0x00000000c1800000)
  eden space 1024K,   0% used [0x00000000a2400000, 0x00000000a2400000, 0x00000000a2500000)
  from space 128K,  55% used [0x00000000a2520000, 0x00000000a2531ea0, 0x00000000a2540000)
  to   space 128K,   0% used [0x00000000a2500000, 0x00000000a2500000, 0x00000000a2520000)
 tenured generation   total 129792K, used 57485K [0x00000000c1800000, 0x00000000c96c0000, 0x0000000100000000)
   the space 129792K,  44% used [0x00000000c1800000, 0x00000000c50236f8, 0x00000000c5023800, 0x00000000c96c0000)
 Metaspace       used 17519K, capacity 17966K, committed 18048K, reserved 1064960K
  class space    used 2034K, capacity 2155K, committed 2176K, reserved 1048576K
}
Event: 12.918 GC heap before
{Heap before GC invocations=857 (full 0):
 def new generation   total 1152K, used 1095K [0x00000000a2400000, 0x00000000a2540000, 0x00000000c1800000)
  eden space 1024K, 100% used [0x00000000a2400000, 0x00000000a2500000, 0x00000000a2500000)
  from space 128K,  55% used [0x00000000a2520000, 0x00000000a2531ea0, 0x00000000a2540000)
  to   space 128K,   0% used [0x00000000a2500000, 0x00000000a2500000, 0x00000000a2520000)
 tenured generation   total 129792K, used 57485K [0x00000000c1800000, 0x00000000c96c0000, 0x0000000100000000)
   the space 129792K,  44% used [0x00000000c1800000, 0x00000000c50236f8, 0x00000000c5023800, 0x00000000c96c0000)
 Metaspace       used 17522K, capacity 17966K, committed 18048K, reserved 1064960K
  class space    used 2035K, capacity 2155K, committed 2176K, reserved 1048576K
Event: 12.919 GC heap after
Heap after GC invocations=858 (full 0):
 def new generation   total 1152K, used 62K [0x00000000a2400000, 0x00000000a2540000, 0x00000000c1800000)
  eden space 1024K,   0% used [0x00000000a2400000, 0x00000000a2400000, 0x00000000a2500000)
  from space 128K,  48% used [0x00000000a2500000, 0x00000000a250f890, 0x00000000a2520000)
  to   space 128K,   0% used [0x00000000a2520000, 0x00000000a2520000, 0x00000000a2540000)
 tenured generation   total 129792K, used 57487K [0x00000000c1800000, 0x00000000c96c0000, 0x0000000100000000)
   the space 129792K,  44% used [0x00000000c1800000, 0x00000000c5023cf0, 0x00000000c5023e00, 0x00000000c96c0000)
 Metaspace       used 17522K, capacity 17966K, committed 18048K, reserved 1064960K
  class space    used 2035K, capacity 2155K, committed 2176K, reserved 1048576K
}
Event: 12.925 GC heap before
{Heap before GC invocations=858 (full 0):
 def new generation   total 1152K, used 1086K [0x00000000a2400000, 0x00000000a2540000, 0x00000000c1800000)
  eden space 1024K, 100% used [0x00000000a2400000, 0x00000000a2500000, 0x00000000a2500000)
  from space 128K,  48% used [0x00000000a2500000, 0x00000000a250f890, 0x00000000a2520000)
  to   space 128K,   0% used [0x00000000a2520000, 0x00000000a2520000, 0x00000000a2540000)
 tenured generation   total 129792K, used 57487K [0x00000000c1800000, 0x00000000c96c0000, 0x0000000100000000)
   the space 129792K,  44% used [0x00000000c1800000, 0x00000000c5023cf0, 0x00000000c5023e00, 0x00000000c96c0000)
 Metaspace       used 17529K, capacity 17966K, committed 18048K, reserved 1064960K
  class space    used 2037K, capacity 2155K, committed 2176K, reserved 1048576K
Event: 12.926 GC heap after
Heap after GC invocations=859 (full 0):
 def new generation   total 1152K, used 38K [0x00000000a2400000, 0x00000000a2540000, 0x00000000c1800000)
  eden space 1024K,   0% used [0x00000000a2400000, 0x00000000a2400000, 0x00000000a2500000)
  from space 128K,  29% used [0x00000000a2520000, 0x00000000a2529830, 0x00000000a2540000)
  to   space 128K,   0% used [0x00000000a2500000, 0x00000000a2500000, 0x00000000a2520000)
 tenured generation   total 129792K, used 57487K [0x00000000c1800000, 0x00000000c96c0000, 0x0000000100000000)
   the space 129792K,  44% used [0x00000000c1800000, 0x00000000c5023cf0, 0x00000000c5023e00, 0x00000000c96c0000)
 Metaspace       used 17529K, capacity 17966K, committed 18048K, reserved 1064960K
  class space    used 2037K, capacity 2155K, committed 2176K, reserved 1048576K
}

Deoptimization events (10 events):
Event: 11.662 Thread 0x0000000002927000 Uncommon trap: reason=bimorphic action=maybe_recompile pc=0x00000000033339b4 method=java.util.HashMap.putMapEntries(Ljava/util/Map;Z)V @ 96
Event: 11.664 Thread 0x0000000002927000 Uncommon trap: reason=bimorphic action=maybe_recompile pc=0x00000000033339b4 method=java.util.HashMap.putMapEntries(Ljava/util/Map;Z)V @ 96
Event: 11.870 Thread 0x0000000002927000 Uncommon trap: reason=class_check action=maybe_recompile pc=0x00000000032666c0 method=java.util.Hashtable.get(Ljava/lang/Object;)Ljava/lang/Object; @ 45
Event: 11.921 Thread 0x0000000002927000 Uncommon trap: reason=predicate action=maybe_recompile pc=0x00000000032b5eac method=java.util.TreeMap.put(Ljava/lang/Object;Ljava/lang/Object;)Ljava/lang/Object; @ 132
Event: 11.922 Thread 0x0000000002927000 Uncommon trap: reason=unreached action=reinterpret pc=0x000000000336ed3c method=java.net.URLStreamHandler.parseURL(Ljava/net/URL;Ljava/lang/String;II)V @ 682
Event: 12.008 Thread 0x0000000002927000 Uncommon trap: reason=class_check action=maybe_recompile pc=0x0000000002f20450 method=java.util.HashMap.putVal(ILjava/lang/Object;Ljava/lang/Object;ZZ)Ljava/lang/Object; @ 203
Event: 12.095 Thread 0x0000000002927000 Uncommon trap: reason=null_check action=make_not_entrant pc=0x0000000002f73e84 method=java.beans.PropertyDescriptor.findPropertyType(Ljava/lang/reflect/Method;Ljava/lang/reflect/Method;)Ljava/lang/Class; @ 157
Event: 12.459 Thread 0x0000000002927000 Uncommon trap: reason=null_check action=make_not_entrant pc=0x00000000035b9908 method=java.beans.Introspector.isAssignable(Ljava/lang/Class;Ljava/lang/Class;)Z @ 18
Event: 12.499 Thread 0x0000000002927000 Uncommon trap: reason=unreached action=reinterpret pc=0x00000000031dca70 method=java.util.WeakHashMap.remove(Ljava/lang/Object;)Ljava/lang/Object; @ 94
Event: 12.741 Thread 0x0000000002927000 Uncommon trap: reason=unreached action=reinterpret pc=0x0000000002f36164 method=java.util.WeakHashMap.remove(Ljava/lang/Object;)Ljava/lang/Object; @ 94

Internal exceptions (10 events):
Event: 12.920 Thread 0x0000000002927000 Exception <a 'java/security/PrivilegedActionException'> (0x00000000a24686c8) thrown at [D:\re\workspace\8-2-build-windows-amd64-cygwin\jdk8u5\2488\hotspot\src\share\vm\prims\jvm.cpp, line 1248]
Event: 12.920 Thread 0x0000000002927000 Exception <a 'java/security/PrivilegedActionException'> (0x00000000a247b0d8) thrown at [D:\re\workspace\8-2-build-windows-amd64-cygwin\jdk8u5\2488\hotspot\src\share\vm\prims\jvm.cpp, line 1248]
Event: 12.920 Thread 0x0000000002927000 Exception <a 'java/lang/ClassNotFoundException': com/altera/sopcmodel/axist/AXI4STMasterConnectionPointCustomizer> (0x00000000a247b7e8) thrown at [D:\re\workspace\8-2-build-windows-amd64-cygwin\jdk8u5\2488\hotspot\src\share\vm\classfile\systemDictionary.cp
Event: 12.923 Thread 0x0000000002927000 Exception <a 'java/security/PrivilegedActionException'> (0x00000000a24d3998) thrown at [D:\re\workspace\8-2-build-windows-amd64-cygwin\jdk8u5\2488\hotspot\src\share\vm\prims\jvm.cpp, line 1248]
Event: 12.926 Thread 0x0000000002927000 Exception <a 'java/security/PrivilegedActionException'> (0x00000000a240bfc8) thrown at [D:\re\workspace\8-2-build-windows-amd64-cygwin\jdk8u5\2488\hotspot\src\share\vm\prims\jvm.cpp, line 1248]
Event: 12.927 Thread 0x0000000002927000 Exception <a 'java/security/PrivilegedActionException'> (0x00000000a2420d68) thrown at [D:\re\workspace\8-2-build-windows-amd64-cygwin\jdk8u5\2488\hotspot\src\share\vm\prims\jvm.cpp, line 1248]
Event: 12.927 Thread 0x0000000002927000 Exception <a 'java/security/PrivilegedActionException'> (0x00000000a2428178) thrown at [D:\re\workspace\8-2-build-windows-amd64-cygwin\jdk8u5\2488\hotspot\src\share\vm\prims\jvm.cpp, line 1248]
Event: 12.928 Thread 0x0000000002927000 Exception <a 'java/security/PrivilegedActionException'> (0x00000000a242f1c8) thrown at [D:\re\workspace\8-2-build-windows-amd64-cygwin\jdk8u5\2488\hotspot\src\share\vm\prims\jvm.cpp, line 1248]
Event: 12.928 Thread 0x0000000002927000 Exception <a 'java/security/PrivilegedActionException'> (0x00000000a2437540) thrown at [D:\re\workspace\8-2-build-windows-amd64-cygwin\jdk8u5\2488\hotspot\src\share\vm\prims\jvm.cpp, line 1248]
Event: 12.929 Thread 0x0000000002927000 Exception <a 'java/security/PrivilegedActionException'> (0x00000000a24472b0) thrown at [D:\re\workspace\8-2-build-windows-amd64-cygwin\jdk8u5\2488\hotspot\src\share\vm\prims\jvm.cpp, line 1248]

Events (10 events):
Event: 12.927 loading class com/altera/sopcmodel/components/tclmodule/IRecyclableConnectionPointBuilder
Event: 12.927 loading class com/altera/sopcmodel/components/tclmodule/IRecyclableConnectionPointBuilder done
Event: 12.927 loading class com/altera/sopcmodel/components/tclmodule/IRecyclingConnectionPointBuilder
Event: 12.927 loading class com/altera/sopcmodel/components/tclmodule/IRecyclingConnectionPointBuilder done
Event: 12.928 loading class com/altera/sopcmodel/components/tclmodule/LazyConnectionPointBuilder$ISetValueCommand
Event: 12.928 loading class com/altera/sopcmodel/components/tclmodule/LazyConnectionPointBuilder$ISetValueCommand done
Event: 12.928 loading class com/altera/sopcmodel/components/tclmodule/LiveModuleUtils$ConnectionPointExtras
Event: 12.928 loading class com/altera/sopcmodel/components/tclmodule/LiveModuleUtils$ConnectionPointExtras done
Event: 12.929 loading class com/altera/sopcmodel/components/tclmodule/LazyConnectionPointBuilder$SetValueCommand
Event: 12.929 loading class com/altera/sopcmodel/components/tclmodule/LazyConnectionPointBuilder$SetValueCommand done


Dynamic libraries:
0x00007ff64bf30000 - 0x00007ff64bf64000 	D:\intelfpga\18.0\quartus\bin64\jre64\bin\java.exe
0x00007ffc26f90000 - 0x00007ffc27185000 	C:\WINDOWS\SYSTEM32\ntdll.dll
0x00007ffbf6e80000 - 0x00007ffbf6e93000 	C:\Program Files\Avast Software\Avast\aswhook.dll
0x00007ffc25730000 - 0x00007ffc257ed000 	C:\WINDOWS\System32\KERNEL32.DLL
0x00007ffc24b70000 - 0x00007ffc24e37000 	C:\WINDOWS\System32\KERNELBASE.dll
0x00007ffc26ba0000 - 0x00007ffc26c4a000 	C:\WINDOWS\System32\ADVAPI32.dll
0x00007ffc269e0000 - 0x00007ffc26a7e000 	C:\WINDOWS\System32\msvcrt.dll
0x00007ffc263c0000 - 0x00007ffc2645b000 	C:\WINDOWS\System32\sechost.dll
0x00007ffc26290000 - 0x00007ffc263b4000 	C:\WINDOWS\System32\RPCRT4.dll
0x00007ffc25510000 - 0x00007ffc256b0000 	C:\WINDOWS\System32\USER32.dll
0x00007ffc24ec0000 - 0x00007ffc24ee2000 	C:\WINDOWS\System32\win32u.dll
0x00007ffc269b0000 - 0x00007ffc269da000 	C:\WINDOWS\System32\GDI32.dll
0x00007ffc24a60000 - 0x00007ffc24b69000 	C:\WINDOWS\System32\gdi32full.dll
0x00007ffc24830000 - 0x00007ffc248cd000 	C:\WINDOWS\System32\msvcp_win.dll
0x00007ffc24ef0000 - 0x00007ffc24ff0000 	C:\WINDOWS\System32\ucrtbase.dll
0x00007ffc1db30000 - 0x00007ffc1ddcb000 	C:\WINDOWS\WinSxS\amd64_microsoft.windows.common-controls_6595b64144ccf1df_6.0.19041.488_none_ca04af081b815d21\COMCTL32.dll
0x00007ffc25070000 - 0x00007ffc250a0000 	C:\WINDOWS\System32\IMM32.DLL
0x0000000059510000 - 0x00000000595e2000 	D:\intelfpga\18.0\quartus\bin64\jre64\bin\msvcr100.dll
0x0000000058ce0000 - 0x000000005950a000 	D:\intelfpga\18.0\quartus\bin64\jre64\bin\server\jvm.dll
0x00007ffc256c0000 - 0x00007ffc256c8000 	C:\WINDOWS\System32\PSAPI.DLL
0x00007ffc1de10000 - 0x00007ffc1de37000 	C:\WINDOWS\SYSTEM32\WINMM.dll
0x00007ffc178d0000 - 0x00007ffc178d9000 	C:\WINDOWS\SYSTEM32\WSOCK32.dll
0x00007ffc26ee0000 - 0x00007ffc26f4b000 	C:\WINDOWS\System32\WS2_32.dll
0x0000000058cd0000 - 0x0000000058cdf000 	D:\intelfpga\18.0\quartus\bin64\jre64\bin\verify.dll
0x0000000058ca0000 - 0x0000000058cc8000 	D:\intelfpga\18.0\quartus\bin64\jre64\bin\java.dll
0x0000000058c80000 - 0x0000000058c96000 	D:\intelfpga\18.0\quartus\bin64\jre64\bin\zip.dll
0x00007ffc25850000 - 0x00007ffc25f91000 	C:\WINDOWS\System32\SHELL32.dll
0x00007ffc22850000 - 0x00007ffc22fe3000 	C:\WINDOWS\SYSTEM32\windows.storage.dll
0x00007ffc26490000 - 0x00007ffc267e5000 	C:\WINDOWS\System32\combase.dll
0x00007ffc24140000 - 0x00007ffc2416c000 	C:\WINDOWS\SYSTEM32\Wldp.dll
0x00007ffc26d80000 - 0x00007ffc26e2e000 	C:\WINDOWS\System32\SHCORE.dll
0x00007ffc256d0000 - 0x00007ffc25725000 	C:\WINDOWS\System32\shlwapi.dll
0x00007ffc24600000 - 0x00007ffc24626000 	C:\WINDOWS\SYSTEM32\profapi.dll
0x00007ffc240a0000 - 0x00007ffc240b8000 	C:\WINDOWS\SYSTEM32\CRYPTSP.dll
0x00007ffc237e0000 - 0x00007ffc23814000 	C:\WINDOWS\system32\rsaenh.dll
0x00007ffc248d0000 - 0x00007ffc248f7000 	C:\WINDOWS\System32\bcrypt.dll
0x00007ffc245c0000 - 0x00007ffc245ee000 	C:\WINDOWS\SYSTEM32\USERENV.dll
0x00007ffc24e40000 - 0x00007ffc24ebf000 	C:\WINDOWS\System32\bcryptprimitives.dll
0x00007ffc24090000 - 0x00007ffc2409c000 	C:\WINDOWS\SYSTEM32\CRYPTBASE.dll
0x0000000058c60000 - 0x0000000058c7a000 	D:\intelFPGA\18.0\quartus\bin64\jre64\bin\net.dll
0x00007ffc23ec0000 - 0x00007ffc23f2a000 	C:\WINDOWS\system32\mswsock.dll
0x00007ffc23b60000 - 0x00007ffc23b9b000 	C:\WINDOWS\SYSTEM32\IPHLPAPI.DLL
0x00007ffc256b0000 - 0x00007ffc256b9000 	C:\WINDOWS\System32\NSI.dll
0x00007ffc1f0e0000 - 0x00007ffc1f0f7000 	C:\WINDOWS\SYSTEM32\dhcpcsvc6.DLL
0x00007ffc1ef80000 - 0x00007ffc1ef9d000 	C:\WINDOWS\SYSTEM32\dhcpcsvc.DLL
0x00007ffc23bb0000 - 0x00007ffc23c7b000 	C:\WINDOWS\SYSTEM32\DNSAPI.dll
0x0000000058c40000 - 0x0000000058c51000 	D:\intelFPGA\18.0\quartus\bin64\jre64\bin\nio.dll
0x00007ffc14f30000 - 0x00007ffc14f36000 	D:\intelFPGA\18.0\quartus\bin64\sld_utiljni.dll
0x00007ffc0db10000 - 0x00007ffc0dbff000 	D:\intelFPGA\18.0\quartus\bin64\MSVCR120.dll
0x000000005ac20000 - 0x000000005ada7000 	D:\intelFPGA\18.0\quartus\bin64\tcl86.dll
0x00007ffc144d0000 - 0x00007ffc144e8000 	C:\WINDOWS\SYSTEM32\NETAPI32.dll
0x00007ffc23ba0000 - 0x00007ffc23bac000 	C:\WINDOWS\SYSTEM32\NETUTILS.DLL
0x00007ffc1f360000 - 0x00007ffc1f379000 	C:\WINDOWS\SYSTEM32\SAMCLI.DLL
0x00007ffc23cd0000 - 0x00007ffc23d12000 	C:\WINDOWS\SYSTEM32\LOGONCLI.DLL
0x00007ffc02ec0000 - 0x00007ffc02f80000 	D:\intelFPGA\18.0\quartus\bin64\ccl_sqlite3.dll
0x00007ffc12570000 - 0x00007ffc12580000 	D:\intelFPGA\18.0\quartus\bin64\ccl_sqlite3_jdbc_jni_bridge.dll
0x00007ffbf4570000 - 0x00007ffbf473b000 	D:\intelFPGA\18.0\quartus\bin64\sld_filejni.dll
0x00007ffc267f0000 - 0x00007ffc268bd000 	C:\WINDOWS\System32\OLEAUT32.dll
0x00007ffc26c50000 - 0x00007ffc26d79000 	C:\WINDOWS\System32\ole32.dll
0x00007ffc25fa0000 - 0x00007ffc2607a000 	C:\WINDOWS\System32\COMDLG32.dll
0x00007ffc12130000 - 0x00007ffc12139000 	D:\intelFPGA\18.0\quartus\bin64\tcl_jni_bridge.dll
0x00007ffc02aa0000 - 0x00007ffc02c28000 	D:\intelFPGA\18.0\quartus\bin64\dbghelp.dll

VM Arguments:
jvm_args: -Xmx1500M -XX:+UseSerialGC 
java_command: com.altera.sopcmodel.sbtools.sbgenerate.SbGenerate --output-directory=K:/work/tr/SOFT_work/FPGA/v3_10m50da/db/ip/sldcae26b15/ --project-directory=K:/work/tr/SOFT_work/FPGA/v3_10m50da/ --file-set=QUARTUS_SYNTH --system-info=DEVICE_FAMILY=MAX 10 --report-file=xml:K:/work/tr/SOFT_work/FPGA/v3_10m50da/db/ip/sldcae26b15/alt_sld_fab__report.xml --report-file=html:K:/work/tr/SOFT_work/FPGA/v3_10m50da/db/ip/sldcae26b15/alt_sld_fab__report.html --component-name=alt_sld_fab --component-file=./db/ip/sldcae26b15/alt_sld_fab_wrapper_hw.tcl --report-file=sopcinfo:K:/work/tr/SOFT_work/FPGA/v3_10m50da/db/ip/sldcae26b15/alt_sld_fab.sopcinfo --report-file=qip:K:/work/tr/SOFT_work/FPGA/v3_10m50da/db/ip/sldcae26b15/alt_sld_fab.qip --remove-qsys-generate-warning
java_class_path (initial): D:/intelfpga/18.0/quartus/sopc_builder/model/lib\Nlview.jar;D:/intelfpga/18.0/quartus/sopc_builder/model/lib\QuickServer.jar;D:/intelfpga/18.0/quartus/sopc_builder/model/lib\TableLayout.jar;D:/intelfpga/18.0/quartus/sopc_builder/model/lib\appframework-1.03.jar;D:/intelfpga/18.0/quartus/sopc_builder/model/lib\asm-3.1.jar;D:/intelfpga/18.0/quartus/sopc_builder/model/lib\asm-commons-3.1.jar;D:/intelfpga/18.0/quartus/sopc_builder/model/lib\basicmodel.jar;D:/intelfpga/18.0/quartus/sopc_builder/model/lib\beansbinding-1.2.1.jar;D:/intelfpga/18.0/quartus/sopc_builder/model/lib\binding-2.0.6.jar;D:/intelfpga/18.0/quartus/sopc_builder/model/lib\com.altera.componenteditor2.jar;D:/intelfpga/18.0/quartus/sopc_builder/model/lib\com.altera.embeddedsw.app_lib.jar;D:/intelfpga/18.0/quartus/sopc_builder/model/lib\com.altera.embeddedsw.bsp.editor.jar;D:/intelfpga/18.0/quartus/sopc_builder/model/lib\com.altera.embeddedsw.bsp.elements.jar;D:/intelfpga/18.0/quartus/sopc_builder/model/lib\com.altera.embeddedsw.bsp.jar;D:/intelfpga/18.0/quartus/sopc_builder/model/lib\com.altera.embeddedsw.bsp.plugin.core.jar;D:/intelfpga/18.0/quartus/sopc_builder/model/lib\com.altera.embeddedsw.bsp.plugin.hal.jar;D:/intelfpga/18.0/quartus/sopc_builder/model/lib\com.altera.embeddedsw.bsp.plugin.lwhal.jar;D:/intelfpga/18.0/quartus/sopc_builder/model/lib\com.altera.embeddedsw.bsp.schema.jar;D:/intelfpga/18.0/quartus/sopc_builder/model/lib\com.altera.embeddedsw.bsp.scripting.jar;D:/intelfpga/18.0/quartus/sopc_builder/model/lib\com.altera.embeddedsw.commandline.jar;D:/intelfpga/18.0/quartus/sopc_builder/model/lib\com.altera.embeddedsw.cpexample.jar;D:/intelfpga/18.0/quartus/sopc_builder/model/lib\com.altera.embeddedsw.flash.jar;D:/intelfpga/18.0/quartus/sopc_builder/model/lib\com.altera.embeddedsw.launch.jar;D:/intelfpga/18.0/quartus/sopc_builder/model/lib\com.altera.embeddedsw.swinfo.jar;D:/intelfpga/18.0/quartus/sopc_builder/model/lib\com.altera.embeddedsw.utilities.jar;D:/intelfp
Launcher Type: SUN_STANDARD

Environment Variables:
PATH=D:/intelfpga/18.0/quartus/bin64;d:\intelfpga\18.0\quartus\bin64\;d:\intelfpga\18.0\quartus\bin64\;D:\Program Files (x86)\VMware\VMware Workstation\bin\;C:\Users\Кошлики\Pyton 3.9.2\Scripts\;C:\Users\Кошлики\Pyton 3.9.2\;d:\VulkanSDK\1.2.154.1\Bin;C:\Program Files (x86)\Common Files\Intel\Shared Libraries\redist\intel64_win\compiler;C:\Program Files (x86)\NVIDIA Corporation\PhysX\Common;C:\Program Files (x86)\Common Files\Oracle\Java\javapath;C:\Program Files (x86)\Python38-32\Scripts\;C:\Program Files (x86)\Python38-32\;C:\WINDOWS\system32;C:\WINDOWS;C:\WINDOWS\System32\Wbem;C:\WINDOWS\System32\WindowsPowerShell\v1.0\;C:\WINDOWS\System32\OpenSSH\;C:\Program Files (x86)\dotnet\;E:\Program Files\matlab2017\bin;C:\Program Files\dotnet\;C:\Program Files\Microsoft SQL Server\130\Tools\Binn\;C:\Program Files\Microsoft SQL Server\Client SDK\ODBC\170\Tools\Binn\;C:\Program Files (x86)\IVI Foundation\VISA\WinNT\Bin;E:\Program Files (x86)\P-CAD 2006 Viewer\;C:\Program Files (x86)\Windows Kits\8.1\Windows Performance Toolkit\;C:\Program Files\Microsoft SQL Server\110\Tools\Binn\;D:\Program Files\PuTTY\;C:\Program Files (x86)\Common Files\Autodesk Shared\;E:\MSV\python374\Scripts\;E:\MSV\python374\;C:\Users\slash\AppData\Local\Microsoft\WindowsApps;;E:\MSV\Microsoft VS Code\bin;e:\Program Files\JetBrains\PyCharm Community Edition 2019.2.3\bin;
USERNAME=slash
OS=Windows_NT
PROCESSOR_IDENTIFIER=Intel64 Family 6 Model 58 Stepping 9, GenuineIntel



---------------  S Y S T E M  ---------------

OS: Windows 8.1 , 64 bit Build 9600 

CPU:total 4 (4 cores per cpu, 1 threads per core) family 6 model 58 stepping 9, cmov, cx8, fxsr, mmx, sse, sse2, sse3, ssse3, sse4.1, sse4.2, popcnt, avx, aes, clmul, erms, tsc, tscinvbit

Memory: 4k page, physical 8349652k(722984k free), swap 8349652k(78852k free)

vm_info: Java HotSpot(TM) 64-Bit Server VM (25.5-b02) for windows-amd64 JRE (1.8.0_05-b13), built on Mar 18 2014 01:08:39 by "java_re" with MS VC++ 10.0 (VS2010)

time: Sun May 09 16:56:19 2021
elapsed time: 13 seconds

