#
# There is insufficient memory for the Java Runtime Environment to continue.
# Native memory allocation (malloc) failed to allocate 846576 bytes for Chunk::new
# Possible reasons:
#   The system is out of physical RAM or swap space
#   In 32 bit mode, the process size limit was hit
# Possible solutions:
#   Reduce memory load on the system
#   Increase physical memory or swap space
#   Check if swap backing store is full
#   Use 64 bit Java on a 64 bit OS
#   Decrease Java heap size (-Xmx/-Xms)
#   Decrease number of Java threads
#   Decrease Java thread stack sizes (-Xss)
#   Set larger code cache with -XX:ReservedCodeCacheSize=
# This output file may be truncated or incomplete.
#
#  Out of Memory Error (allocation.cpp:388), pid=22376, tid=7472
#
# JRE version: Java(TM) SE Runtime Environment (8.0_05-b13) (build 1.8.0_05-b13)
# Java VM: Java HotSpot(TM) 64-Bit Server VM (25.5-b02 mixed mode windows-amd64 compressed oops)
# Failed to write core dump. Minidumps are not enabled by default on client versions of Windows
#

---------------  T H R E A D  ---------------

Current thread (0x000000001330e000):  JavaThread "C2 CompilerThread0" daemon [_thread_in_native, id=7472, stack(0x0000000013910000,0x0000000013a10000)]

Stack: [0x0000000013910000,0x0000000013a10000]
Native frames: (J=compiled Java code, j=interpreted, Vv=VM code, C=native code)
V  [jvm.dll+0x308dea]
V  [jvm.dll+0x25def1]
V  [jvm.dll+0x25eb0f]
V  [jvm.dll+0x2564e5]
V  [jvm.dll+0xbcfc5]
V  [jvm.dll+0xbd45c]
V  [jvm.dll+0x468bac]
V  [jvm.dll+0x43638b]
V  [jvm.dll+0x44111e]
V  [jvm.dll+0x4436a9]
V  [jvm.dll+0x427532]
V  [jvm.dll+0x96702]
V  [jvm.dll+0x96ef3]
V  [jvm.dll+0x2232c4]
V  [jvm.dll+0x27baca]
C  [msvcr100.dll+0x21d9f]
C  [msvcr100.dll+0x21e3b]
C  [KERNEL32.DLL+0x16fd4]
C  [ntdll.dll+0x4cec1]


Current CompileTask:
C2:   2761 2344       4       sun.reflect.generics.parser.SignatureParser::parsePackageNameAndSimpleClassTypeSignature (139 bytes)


---------------  P R O C E S S  ---------------

Java Threads: ( => current thread )
  0x0000000013389800 JavaThread "Service Thread" daemon [_thread_blocked, id=2580, stack(0x0000000013c10000,0x0000000013d10000)]
  0x000000001331d800 JavaThread "C1 CompilerThread2" daemon [_thread_in_native, id=19884, stack(0x0000000013b10000,0x0000000013c10000)]
  0x0000000013311800 JavaThread "C2 CompilerThread1" daemon [_thread_in_native, id=3108, stack(0x0000000013a10000,0x0000000013b10000)]
=>0x000000001330e000 JavaThread "C2 CompilerThread0" daemon [_thread_in_native, id=7472, stack(0x0000000013910000,0x0000000013a10000)]
  0x000000001330c800 JavaThread "Attach Listener" daemon [_thread_blocked, id=11100, stack(0x0000000013810000,0x0000000013910000)]
  0x000000001330a000 JavaThread "Signal Dispatcher" daemon [_thread_blocked, id=19280, stack(0x0000000013710000,0x0000000013810000)]
  0x0000000003152800 JavaThread "Finalizer" daemon [_thread_blocked, id=8328, stack(0x0000000013610000,0x0000000013710000)]
  0x000000000314b000 JavaThread "Reference Handler" daemon [_thread_blocked, id=6408, stack(0x0000000013510000,0x0000000013610000)]
  0x0000000003067000 JavaThread "main" [_thread_blocked, id=19980, stack(0x0000000002f60000,0x0000000003060000)]

Other Threads:
  0x0000000003145800 VMThread [stack: 0x0000000013410000,0x0000000013510000] [id=4484]
  0x00000000133bc000 WatcherThread [stack: 0x0000000013d10000,0x0000000013e10000] [id=12644]

VM state:at safepoint (normal execution)

VM Mutex/Monitor currently owned by a thread:  ([mutex/lock_event])
[0x0000000003064600] Threads_lock - owner thread: 0x0000000003145800
[0x0000000003064400] Heap_lock - owner thread: 0x0000000003067000

Heap:
 def new generation   total 1152K, used 128K [0x00000000a2400000, 0x00000000a2540000, 0x00000000c1800000)
  eden space 1024K,   0% used [0x00000000a2400000, 0x00000000a24000d0, 0x00000000a2500000)
  from space 128K,  99% used [0x00000000a2500000, 0x00000000a251fff8, 0x00000000a2520000)
  to   space 128K,   0% used [0x00000000a2520000, 0x00000000a2520000, 0x00000000a2540000)
 tenured generation   total 129792K, used 28923K [0x00000000c1800000, 0x00000000c96c0000, 0x0000000100000000)
   the space 129792K,  22% used [0x00000000c1800000, 0x00000000c343ee28, 0x00000000c343f000, 0x00000000c96c0000)
 Metaspace       used 13094K, capacity 13410K, committed 13696K, reserved 1060864K
  class space    used 1513K, capacity 1586K, committed 1664K, reserved 1048576K

Card table byte_map: [0x0000000012520000,0x0000000012810000] byte_map_base: 0x000000001200e000

Polling page: 0x0000000001660000

CodeCache: size=245760Kb used=7479Kb max_used=7479Kb free=238280Kb
 bounds [0x0000000003160000, 0x00000000038c0000, 0x0000000012160000]
 total_blobs=2569 nmethods=2230 adapters=252
 compilation: enabled

Compilation events (10 events):
Event: 2.610 Thread 0x000000001331d800 2466       3       sun.reflect.annotation.AnnotationParser::parseAnnotation (9 bytes)
Event: 2.610 Thread 0x000000001331d800 nmethod 2466 0x0000000003880fd0 code [0x0000000003881140, 0x00000000038812a8]
Event: 2.612 Thread 0x000000001331d800 2467       3       com.sun.xml.bind.v2.model.impl.ElementInfoImpl::getSubstitutionMembers (16 bytes)
Event: 2.612 Thread 0x000000001331d800 nmethod 2467 0x0000000003881350 code [0x00000000038814c0, 0x00000000038816b0]
Event: 2.618 Thread 0x000000001331d800 2468       3       sun.misc.URLClassPath$1::next (59 bytes)
Event: 2.619 Thread 0x000000001331d800 nmethod 2468 0x0000000003881750 code [0x00000000038818e0, 0x0000000003881cf8]
Event: 2.620 Thread 0x000000001331d800 2469  s    3       java.util.Hashtable::containsKey (65 bytes)
Event: 2.621 Thread 0x000000001331d800 nmethod 2469 0x000000000333b4d0 code [0x000000000333b660, 0x000000000333bc78]
Event: 2.622 Thread 0x000000001331d800 2470       3       sun.reflect.generics.repository.FieldRepository::parse (8 bytes)
Event: 2.622 Thread 0x000000001331d800 nmethod 2470 0x000000000333aad0 code [0x000000000333ac80, 0x000000000333b1f8]

GC Heap History (10 events):
Event: 2.601 GC heap before
{Heap before GC invocations=185 (full 0):
 def new generation   total 1152K, used 1085K [0x00000000a2400000, 0x00000000a2540000, 0x00000000c1800000)
  eden space 1024K, 100% used [0x00000000a2400000, 0x00000000a2500000, 0x00000000a2500000)
  from space 128K,  48% used [0x00000000a2520000, 0x00000000a252f6a8, 0x00000000a2540000)
  to   space 128K,   0% used [0x00000000a2500000, 0x00000000a2500000, 0x00000000a2520000)
 tenured generation   total 129792K, used 27488K [0x00000000c1800000, 0x00000000c96c0000, 0x0000000100000000)
   the space 129792K,  21% used [0x00000000c1800000, 0x00000000c32d83d0, 0x00000000c32d8400, 0x00000000c96c0000)
 Metaspace       used 13065K, capacity 13410K, committed 13696K, reserved 1060864K
  class space    used 1512K, capacity 1586K, committed 1664K, reserved 1048576K
Event: 2.602 GC heap after
Heap after GC invocations=186 (full 0):
 def new generation   total 1152K, used 128K [0x00000000a2400000, 0x00000000a2540000, 0x00000000c1800000)
  eden space 1024K,   0% used [0x00000000a2400000, 0x00000000a2400000, 0x00000000a2500000)
  from space 128K, 100% used [0x00000000a2500000, 0x00000000a2520000, 0x00000000a2520000)
  to   space 128K,   0% used [0x00000000a2520000, 0x00000000a2520000, 0x00000000a2540000)
 tenured generation   total 129792K, used 27517K [0x00000000c1800000, 0x00000000c96c0000, 0x0000000100000000)
   the space 129792K,  21% used [0x00000000c1800000, 0x00000000c32df678, 0x00000000c32df800, 0x00000000c96c0000)
 Metaspace       used 13065K, capacity 13410K, committed 13696K, reserved 1060864K
  class space    used 1512K, capacity 1586K, committed 1664K, reserved 1048576K
}
Event: 2.608 GC heap before
{Heap before GC invocations=186 (full 0):
 def new generation   total 1152K, used 1152K [0x00000000a2400000, 0x00000000a2540000, 0x00000000c1800000)
  eden space 1024K, 100% used [0x00000000a2400000, 0x00000000a2500000, 0x00000000a2500000)
  from space 128K, 100% used [0x00000000a2500000, 0x00000000a2520000, 0x00000000a2520000)
  to   space 128K,   0% used [0x00000000a2520000, 0x00000000a2520000, 0x00000000a2540000)
 tenured generation   total 129792K, used 27517K [0x00000000c1800000, 0x00000000c96c0000, 0x0000000100000000)
   the space 129792K,  21% used [0x00000000c1800000, 0x00000000c32df678, 0x00000000c32df800, 0x00000000c96c0000)
 Metaspace       used 13065K, capacity 13410K, committed 13696K, reserved 1060864K
  class space    used 1512K, capacity 1586K, committed 1664K, reserved 1048576K
Event: 2.609 GC heap after
Heap after GC invocations=187 (full 0):
 def new generation   total 1152K, used 105K [0x00000000a2400000, 0x00000000a2540000, 0x00000000c1800000)
  eden space 1024K,   0% used [0x00000000a2400000, 0x00000000a2400000, 0x00000000a2500000)
  from space 128K,  82% used [0x00000000a2520000, 0x00000000a253a548, 0x00000000a2540000)
  to   space 128K,   0% used [0x00000000a2500000, 0x00000000a2500000, 0x00000000a2520000)
 tenured generation   total 129792K, used 27604K [0x00000000c1800000, 0x00000000c96c0000, 0x0000000100000000)
   the space 129792K,  21% used [0x00000000c1800000, 0x00000000c32f5378, 0x00000000c32f5400, 0x00000000c96c0000)
 Metaspace       used 13065K, capacity 13410K, committed 13696K, reserved 1060864K
  class space    used 1512K, capacity 1586K, committed 1664K, reserved 1048576K
}
Event: 2.615 GC heap before
{Heap before GC invocations=187 (full 0):
 def new generation   total 1152K, used 1129K [0x00000000a2400000, 0x00000000a2540000, 0x00000000c1800000)
  eden space 1024K, 100% used [0x00000000a2400000, 0x00000000a2500000, 0x00000000a2500000)
  from space 128K,  82% used [0x00000000a2520000, 0x00000000a253a548, 0x00000000a2540000)
  to   space 128K,   0% used [0x00000000a2500000, 0x00000000a2500000, 0x00000000a2520000)
 tenured generation   total 129792K, used 27604K [0x00000000c1800000, 0x00000000c96c0000, 0x0000000100000000)
   the space 129792K,  21% used [0x00000000c1800000, 0x00000000c32f5378, 0x00000000c32f5400, 0x00000000c96c0000)
 Metaspace       used 13066K, capacity 13410K, committed 13696K, reserved 1060864K
  class space    used 1512K, capacity 1586K, committed 1664K, reserved 1048576K
Event: 2.616 GC heap after
Heap after GC invocations=188 (full 0):
 def new generation   total 1152K, used 81K [0x00000000a2400000, 0x00000000a2540000, 0x00000000c1800000)
  eden space 1024K,   0% used [0x00000000a2400000, 0x00000000a2400000, 0x00000000a2500000)
  from space 128K,  63% used [0x00000000a2500000, 0x00000000a2514408, 0x00000000a2520000)
  to   space 128K,   0% used [0x00000000a2520000, 0x00000000a2520000, 0x00000000a2540000)
 tenured generation   total 129792K, used 27655K [0x00000000c1800000, 0x00000000c96c0000, 0x0000000100000000)
   the space 129792K,  21% used [0x00000000c1800000, 0x00000000c3301ca8, 0x00000000c3301e00, 0x00000000c96c0000)
 Metaspace       used 13066K, capacity 13410K, committed 13696K, reserved 1060864K
  class space    used 1512K, capacity 1586K, committed 1664K, reserved 1048576K
}
Event: 2.623 GC heap before
{Heap before GC invocations=188 (full 0):
 def new generation   total 1152K, used 1105K [0x00000000a2400000, 0x00000000a2540000, 0x00000000c1800000)
  eden space 1024K, 100% used [0x00000000a2400000, 0x00000000a2500000, 0x00000000a2500000)
  from space 128K,  63% used [0x00000000a2500000, 0x00000000a2514408, 0x00000000a2520000)
  to   space 128K,   0% used [0x00000000a2520000, 0x00000000a2520000, 0x00000000a2540000)
 tenured generation   total 129792K, used 27655K [0x00000000c1800000, 0x00000000c96c0000, 0x0000000100000000)
   the space 129792K,  21% used [0x00000000c1800000, 0x00000000c3301ca8, 0x00000000c3301e00, 0x00000000c96c0000)
 Metaspace       used 13066K, capacity 13410K, committed 13696K, reserved 1060864K
  class space    used 1512K, capacity 1586K, committed 1664K, reserved 1048576K
Event: 2.624 GC heap after
Heap after GC invocations=189 (full 0):
 def new generation   total 1152K, used 128K [0x00000000a2400000, 0x00000000a2540000, 0x00000000c1800000)
  eden space 1024K,   0% used [0x00000000a2400000, 0x00000000a2400000, 0x00000000a2500000)
  from space 128K, 100% used [0x00000000a2520000, 0x00000000a2540000, 0x00000000a2540000)
  to   space 128K,   0% used [0x00000000a2500000, 0x00000000a2500000, 0x00000000a2520000)
 tenured generation   total 129792K, used 27710K [0x00000000c1800000, 0x00000000c96c0000, 0x0000000100000000)
   the space 129792K,  21% used [0x00000000c1800000, 0x00000000c330f938, 0x00000000c330fa00, 0x00000000c96c0000)
 Metaspace       used 13066K, capacity 13410K, committed 13696K, reserved 1060864K
  class space    used 1512K, capacity 1586K, committed 1664K, reserved 1048576K
}
Event: 2.628 GC heap before
{Heap before GC invocations=189 (full 0):
 def new generation   total 1152K, used 1152K [0x00000000a2400000, 0x00000000a2540000, 0x00000000c1800000)
  eden space 1024K, 100% used [0x00000000a2400000, 0x00000000a2500000, 0x00000000a2500000)
  from space 128K, 100% used [0x00000000a2520000, 0x00000000a2540000, 0x00000000a2540000)
  to   space 128K,   0% used [0x00000000a2500000, 0x00000000a2500000, 0x00000000a2520000)
 tenured generation   total 129792K, used 27710K [0x00000000c1800000, 0x00000000c96c0000, 0x0000000100000000)
   the space 129792K,  21% used [0x00000000c1800000, 0x00000000c330f938, 0x00000000c330fa00, 0x00000000c96c0000)
 Metaspace       used 13066K, capacity 13410K, committed 13696K, reserved 1060864K
  class space    used 1512K, capacity 1586K, committed 1664K, reserved 1048576K
Event: 2.629 GC heap after
Heap after GC invocations=190 (full 0):
 def new generation   total 1152K, used 60K [0x00000000a2400000, 0x00000000a2540000, 0x00000000c1800000)
  eden space 1024K,   0% used [0x00000000a2400000, 0x00000000a2400000, 0x00000000a2500000)
  from space 128K,  47% used [0x00000000a2500000, 0x00000000a250f328, 0x00000000a2520000)
  to   space 128K,   0% used [0x00000000a2520000, 0x00000000a2520000, 0x00000000a2540000)
 tenured generation   total 129792K, used 27819K [0x00000000c1800000, 0x00000000c96c0000, 0x0000000100000000)
   the space 129792K,  21% used [0x00000000c1800000, 0x00000000c332af00, 0x00000000c332b000, 0x00000000c96c0000)
 Metaspace       used 13066K, capacity 13410K, committed 13696K, reserved 1060864K
  class space    used 1512K, capacity 1586K, committed 1664K, reserved 1048576K
}

Deoptimization events (10 events):
Event: 1.881 Thread 0x0000000003067000 Uncommon trap: reason=class_check action=maybe_recompile pc=0x00000000035e1920 method=com.sun.org.apache.xerces.internal.impl.XMLNSDocumentScannerImpl.scanStartElement()Z @ 1005
Event: 1.881 Thread 0x0000000003067000 Uncommon trap: reason=class_check action=maybe_recompile pc=0x00000000035f0100 method=com.sun.org.apache.xerces.internal.parsers.AbstractSAXParser.startElement(Lcom/sun/org/apache/xerces/internal/xni/QName;Lcom/sun/org/apache/xerces/internal/xni/XMLAttribuW.
q›þ?
Event: 1.883 Thread 0x0000000003067000 Uncommon trap: reason=class_check action=maybe_recompile pc=0x00000000035e1920 method=com.sun.org.apache.xerces.internal.impl.XMLNSDocumentScannerImpl.scanStartElement()Z @ 1005
Event: 1.883 Thread 0x0000000003067000 Uncommon trap: reason=class_check action=maybe_recompile pc=0x00000000035f0100 method=com.sun.org.apache.xerces.internal.parsers.AbstractSAXParser.startElement(Lcom/sun/org/apache/xerces/internal/xni/QName;Lcom/sun/org/apache/xerces/internal/xni/XMLAttribuSÓ‰_ þ?
Event: 1.883 Thread 0x0000000003067000 Uncommon trap: reason=class_check action=maybe_recompile pc=0x00000000035e1920 method=com.sun.org.apache.xerces.internal.impl.XMLNSDocumentScannerImpl.scanStartElement()Z @ 1005
Event: 1.883 Thread 0x0000000003067000 Uncommon trap: reason=class_check action=maybe_recompile pc=0x00000000035f0100 method=com.sun.org.apache.xerces.internal.parsers.AbstractSAXParser.startElement(Lcom/sun/org/apache/xerces/internal/xni/QName;Lcom/sun/org/apache/xerces/internal/xni/XMLAttribu|Ô_¯° þ?
Event: 1.883 Thread 0x0000000003067000 Uncommon trap: reason=class_check action=maybe_recompile pc=0x00000000035c71e4 method=com.sun.org.apache.xerces.internal.impl.XMLDocumentFragmentScannerImpl.scanEndElement()I @ 142
Event: 1.883 Thread 0x0000000003067000 Uncommon trap: reason=class_check action=maybe_recompile pc=0x00000000035c71e4 method=com.sun.org.apache.xerces.internal.impl.XMLDocumentFragmentScannerImpl.scanEndElement()I @ 142
Event: 1.883 Thread 0x0000000003067000 Uncommon trap: reason=class_check action=maybe_recompile pc=0x00000000035c71e4 method=com.sun.org.apache.xerces.internal.impl.XMLDocumentFragmentScannerImpl.scanEndElement()I @ 142
Event: 1.883 Thread 0x0000000003067000 Uncommon trap: reason=class_check action=maybe_recompile pc=0x00000000035c71e4 method=com.sun.org.apache.xerces.internal.impl.XMLDocumentFragmentScannerImpl.scanEndElement()I @ 142

Internal exceptions (10 events):
Event: 2.611 Thread 0x0000000003067000 Exception <a 'java/security/PrivilegedActionException'> (0x00000000a2448880) thrown at [D:\re\workspace\8-2-build-windows-amd64-cygwin\jdk8u5\2488\hotspot\src\share\vm\prims\jvm.cpp, line 1248]
Event: 2.612 Thread 0x0000000003067000 Exception <a 'java/security/PrivilegedActionException'> (0x00000000a2455d30) thrown at [D:\re\workspace\8-2-build-windows-amd64-cygwin\jdk8u5\2488\hotspot\src\share\vm\prims\jvm.cpp, line 1248]
Event: 2.612 Thread 0x0000000003067000 Exception <a 'java/security/PrivilegedActionException'> (0x00000000a245f420) thrown at [D:\re\workspace\8-2-build-windows-amd64-cygwin\jdk8u5\2488\hotspot\src\share\vm\prims\jvm.cpp, line 1248]
Event: 2.620 Thread 0x0000000003067000 Exception <a 'java/lang/ClassNotFoundException': com/sun/org/glassfish/hk2/osgiresourcelocator/ServiceLoader> (0x00000000a2495ab8) thrown at [D:\re\workspace\8-2-build-windows-amd64-cygwin\jdk8u5\2488\hotspot\src\share\vm\classfile\systemDictionary.cpp, li#Ñpo#ú@
Event: 2.622 Thread 0x0000000003067000 Exception <a 'java/security/PrivilegedActionException'> (0x00000000a24d3b10) thrown at [D:\re\workspace\8-2-build-windows-amd64-cygwin\jdk8u5\2488\hotspot\src\share\vm\prims\jvm.cpp, line 1248]
Event: 2.622 Thread 0x0000000003067000 Exception <a 'java/security/PrivilegedActionException'> (0x00000000a24dd230) thrown at [D:\re\workspace\8-2-build-windows-amd64-cygwin\jdk8u5\2488\hotspot\src\share\vm\prims\jvm.cpp, line 1248]
Event: 2.623 Thread 0x0000000003067000 Exception <a 'java/security/PrivilegedActionException'> (0x00000000a24e81b8) thrown at [D:\re\workspace\8-2-build-windows-amd64-cygwin\jdk8u5\2488\hotspot\src\share\vm\prims\jvm.cpp, line 1248]
Event: 2.623 Thread 0x0000000003067000 Exception <a 'java/security/PrivilegedActionException'> (0x00000000a24f18e0) thrown at [D:\re\workspace\8-2-build-windows-amd64-cygwin\jdk8u5\2488\hotspot\src\share\vm\prims\jvm.cpp, line 1248]
Event: 2.623 Thread 0x0000000003067000 Exception <a 'java/security/PrivilegedActionException'> (0x00000000a24fedc8) thrown at [D:\re\workspace\8-2-build-windows-amd64-cygwin\jdk8u5\2488\hotspot\src\share\vm\prims\jvm.cpp, line 1248]
Event: 2.625 Thread 0x0000000003067000 Exception <a 'java/security/PrivilegedActionException'> (0x00000000a24084d8) thrown at [D:\re\workspace\8-2-build-windows-amd64-cygwin\jdk8u5\2488\hotspot\src\share\vm\prims\jvm.cpp, line 1248]

Events (10 events):
Event: 2.622 loading class java/lang/ObjectFactory
Event: 2.622 loading class java/lang/ObjectFactory done
Event: 2.623 loading class java/lang/ObjectFactory
Event: 2.623 loading class java/lang/ObjectFactory done
Event: 2.623 loading class java/lang/ObjectFactory
Event: 2.623 loading class java/lang/ObjectFactory done
Event: 2.623 Executing VM operation: GenCollectForAllocation
Event: 2.624 Executing VM operation: GenCollectForAllocation done
Event: 2.628 Executing VM operation: GenCollectForAllocation
Event: 2.629 Executing VM operation: GenCollectForAllocation done


Dynamic libraries:
0x00007ff651890000 - 0x00007ff6518c4000 	D:\intelfpga\18.0\quartus\bin64\jre64\bin\java.exe
0x00007ff8a8690000 - 0x00007ff8a8885000 	C:\WINDOWS\SYSTEM32\ntdll.dll
0x00007ff8a81b0000 - 0x00007ff8a826d000 	C:\WINDOWS\System32\KERNEL32.DLL
0x00007ff8a61a0000 - 0x00007ff8a6467000 	C:\WINDOWS\System32\KERNELBASE.dll
0x00007ff8a83d0000 - 0x00007ff8a847a000 	C:\WINDOWS\System32\ADVAPI32.dll
0x00007ff8a85b0000 - 0x00007ff8a864e000 	C:\WINDOWS\System32\msvcrt.dll
0x00007ff8a66f0000 - 0x00007ff8a678b000 	C:\WINDOWS\System32\sechost.dll
0x00007ff8a8480000 - 0x00007ff8a85a4000 	C:\WINDOWS\System32\RPCRT4.dll
0x00007ff8a7900000 - 0x00007ff8a7aa0000 	C:\WINDOWS\System32\USER32.dll
0x00007ff8a5e30000 - 0x00007ff8a5e52000 	C:\WINDOWS\System32\win32u.dll
0x00007ff8a6e40000 - 0x00007ff8a6e6a000 	C:\WINDOWS\System32\GDI32.dll
0x00007ff8a6090000 - 0x00007ff8a6199000 	C:\WINDOWS\System32\gdi32full.dll
0x00007ff8a64a0000 - 0x00007ff8a653d000 	C:\WINDOWS\System32\msvcp_win.dll
0x00007ff8a5e60000 - 0x00007ff8a5f60000 	C:\WINDOWS\System32\ucrtbase.dll
0x00007ff89eeb0000 - 0x00007ff89f14b000 	C:\WINDOWS\WinSxS\amd64_microsoft.windows.common-controls_6595b64144ccf1df_6.0.19041.488_none_ca04af081b815d21\COMCTL32.dll
0x00007ff8a8180000 - 0x00007ff8a81b0000 	C:\WINDOWS\System32\IMM32.DLL
0x0000000050470000 - 0x0000000050542000 	D:\intelfpga\18.0\quartus\bin64\jre64\bin\msvcr100.dll
0x0000000077580000 - 0x0000000077daa000 	D:\intelfpga\18.0\quartus\bin64\jre64\bin\server\jvm.dll
0x00007ff8a83b0000 - 0x00007ff8a83b8000 	C:\WINDOWS\System32\PSAPI.DLL
0x00007ff89f150000 - 0x00007ff89f177000 	C:\WINDOWS\SYSTEM32\WINMM.dll
0x00007ff886130000 - 0x00007ff886139000 	C:\WINDOWS\SYSTEM32\WSOCK32.dll
0x00007ff8a8270000 - 0x00007ff8a82db000 	C:\WINDOWS\System32\WS2_32.dll
0x0000000050460000 - 0x000000005046f000 	D:\intelfpga\18.0\quartus\bin64\jre64\bin\verify.dll
0x0000000050430000 - 0x0000000050458000 	D:\intelfpga\18.0\quartus\bin64\jre64\bin\java.dll
0x0000000050410000 - 0x0000000050426000 	D:\intelfpga\18.0\quartus\bin64\jre64\bin\zip.dll
0x00007ff8a7070000 - 0x00007ff8a77b1000 	C:\WINDOWS\System32\SHELL32.dll
0x00007ff8a3f50000 - 0x00007ff8a46e3000 	C:\WINDOWS\SYSTEM32\windows.storage.dll
0x00007ff8a7b90000 - 0x00007ff8a7ee5000 	C:\WINDOWS\System32\combase.dll
0x00007ff8a5840000 - 0x00007ff8a586c000 	C:\WINDOWS\SYSTEM32\Wldp.dll
0x00007ff8a6790000 - 0x00007ff8a683e000 	C:\WINDOWS\System32\SHCORE.dll
0x00007ff8a78a0000 - 0x00007ff8a78f5000 	C:\WINDOWS\System32\shlwapi.dll
0x00007ff8a5d00000 - 0x00007ff8a5d26000 	C:\WINDOWS\SYSTEM32\profapi.dll
0x00007ff8a57a0000 - 0x00007ff8a57b8000 	C:\WINDOWS\SYSTEM32\CRYPTSP.dll
0x00007ff8a4ee0000 - 0x00007ff8a4f14000 	C:\WINDOWS\system32\rsaenh.dll
0x00007ff8a6470000 - 0x00007ff8a6497000 	C:\WINDOWS\System32\bcrypt.dll
0x00007ff8a5cc0000 - 0x00007ff8a5cee000 	C:\WINDOWS\SYSTEM32\USERENV.dll
0x00007ff8a5f60000 - 0x00007ff8a5fdf000 	C:\WINDOWS\System32\bcryptprimitives.dll
0x00007ff8a5790000 - 0x00007ff8a579c000 	C:\WINDOWS\SYSTEM32\CRYPTBASE.dll
0x00000000503f0000 - 0x000000005040a000 	D:\intelFPGA\18.0\quartus\bin64\jre64\bin\net.dll
0x00007ff8a55c0000 - 0x00007ff8a562a000 	C:\WINDOWS\system32\mswsock.dll
0x00007ff8a5260000 - 0x00007ff8a529b000 	C:\WINDOWS\SYSTEM32\IPHLPAPI.DLL
0x00007ff8a83c0000 - 0x00007ff8a83c9000 	C:\WINDOWS\System32\NSI.dll
0x00007ff8a0c90000 - 0x00007ff8a0ca7000 	C:\WINDOWS\SYSTEM32\dhcpcsvc6.DLL
0x00007ff8a0400000 - 0x00007ff8a041d000 	C:\WINDOWS\SYSTEM32\dhcpcsvc.DLL
0x00007ff8a52b0000 - 0x00007ff8a537b000 	C:\WINDOWS\SYSTEM32\DNSAPI.dll
0x00000000503d0000 - 0x00000000503e1000 	D:\intelFPGA\18.0\quartus\bin64\jre64\bin\nio.dll
0x00007ff89f300000 - 0x00007ff89f306000 	D:\intelFPGA\18.0\quartus\bin64\sld_utiljni.dll
0x00007ff898c20000 - 0x00007ff898d0f000 	D:\intelFPGA\18.0\quartus\bin64\MSVCR120.dll
0x0000000051b80000 - 0x0000000051d07000 	D:\intelFPGA\18.0\quartus\bin64\tcl86.dll
0x00007ff8997a0000 - 0x00007ff8997b8000 	C:\WINDOWS\SYSTEM32\NETAPI32.dll
0x00007ff8a52a0000 - 0x00007ff8a52ac000 	C:\WINDOWS\SYSTEM32\NETUTILS.DLL
0x00007ff89fd60000 - 0x00007ff89fd79000 	C:\WINDOWS\SYSTEM32\SAMCLI.DLL
0x00007ff8a53d0000 - 0x00007ff8a5412000 	C:\WINDOWS\SYSTEM32\LOGONCLI.DLL
0x00007ff889360000 - 0x00007ff889420000 	D:\intelFPGA\18.0\quartus\bin64\ccl_sqlite3.dll
0x00007ff89f250000 - 0x00007ff89f260000 	D:\intelFPGA\18.0\quartus\bin64\ccl_sqlite3_jdbc_jni_bridge.dll
0x00007ff891540000 - 0x00007ff8916c8000 	D:\intelFPGA\18.0\quartus\bin64\dbghelp.dll

VM Arguments:
jvm_args: -Xmx1500M -XX:+UseSerialGC 
java_command: com.altera.sopcmodel.sbtools.sbgenerate.SbGenerate --output-directory=K:/work/tr/SOFT_work/FPGA/v3_10m50da/db/ip/sldcae26b15/ --project-directory=K:/work/tr/SOFT_work/FPGA/v3_10m50da/ --file-set=QUARTUS_SYNTH --system-info=DEVICE_FAMILY=MAX 10 --report-file=xml:K:/work/tr/SOFT_work/FPGA/v3_10m50da/db/ip/sldcae26b15/alt_sld_fab__report.xml --report-file=html:K:/work/tr/SOFT_work/FPGA/v3_10m50da/db/ip/sldcae26b15/alt_sld_fab__report.html --component-name=alt_sld_fab --component-file=./db/ip/sldcae26b15/alt_sld_fab_wrapper_hw.tcl --report-file=sopcinfo:K:/work/tr/SOFT_work/FPGA/v3_10m50da/db/ip/sldcae26b15/alt_sld_fab.sopcinfo --report-file=qip:K:/work/tr/SOFT_work/FPGA/v3_10m50da/db/ip/sldcae26b15/alt_sld_fab.qip --remove-qsys-generate-warning
java_class_path (initial): D:/intelfpga/18.0/quartus/sopc_builder/model/lib\Nlview.jar;D:/intelfpga/18.0/quartus/sopc_builder/model/lib\QuickServer.jar;D:/intelfpga/18.0/quartus/sopc_builder/model/lib\TableLayout.jar;D:/intelfpga/18.0/quartus/sopc_builder/model/lib\appframework-1.03.jar;D:/intelfpga/18.0/quartus/sopc_builder/model/lib\asm-3.1.jar;D:/intelfpga/18.0/quartus/sopc_builder/model/lib\asm-commons-3.1.jar;D:/intelfpga/18.0/quartus/sopc_builder/model/lib\basicmodel.jar;D:/intelfpga/18.0/quartus/sopc_builder/model/lib\beansbinding-1.2.1.jar;D:/intelfpga/18.0/quartus/sopc_builder/model/lib\binding-2.0.6.jar;D:/intelfpga/18.0/quartus/sopc_builder/model/lib\com.altera.componenteditor2.jar;D:/intelfpga/18.0/quartus/sopc_builder/model/lib\com.altera.embeddedsw.app_lib.jar;D:/intelfpga/18.0/quartus/sopc_builder/model/lib\com.altera.embeddedsw.bsp.editor.jar;D:/intelfpga/18.0/quartus/sopc_builder/model/lib\com.altera.embeddedsw.bsp.elements.jar;D:/intelfpga/18.0/quartus/sopc_builder/model/lib\com.altera.embeddedsw.bsp.jar;D:/intelfpga/18.0/quartus/sopc_builder/model/lib\com.altera.embeddedsw.bsp.plugin.core.jar;D:/intelfpga/18.0/quartus/sopc_builder/model/lib\com.altera.embeddedsw.bsp.plugin.hal.jar;D:/intelfpga/18.0/quartus/sopc_builder/model/lib\com.altera.embeddedsw.bsp.plugin.lwhal.jar;D:/intelfpga/18.0/quartus/sopc_builder/model/lib\com.altera.embeddedsw.bsp.schema.jar;D:/intelfpga/18.0/quartus/sopc_builder/model/lib\com.altera.embeddedsw.bsp.scripting.jar;D:/intelfpga/18.0/quartus/sopc_builder/model/lib\com.altera.embeddedsw.commandline.jar;D:/intelfpga/18.0/quartus/sopc_builder/model/lib\com.altera.embeddedsw.cpexample.jar;D:/intelfpga/18.0/quartus/sopc_builder/model/lib\com.altera.embeddedsw.flash.jar;D:/intelfpga/18.0/quartus/sopc_builder/model/lib\com.altera.embeddedsw.launch.jar;D:/intelfpga/18.0/quartus/sopc_builder/model/lib\com.altera.embeddedsw.swinfo.jar;D:/intelfpga/18.0/quartus/sopc_builder/model/lib\com.altera.embeddedsw.utilities.jar;D:/intelfp
Launcher Type: SUN_STANDARD

Environment Variables:
PATH=D:/intelfpga/18.0/quartus/bin64;d:\intelfpga\18.0\quartus\bin64\;d:\intelfpga\18.0\quartus\bin64\;D:\Program Files (x86)\VMware\VMware Workstation\bin\;C:\Users\Êîøëèêè\Pyton 3.9.2\Scripts\;C:\Users\Êîøëèêè\Pyton 3.9.2\;d:\VulkanSDK\1.2.154.1\Bin;C:\Program Files (x86)\Common Files\Intel\Shared Libraries\redist\intel64_win\compiler;C:\Program Files (x86)\NVIDIA Corporation\PhysX\Common;C:\Program Files (x86)\Common Files\Oracle\Java\javapath;C:\Program Files (x86)\Python38-32\Scripts\;C:\Program Files (x86)\Python38-32\;C:\WINDOWS\system32;C:\WINDOWS;C:\WINDOWS\System32\Wbem;C:\WINDOWS\System32\WindowsPowerShell\v1.0\;C:\WINDOWS\System32\OpenSSH\;C:\Program Files (x86)\dotnet\;E:\Program Files\matlab2017\bin;C:\Program Files\dotnet\;C:\Program Files\Microsoft SQL Server\130\Tools\Binn\;C:\Program Files\Microsoft SQL Server\Client SDK\ODBC\170\Tools\Binn\;C:\Program Files (x86)\IVI Foundation\VISA\WinNT\Bin;E:\Program Files (x86)\P-CAD 2006 Viewer\;C:\Program Files (x86)\Windows Kits\8.1\Windows Performance Toolkit\;C:\Program Files\Microsoft SQL Server\110\Tools\Binn\;C:\Program Files (x86)\Common Files\Autodesk Shared\;D:\Program Files\PuTTY\;E:\MSV\python374\Scripts\;E:\MSV\python374\;C:\Users\slash\AppData\Local\Microsoft\WindowsApps;;E:\MSV\Microsoft VS Code\bin;e:\Program Files\JetBrains\PyCharm Community Edition 2019.2.3\bin;
USERNAME=slash
OS=Windows_NT
PROCESSOR_IDENTIFIER=Intel64 Family 6 Model 58 Stepping 9, GenuineIntel



---------------  S Y S T E M  ---------------

OS: Windows 8.1 , 64 bit Build 9600 

CPU:total 4 (4 cores per cpu, 1 threads per core) family 6 model 58 stepping 9, cmov, cx8, fxsr, mmx, sse, sse2, sse3, ssse3, sse4.1, sse4.2, popcnt, avx, aes, clmul, erms, tsc, tscinvbit

Memory: 4k page, physical 8349652k(873604k free), swap 8349652k(5876k free)

vm_info: Java HotSpot(TM) 64-Bit Server VM (25.5-b02) for windows-amd64 JRE (1.8.0_05-b13), built on Mar 18 2014 01:08:39 by "java_re" with MS VC++ 10.0 (VS2010)

time: Thu May 13 21:52:21 2021
elapsed time: 2 seconds

