#
# A fatal error has been detected by the Java Runtime Environment:
#
#  EXCEPTION_ACCESS_VIOLATION (0xc0000005) at pc=0x00007ffc0db4c963, pid=12816, tid=14488
#
# JRE version: Java(TM) SE Runtime Environment (8.0_05-b13) (build 1.8.0_05-b13)
# Java VM: Java HotSpot(TM) 64-Bit Server VM (25.5-b02 mixed mode windows-amd64 compressed oops)
# Problematic frame:
# C  [MSVCR120.dll+0x3c963]
#
# Failed to write core dump. Minidumps are not enabled by default on client versions of Windows
#
# If you would like to submit a bug report, please visit:
#   http://bugreport.sun.com/bugreport/crash.jsp
# The crash happened outside the Java Virtual Machine in native code.
# See problematic frame for where to report the bug.
#

---------------  T H R E A D  ---------------

Current thread (0x00000000027e7000):  JavaThread "main" [_thread_in_native, id=14488, stack(0x00000000026b0000,0x00000000027b0000)]

siginfo: ExceptionCode=0xc0000005, writing address 0x0000000000000000

Registers:
RAX=0x0000000000000000, RBX=0x0000000000000000, RCX=0x00000000044c0558, RDX=0x0000000000000000
RSP=0x00000000027ae5c0, RBP=0x0000000016df4850, RSI=0x0000000016d58aa0, RDI=0x0000000000000000
R8 =0x00000000044c0558, R9 =0x00000000027ae578, R10=0x0000000000000017, R11=0x0000000000000000
R12=0x00000000027ae750, R13=0x0000000000000000, R14=0x0000000000000001, R15=0x00007ffbea4bf33c
RIP=0x00007ffc0db4c963, EFLAGS=0x0000000000010207

Top of Stack: (sp=0x00000000027ae5c0)
0x00000000027ae5c0:   0000000000000000 00007ffbea4bd355
0x00000000027ae5d0:   0000000000000000 00000000044c0558
0x00000000027ae5e0:   00007ffbea5f9530 0000000000000000
0x00000000027ae5f0:   0000000000000001 00007ffbea4bb3f0
0x00000000027ae600:   0000000000000000 0000000016df4850
0x00000000027ae610:   0000000016d58aa0 0000000000000000
0x00000000027ae620:   00007ffc0dbec500 00007ffbea4bbcd7
0x00000000027ae630:   00007ffc0dbec500 0000000016d58aa0
0x00000000027ae640:   000300062f9c138b 0000000015415400
0x00000000027ae650:   00007ffbea4bf334 00000000154154a0
0x00000000027ae660:   0000000016df41b0 00007ffbea4b8a40
0x00000000027ae670:   00000000027ae760 00007ffc0dbec500
0x00000000027ae680:   0000000000000000 0000000016df41b0
0x00000000027ae690:   00007ffbea4bf32c 00007ffbea4bf334
0x00000000027ae6a0:   00000000154154a0 00000000027aeba0
0x00000000027ae6b0:   81b600000000000a 0000000000000001 

Instructions: (pc=0x00007ffc0db4c963)
0x00007ffc0db4c943:   0f b6 d2 49 83 f8 10 0f 82 5c 01 00 00 0f ba 25
0x00007ffc0db4c953:   00 4e 0a 00 01 73 0e 57 48 8b f9 8b c2 49 8b c8
0x00007ffc0db4c963:   f3 aa 5f eb 6d 49 b9 01 01 01 01 01 01 01 01 49
0x00007ffc0db4c973:   0f af d1 0f ba 25 da 4d 0a 00 02 0f 82 9c 00 00 


Register to memory mapping:

RAX=0x0000000000000000 is an unknown value
RBX=0x0000000000000000 is an unknown value
RCX=0x00000000044c0558 is an unknown value
RDX=0x0000000000000000 is an unknown value
RSP=0x00000000027ae5c0 is pointing into the stack for thread: 0x00000000027e7000
RBP=0x0000000016df4850 is an unknown value
RSI=0x0000000016d58aa0 is an unknown value
RDI=0x0000000000000000 is an unknown value
R8 =0x00000000044c0558 is an unknown value
R9 =0x00000000027ae578 is pointing into the stack for thread: 0x00000000027e7000
R10=0x0000000000000017 is an unknown value
R11=0x0000000000000000 is an unknown value
R12=0x00000000027ae750 is pointing into the stack for thread: 0x00000000027e7000
R13=0x0000000000000000 is an unknown value
R14=0x0000000000000001 is an unknown value
R15=0x00007ffbea4bf33c is an unknown value


Stack: [0x00000000026b0000,0x00000000027b0000],  sp=0x00000000027ae5c0,  free space=1017k
Native frames: (J=compiled Java code, j=interpreted, Vv=VM code, C=native code)
C  [MSVCR120.dll+0x3c963]

Java frames: (J=compiled Java code, j=interpreted, Vv=VM code)
j  com.altera.utilities.FileUtilities.read1(Ljava/lang/String;)Lcom/altera/utilities/FileUtilities$FileContents;+0
j  com.altera.utilities.FileUtilities.readFile(Ljava/io/File;)Lcom/altera/utilities/FileUtilities$FileContents;+70
j  com.altera.sopcmodel.components.tclmodule.LiveModuleTclInterpreter.tclToCatalogCards(Ljava/lang/String;Lcom/altera/librarianinterfaces/ILibrarian;Lcom/altera/entityinterfaces/message/IMessageLogger;)Ljava/util/List;+60
j  com.altera.sopcmodel.components.tclmodule.TclModuleFactory.analyzeToCatalogCards(Ljava/io/File;Lcom/altera/entityinterfaces/message/IMessageLogger;)Ljava/util/List;+20
j  com.altera.sopcmodel.components.tclmodule.TclModuleFactory.analyseFile(Ljava/io/File;Lcom/altera/entityinterfaces/message/IMessageLogger;)Ljava/util/List;+3
j  com.altera.sopcmodel.components.tclmodule.TclModuleFactory.analyseFile(Ljava/io/File;Lcom/altera/entityinterfaces/message/IMessageLogger;)Ljava/util/Collection;+3
j  com.altera.sopclibrary.conan.Analyzer.analyzeOneFile(Lcom/altera/sopclibrary/conan/Analyzer$IAnalyzerResults;Ljava/util/Map;Lcom/altera/entityinterfaces/message/IMessageLogger;Ljava/lang/String;Z)I+315
j  com.altera.sopclibrary.conan.Conan.analyse(Ljava/io/File;ZLcom/altera/entityinterfaces/message/IMessageLogger;)Ljava/util/List;+48
j  com.altera.sopcmodel.sbtools.shared.SbModuleInstanceBase.getCardFromComponentFile(Lcom/altera/entityinterfaces/message/IMessageLogger;)Lcom/altera/librarianinterfaces/ICatalogCard;+48
j  com.altera.sopcmodel.sbtools.shared.SbModuleInstanceBase.setupComponentModule(Lcom/altera/entityinterfaces/message/IMessageLogger;)V+14
j  com.altera.sopcmodel.sbtools.shared.SbModuleInstanceBase.act()I+70
j  com.altera.sopcmodel.sbtools.sbgenerate.SbGenerate.act()I+31
j  com.altera.utilities.AltCmdLineToolBase.runTheTool([Ljava/lang/String;)I+38
j  com.altera.sopcmodel.sbtools.sbgenerate.SbGenerate.main([Ljava/lang/String;)V+54
v  ~StubRoutines::call_stub

---------------  P R O C E S S  ---------------

Java Threads: ( => current thread )
  0x0000000012b09000 JavaThread "Service Thread" daemon [_thread_blocked, id=22092, stack(0x0000000013390000,0x0000000013490000)]
  0x0000000012a90800 JavaThread "C1 CompilerThread2" daemon [_thread_blocked, id=15356, stack(0x0000000013290000,0x0000000013390000)]
  0x0000000012a8f000 JavaThread "C2 CompilerThread1" daemon [_thread_blocked, id=2460, stack(0x0000000013190000,0x0000000013290000)]
  0x0000000012a8b800 JavaThread "C2 CompilerThread0" daemon [_thread_blocked, id=11112, stack(0x0000000013090000,0x0000000013190000)]
  0x0000000012a8a000 JavaThread "Attach Listener" daemon [_thread_blocked, id=6612, stack(0x0000000012f90000,0x0000000013090000)]
  0x0000000012a88000 JavaThread "Signal Dispatcher" daemon [_thread_blocked, id=5268, stack(0x0000000012e90000,0x0000000012f90000)]
  0x00000000028d2800 JavaThread "Finalizer" daemon [_thread_blocked, id=15328, stack(0x0000000012d90000,0x0000000012e90000)]
  0x00000000028cb000 JavaThread "Reference Handler" daemon [_thread_blocked, id=9364, stack(0x0000000012c90000,0x0000000012d90000)]
=>0x00000000027e7000 JavaThread "main" [_thread_in_native, id=14488, stack(0x00000000026b0000,0x00000000027b0000)]

Other Threads:
  0x00000000028c5800 VMThread [stack: 0x0000000012b90000,0x0000000012c90000] [id=5884]
  0x0000000012b45000 WatcherThread [stack: 0x0000000013490000,0x0000000013590000] [id=17924]

VM state:not at safepoint (normal execution)

VM Mutex/Monitor currently owned by a thread: None

Heap:
 def new generation   total 1152K, used 314K [0x00000000a2400000, 0x00000000a2540000, 0x00000000c1800000)
  eden space 1024K,  18% used [0x00000000a2400000, 0x00000000a242e890, 0x00000000a2500000)
  from space 128K, 100% used [0x00000000a2520000, 0x00000000a2540000, 0x00000000a2540000)
  to   space 128K,   0% used [0x00000000a2500000, 0x00000000a2500000, 0x00000000a2520000)
 tenured generation   total 129792K, used 50547K [0x00000000c1800000, 0x00000000c96c0000, 0x0000000100000000)
   the space 129792K,  38% used [0x00000000c1800000, 0x00000000c495cc70, 0x00000000c495ce00, 0x00000000c96c0000)
 Metaspace       used 13702K, capacity 13968K, committed 14208K, reserved 1062912K
  class space    used 1548K, capacity 1622K, committed 1664K, reserved 1048576K

Card table byte_map: [0x0000000011ca0000,0x0000000011f90000] byte_map_base: 0x000000001178e000

Polling page: 0x0000000000940000

CodeCache: size=245760Kb used=10666Kb max_used=10717Kb free=235093Kb
 bounds [0x00000000028e0000, 0x0000000003370000, 0x00000000118e0000]
 total_blobs=3387 nmethods=3037 adapters=263
 compilation: enabled

Compilation events (10 events):
Event: 7.205 Thread 0x0000000012a90800 nmethod 3420 0x00000000033611d0 code [0x00000000033614a0, 0x0000000003362cf8]
Event: 7.205 Thread 0x0000000012a90800 3421       3       org.apache.commons.lang3.StringUtils::isBlank (47 bytes)
Event: 7.206 Thread 0x0000000012a90800 nmethod 3421 0x000000000335d210 code [0x000000000335d3c0, 0x000000000335d9b8]
Event: 7.206 Thread 0x0000000012a90800 3423       3       java.util.regex.Matcher::start (22 bytes)
Event: 7.206 Thread 0x0000000012a90800 nmethod 3423 0x000000000335cd90 code [0x000000000335cf00, 0x000000000335d148]
Event: 7.209 Thread 0x0000000012a90800 3424       3       java.util.ResourceBundle::getString (9 bytes)
Event: 7.209 Thread 0x0000000012a90800 nmethod 3424 0x0000000002a2b3d0 code [0x0000000002a2b540, 0x0000000002a2b828]
Event: 7.215 Thread 0x0000000012a8b800 nmethod 3422 0x00000000033691d0 code [0x0000000003369360, 0x0000000003369c08]
Event: 7.230 Thread 0x0000000012a8f000 3425  s    4       java.lang.StringBuffer::append (13 bytes)
Event: 7.235 Thread 0x0000000012a8f000 nmethod 3425 0x000000000335c110 code [0x000000000335c280, 0x000000000335c928]

GC Heap History (10 events):
Event: 7.184 GC heap before
{Heap before GC invocations=570 (full 0):
 def new generation   total 1152K, used 1152K [0x00000000a2400000, 0x00000000a2540000, 0x00000000c1800000)
  eden space 1024K, 100% used [0x00000000a2400000, 0x00000000a2500000, 0x00000000a2500000)
  from space 128K, 100% used [0x00000000a2500000, 0x00000000a2520000, 0x00000000a2520000)
  to   space 128K,   0% used [0x00000000a2520000, 0x00000000a2520000, 0x00000000a2540000)
 tenured generation   total 129792K, used 50216K [0x00000000c1800000, 0x00000000c96c0000, 0x0000000100000000)
   the space 129792K,  38% used [0x00000000c1800000, 0x00000000c490a278, 0x00000000c490a400, 0x00000000c96c0000)
 Metaspace       used 13444K, capacity 13742K, committed 13952K, reserved 1060864K
  class space    used 1524K, capacity 1588K, committed 1664K, reserved 1048576K
Event: 7.186 GC heap after
Heap after GC invocations=571 (full 0):
 def new generation   total 1152K, used 103K [0x00000000a2400000, 0x00000000a2540000, 0x00000000c1800000)
  eden space 1024K,   0% used [0x00000000a2400000, 0x00000000a2400000, 0x00000000a2500000)
  from space 128K,  80% used [0x00000000a2520000, 0x00000000a2539c08, 0x00000000a2540000)
  to   space 128K,   0% used [0x00000000a2500000, 0x00000000a2500000, 0x00000000a2520000)
 tenured generation   total 129792K, used 50298K [0x00000000c1800000, 0x00000000c96c0000, 0x0000000100000000)
   the space 129792K,  38% used [0x00000000c1800000, 0x00000000c491e980, 0x00000000c491ea00, 0x00000000c96c0000)
 Metaspace       used 13444K, capacity 13742K, committed 13952K, reserved 1060864K
  class space    used 1524K, capacity 1588K, committed 1664K, reserved 1048576K
}
Event: 7.190 GC heap before
{Heap before GC invocations=571 (full 0):
 def new generation   total 1152K, used 1127K [0x00000000a2400000, 0x00000000a2540000, 0x00000000c1800000)
  eden space 1024K, 100% used [0x00000000a2400000, 0x00000000a2500000, 0x00000000a2500000)
  from space 128K,  80% used [0x00000000a2520000, 0x00000000a2539c08, 0x00000000a2540000)
  to   space 128K,   0% used [0x00000000a2500000, 0x00000000a2500000, 0x00000000a2520000)
 tenured generation   total 129792K, used 50298K [0x00000000c1800000, 0x00000000c96c0000, 0x0000000100000000)
   the space 129792K,  38% used [0x00000000c1800000, 0x00000000c491e980, 0x00000000c491ea00, 0x00000000c96c0000)
 Metaspace       used 13444K, capacity 13742K, committed 13952K, reserved 1060864K
  class space    used 1524K, capacity 1588K, committed 1664K, reserved 1048576K
Event: 7.191 GC heap after
Heap after GC invocations=572 (full 0):
 def new generation   total 1152K, used 84K [0x00000000a2400000, 0x00000000a2540000, 0x00000000c1800000)
  eden space 1024K,   0% used [0x00000000a2400000, 0x00000000a2400000, 0x00000000a2500000)
  from space 128K,  65% used [0x00000000a2500000, 0x00000000a25150d8, 0x00000000a2520000)
  to   space 128K,   0% used [0x00000000a2520000, 0x00000000a2520000, 0x00000000a2540000)
 tenured generation   total 129792K, used 50345K [0x00000000c1800000, 0x00000000c96c0000, 0x0000000100000000)
   the space 129792K,  38% used [0x00000000c1800000, 0x00000000c492a650, 0x00000000c492a800, 0x00000000c96c0000)
 Metaspace       used 13444K, capacity 13742K, committed 13952K, reserved 1060864K
  class space    used 1524K, capacity 1588K, committed 1664K, reserved 1048576K
}
Event: 7.197 GC heap before
{Heap before GC invocations=572 (full 0):
 def new generation   total 1152K, used 1108K [0x00000000a2400000, 0x00000000a2540000, 0x00000000c1800000)
  eden space 1024K, 100% used [0x00000000a2400000, 0x00000000a2500000, 0x00000000a2500000)
  from space 128K,  65% used [0x00000000a2500000, 0x00000000a25150d8, 0x00000000a2520000)
  to   space 128K,   0% used [0x00000000a2520000, 0x00000000a2520000, 0x00000000a2540000)
 tenured generation   total 129792K, used 50345K [0x00000000c1800000, 0x00000000c96c0000, 0x0000000100000000)
   the space 129792K,  38% used [0x00000000c1800000, 0x00000000c492a650, 0x00000000c492a800, 0x00000000c96c0000)
 Metaspace       used 13444K, capacity 13742K, committed 13952K, reserved 1060864K
  class space    used 1524K, capacity 1588K, committed 1664K, reserved 1048576K
Event: 7.198 GC heap after
Heap after GC invocations=573 (full 0):
 def new generation   total 1152K, used 127K [0x00000000a2400000, 0x00000000a2540000, 0x00000000c1800000)
  eden space 1024K,   0% used [0x00000000a2400000, 0x00000000a2400000, 0x00000000a2500000)
  from space 128K,  99% used [0x00000000a2520000, 0x00000000a253fff8, 0x00000000a2540000)
  to   space 128K,   0% used [0x00000000a2500000, 0x00000000a2500000, 0x00000000a2520000)
 tenured generation   total 129792K, used 50403K [0x00000000c1800000, 0x00000000c96c0000, 0x0000000100000000)
   the space 129792K,  38% used [0x00000000c1800000, 0x00000000c4938cd8, 0x00000000c4938e00, 0x00000000c96c0000)
 Metaspace       used 13444K, capacity 13742K, committed 13952K, reserved 1060864K
  class space    used 1524K, capacity 1588K, committed 1664K, reserved 1048576K
}
Event: 7.201 GC heap before
{Heap before GC invocations=573 (full 0):
 def new generation   total 1152K, used 1151K [0x00000000a2400000, 0x00000000a2540000, 0x00000000c1800000)
  eden space 1024K, 100% used [0x00000000a2400000, 0x00000000a2500000, 0x00000000a2500000)
  from space 128K,  99% used [0x00000000a2520000, 0x00000000a253fff8, 0x00000000a2540000)
  to   space 128K,   0% used [0x00000000a2500000, 0x00000000a2500000, 0x00000000a2520000)
 tenured generation   total 129792K, used 50403K [0x00000000c1800000, 0x00000000c96c0000, 0x0000000100000000)
   the space 129792K,  38% used [0x00000000c1800000, 0x00000000c4938cd8, 0x00000000c4938e00, 0x00000000c96c0000)
 Metaspace       used 13444K, capacity 13742K, committed 13952K, reserved 1060864K
  class space    used 1524K, capacity 1588K, committed 1664K, reserved 1048576K
Event: 7.202 GC heap after
Heap after GC invocations=574 (full 0):
 def new generation   total 1152K, used 65K [0x00000000a2400000, 0x00000000a2540000, 0x00000000c1800000)
  eden space 1024K,   0% used [0x00000000a2400000, 0x00000000a2400000, 0x00000000a2500000)
  from space 128K,  51% used [0x00000000a2500000, 0x00000000a2510678, 0x00000000a2520000)
  to   space 128K,   0% used [0x00000000a2520000, 0x00000000a2520000, 0x00000000a2540000)
 tenured generation   total 129792K, used 50512K [0x00000000c1800000, 0x00000000c96c0000, 0x0000000100000000)
   the space 129792K,  38% used [0x00000000c1800000, 0x00000000c4954298, 0x00000000c4954400, 0x00000000c96c0000)
 Metaspace       used 13444K, capacity 13742K, committed 13952K, reserved 1060864K
  class space    used 1524K, capacity 1588K, committed 1664K, reserved 1048576K
}
Event: 7.251 GC heap before
{Heap before GC invocations=574 (full 0):
 def new generation   total 1152K, used 1089K [0x00000000a2400000, 0x00000000a2540000, 0x00000000c1800000)
  eden space 1024K, 100% used [0x00000000a2400000, 0x00000000a2500000, 0x00000000a2500000)
  from space 128K,  51% used [0x00000000a2500000, 0x00000000a2510678, 0x00000000a2520000)
  to   space 128K,   0% used [0x00000000a2520000, 0x00000000a2520000, 0x00000000a2540000)
 tenured generation   total 129792K, used 50512K [0x00000000c1800000, 0x00000000c96c0000, 0x0000000100000000)
   the space 129792K,  38% used [0x00000000c1800000, 0x00000000c4954298, 0x00000000c4954400, 0x00000000c96c0000)
 Metaspace       used 13665K, capacity 13968K, committed 14208K, reserved 1062912K
  class space    used 1543K, capacity 1622K, committed 1664K, reserved 1048576K
Event: 7.252 GC heap after
Heap after GC invocations=575 (full 0):
 def new generation   total 1152K, used 128K [0x00000000a2400000, 0x00000000a2540000, 0x00000000c1800000)
  eden space 1024K,   0% used [0x00000000a2400000, 0x00000000a2400000, 0x00000000a2500000)
  from space 128K, 100% used [0x00000000a2520000, 0x00000000a2540000, 0x00000000a2540000)
  to   space 128K,   0% used [0x00000000a2500000, 0x00000000a2500000, 0x00000000a2520000)
 tenured generation   total 129792K, used 50547K [0x00000000c1800000, 0x00000000c96c0000, 0x0000000100000000)
   the space 129792K,  38% used [0x00000000c1800000, 0x00000000c495cc70, 0x00000000c495ce00, 0x00000000c96c0000)
 Metaspace       used 13665K, capacity 13968K, committed 14208K, reserved 1062912K
  class space    used 1543K, capacity 1622K, committed 1664K, reserved 1048576K
}

Deoptimization events (10 events):
Event: 2.875 Thread 0x00000000027e7000 Uncommon trap: reason=array_check action=maybe_recompile pc=0x0000000002eac800 method=java.util.AbstractCollection.toArray([Ljava/lang/Object;)[Ljava/lang/Object; @ 119
Event: 2.875 Thread 0x00000000027e7000 Uncommon trap: reason=array_check action=maybe_recompile pc=0x0000000002eac800 method=java.util.AbstractCollection.toArray([Ljava/lang/Object;)[Ljava/lang/Object; @ 119
Event: 4.009 Thread 0x00000000027e7000 Uncommon trap: reason=class_check action=maybe_recompile pc=0x0000000002e8c010 method=java.io.FilterInputStream.read([BII)I @ 7
Event: 4.009 Thread 0x00000000027e7000 Uncommon trap: reason=class_check action=maybe_recompile pc=0x0000000002e8c010 method=java.io.FilterInputStream.read([BII)I @ 7
Event: 4.010 Thread 0x00000000027e7000 Uncommon trap: reason=class_check action=maybe_recompile pc=0x0000000002e8c010 method=java.io.FilterInputStream.read([BII)I @ 7
Event: 4.010 Thread 0x00000000027e7000 Uncommon trap: reason=class_check action=maybe_recompile pc=0x0000000002e8c010 method=java.io.FilterInputStream.read([BII)I @ 7
Event: 7.218 Thread 0x00000000027e7000 Uncommon trap: reason=class_check action=maybe_recompile pc=0x00000000030e9a1c method=java.util.concurrent.ConcurrentHashMap.get(Ljava/lang/Object;)Ljava/lang/Object; @ 149
Event: 7.218 Thread 0x00000000027e7000 Uncommon trap: reason=class_check action=maybe_recompile pc=0x00000000030e9a1c method=java.util.concurrent.ConcurrentHashMap.get(Ljava/lang/Object;)Ljava/lang/Object; @ 149
Event: 7.218 Thread 0x00000000027e7000 Uncommon trap: reason=class_check action=maybe_recompile pc=0x00000000030e9a1c method=java.util.concurrent.ConcurrentHashMap.get(Ljava/lang/Object;)Ljava/lang/Object; @ 149
Event: 7.219 Thread 0x00000000027e7000 Uncommon trap: reason=class_check action=maybe_recompile pc=0x00000000030e9a1c method=java.util.concurrent.ConcurrentHashMap.get(Ljava/lang/Object;)Ljava/lang/Object; @ 149

Internal exceptions (10 events):
Event: 7.247 Thread 0x00000000027e7000 Exception <a 'java/security/PrivilegedActionException'> (0x00000000a24b8338) thrown at [D:\re\workspace\8-2-build-windows-amd64-cygwin\jdk8u5\2488\hotspot\src\share\vm\prims\jvm.cpp, line 1248]
Event: 7.249 Thread 0x00000000027e7000 Exception <a 'java/security/PrivilegedActionException'> (0x00000000a24c1ea8) thrown at [D:\re\workspace\8-2-build-windows-amd64-cygwin\jdk8u5\2488\hotspot\src\share\vm\prims\jvm.cpp, line 1248]
Event: 7.250 Thread 0x00000000027e7000 Exception <a 'java/security/PrivilegedActionException'> (0x00000000a24ca6a8) thrown at [D:\re\workspace\8-2-build-windows-amd64-cygwin\jdk8u5\2488\hotspot\src\share\vm\prims\jvm.cpp, line 1248]
Event: 7.250 Thread 0x00000000027e7000 Exception <a 'java/security/PrivilegedActionException'> (0x00000000a24de910) thrown at [D:\re\workspace\8-2-build-windows-amd64-cygwin\jdk8u5\2488\hotspot\src\share\vm\prims\jvm.cpp, line 1248]
Event: 7.250 Thread 0x00000000027e7000 Exception <a 'java/security/PrivilegedActionException'> (0x00000000a24ee500) thrown at [D:\re\workspace\8-2-build-windows-amd64-cygwin\jdk8u5\2488\hotspot\src\share\vm\prims\jvm.cpp, line 1248]
Event: 7.251 Thread 0x00000000027e7000 Exception <a 'java/security/PrivilegedActionException'> (0x00000000a24fdbb0) thrown at [D:\re\workspace\8-2-build-windows-amd64-cygwin\jdk8u5\2488\hotspot\src\share\vm\prims\jvm.cpp, line 1248]
Event: 7.253 Thread 0x00000000027e7000 Exception <a 'java/security/PrivilegedActionException'> (0x00000000a240de98) thrown at [D:\re\workspace\8-2-build-windows-amd64-cygwin\jdk8u5\2488\hotspot\src\share\vm\prims\jvm.cpp, line 1248]
Event: 7.254 Thread 0x00000000027e7000 Exception <a 'java/security/PrivilegedActionException'> (0x00000000a2415d28) thrown at [D:\re\workspace\8-2-build-windows-amd64-cygwin\jdk8u5\2488\hotspot\src\share\vm\prims\jvm.cpp, line 1248]
Event: 7.254 Thread 0x00000000027e7000 Exception <a 'java/security/PrivilegedActionException'> (0x00000000a241b2b0) thrown at [D:\re\workspace\8-2-build-windows-amd64-cygwin\jdk8u5\2488\hotspot\src\share\vm\prims\jvm.cpp, line 1248]
Event: 7.257 Thread 0x00000000027e7000 Exception <a 'java/security/PrivilegedActionException'> (0x00000000a2422de8) thrown at [D:\re\workspace\8-2-build-windows-amd64-cygwin\jdk8u5\2488\hotspot\src\share\vm\prims\jvm.cpp, line 1248]

Events (10 events):
Event: 7.251 Executing VM operation: GenCollectForAllocation
Event: 7.252 Executing VM operation: GenCollectForAllocation done
Event: 7.253 loading class com/altera/utilities/FileUtilities
Event: 7.253 loading class com/altera/utilities/FileUtilities done
Event: 7.254 loading class com/altera/utilities/FileUtilities$1
Event: 7.254 loading class com/altera/utilities/FileUtilities$1 done
Event: 7.254 loading class com/altera/utilities/FileUtilities$AlteraIpException
Event: 7.254 loading class com/altera/utilities/FileUtilities$AlteraIpException done
Event: 7.257 loading class com/altera/utilities/FileUtilities$IpError
Event: 7.257 loading class com/altera/utilities/FileUtilities$IpError done


Dynamic libraries:
0x00007ff64bf30000 - 0x00007ff64bf64000 	D:\intelfpga\18.0\quartus\bin64\jre64\bin\java.exe
0x00007ffc26f90000 - 0x00007ffc27185000 	C:\WINDOWS\SYSTEM32\ntdll.dll
0x00007ffbf6e80000 - 0x00007ffbf6e93000 	C:\Program Files\Avast Software\Avast\aswhook.dll
0x00007ffc25730000 - 0x00007ffc257ed000 	C:\WINDOWS\System32\KERNEL32.DLL
0x00007ffc24b70000 - 0x00007ffc24e37000 	C:\WINDOWS\System32\KERNELBASE.dll
0x00007ffc26ba0000 - 0x00007ffc26c4a000 	C:\WINDOWS\System32\ADVAPI32.dll
0x00007ffc269e0000 - 0x00007ffc26a7e000 	C:\WINDOWS\System32\msvcrt.dll
0x00007ffc263c0000 - 0x00007ffc2645b000 	C:\WINDOWS\System32\sechost.dll
0x00007ffc26290000 - 0x00007ffc263b4000 	C:\WINDOWS\System32\RPCRT4.dll
0x00007ffc25510000 - 0x00007ffc256b0000 	C:\WINDOWS\System32\USER32.dll
0x00007ffc24ec0000 - 0x00007ffc24ee2000 	C:\WINDOWS\System32\win32u.dll
0x00007ffc269b0000 - 0x00007ffc269da000 	C:\WINDOWS\System32\GDI32.dll
0x00007ffc24a60000 - 0x00007ffc24b69000 	C:\WINDOWS\System32\gdi32full.dll
0x00007ffc24830000 - 0x00007ffc248cd000 	C:\WINDOWS\System32\msvcp_win.dll
0x00007ffc24ef0000 - 0x00007ffc24ff0000 	C:\WINDOWS\System32\ucrtbase.dll
0x00007ffc1db30000 - 0x00007ffc1ddcb000 	C:\WINDOWS\WinSxS\amd64_microsoft.windows.common-controls_6595b64144ccf1df_6.0.19041.488_none_ca04af081b815d21\COMCTL32.dll
0x00007ffc25070000 - 0x00007ffc250a0000 	C:\WINDOWS\System32\IMM32.DLL
0x0000000059510000 - 0x00000000595e2000 	D:\intelfpga\18.0\quartus\bin64\jre64\bin\msvcr100.dll
0x0000000058ce0000 - 0x000000005950a000 	D:\intelfpga\18.0\quartus\bin64\jre64\bin\server\jvm.dll
0x00007ffc256c0000 - 0x00007ffc256c8000 	C:\WINDOWS\System32\PSAPI.DLL
0x00007ffc178d0000 - 0x00007ffc178d9000 	C:\WINDOWS\SYSTEM32\WSOCK32.dll
0x00007ffc26ee0000 - 0x00007ffc26f4b000 	C:\WINDOWS\System32\WS2_32.dll
0x00007ffc1de10000 - 0x00007ffc1de37000 	C:\WINDOWS\SYSTEM32\WINMM.dll
0x0000000058cd0000 - 0x0000000058cdf000 	D:\intelfpga\18.0\quartus\bin64\jre64\bin\verify.dll
0x0000000058ca0000 - 0x0000000058cc8000 	D:\intelfpga\18.0\quartus\bin64\jre64\bin\java.dll
0x0000000058c80000 - 0x0000000058c96000 	D:\intelfpga\18.0\quartus\bin64\jre64\bin\zip.dll
0x00007ffc25850000 - 0x00007ffc25f91000 	C:\WINDOWS\System32\SHELL32.dll
0x00007ffc22850000 - 0x00007ffc22fe3000 	C:\WINDOWS\SYSTEM32\windows.storage.dll
0x00007ffc26490000 - 0x00007ffc267e5000 	C:\WINDOWS\System32\combase.dll
0x00007ffc24140000 - 0x00007ffc2416c000 	C:\WINDOWS\SYSTEM32\Wldp.dll
0x00007ffc26d80000 - 0x00007ffc26e2e000 	C:\WINDOWS\System32\SHCORE.dll
0x00007ffc256d0000 - 0x00007ffc25725000 	C:\WINDOWS\System32\shlwapi.dll
0x00007ffc24600000 - 0x00007ffc24626000 	C:\WINDOWS\SYSTEM32\profapi.dll
0x00007ffc240a0000 - 0x00007ffc240b8000 	C:\WINDOWS\SYSTEM32\CRYPTSP.dll
0x00007ffc237e0000 - 0x00007ffc23814000 	C:\WINDOWS\system32\rsaenh.dll
0x00007ffc248d0000 - 0x00007ffc248f7000 	C:\WINDOWS\System32\bcrypt.dll
0x00007ffc245c0000 - 0x00007ffc245ee000 	C:\WINDOWS\SYSTEM32\USERENV.dll
0x00007ffc24e40000 - 0x00007ffc24ebf000 	C:\WINDOWS\System32\bcryptprimitives.dll
0x00007ffc24090000 - 0x00007ffc2409c000 	C:\WINDOWS\SYSTEM32\CRYPTBASE.dll
0x0000000058c60000 - 0x0000000058c7a000 	D:\intelFPGA\18.0\quartus\bin64\jre64\bin\net.dll
0x00007ffc23ec0000 - 0x00007ffc23f2a000 	C:\WINDOWS\system32\mswsock.dll
0x00007ffc23b60000 - 0x00007ffc23b9b000 	C:\WINDOWS\SYSTEM32\IPHLPAPI.DLL
0x00007ffc256b0000 - 0x00007ffc256b9000 	C:\WINDOWS\System32\NSI.dll
0x00007ffc1f0e0000 - 0x00007ffc1f0f7000 	C:\WINDOWS\SYSTEM32\dhcpcsvc6.DLL
0x00007ffc1ef80000 - 0x00007ffc1ef9d000 	C:\WINDOWS\SYSTEM32\dhcpcsvc.DLL
0x00007ffc23bb0000 - 0x00007ffc23c7b000 	C:\WINDOWS\SYSTEM32\DNSAPI.dll
0x0000000058c40000 - 0x0000000058c51000 	D:\intelFPGA\18.0\quartus\bin64\jre64\bin\nio.dll
0x00007ffc12570000 - 0x00007ffc12576000 	D:\intelFPGA\18.0\quartus\bin64\sld_utiljni.dll
0x00007ffc0db10000 - 0x00007ffc0dbff000 	D:\intelFPGA\18.0\quartus\bin64\MSVCR120.dll
0x000000005ac20000 - 0x000000005ada7000 	D:\intelFPGA\18.0\quartus\bin64\tcl86.dll
0x00007ffc144d0000 - 0x00007ffc144e8000 	C:\WINDOWS\SYSTEM32\NETAPI32.dll
0x00007ffc23ba0000 - 0x00007ffc23bac000 	C:\WINDOWS\SYSTEM32\NETUTILS.DLL
0x00007ffc1f360000 - 0x00007ffc1f379000 	C:\WINDOWS\SYSTEM32\SAMCLI.DLL
0x00007ffc23cd0000 - 0x00007ffc23d12000 	C:\WINDOWS\SYSTEM32\LOGONCLI.DLL
0x00007ffc02ec0000 - 0x00007ffc02f80000 	D:\intelFPGA\18.0\quartus\bin64\ccl_sqlite3.dll
0x00007ffc12130000 - 0x00007ffc12140000 	D:\intelFPGA\18.0\quartus\bin64\ccl_sqlite3_jdbc_jni_bridge.dll
0x00007ffbea480000 - 0x00007ffbea64b000 	D:\intelFPGA\18.0\quartus\bin64\sld_filejni.dll
0x00007ffc267f0000 - 0x00007ffc268bd000 	C:\WINDOWS\System32\OLEAUT32.dll
0x00007ffc26c50000 - 0x00007ffc26d79000 	C:\WINDOWS\System32\ole32.dll
0x00007ffc25fa0000 - 0x00007ffc2607a000 	C:\WINDOWS\System32\COMDLG32.dll
0x00007ffc02aa0000 - 0x00007ffc02c28000 	D:\intelFPGA\18.0\quartus\bin64\dbghelp.dll

VM Arguments:
jvm_args: -Xmx1500M -XX:+UseSerialGC 
java_command: com.altera.sopcmodel.sbtools.sbgenerate.SbGenerate --output-directory=K:/work/tr/SOFT_work/FPGA/v3_10m50da/db/ip/sldcae26b15/ --project-directory=K:/work/tr/SOFT_work/FPGA/v3_10m50da/ --file-set=QUARTUS_SYNTH --system-info=DEVICE_FAMILY=MAX 10 --report-file=xml:K:/work/tr/SOFT_work/FPGA/v3_10m50da/db/ip/sldcae26b15/alt_sld_fab__report.xml --report-file=html:K:/work/tr/SOFT_work/FPGA/v3_10m50da/db/ip/sldcae26b15/alt_sld_fab__report.html --component-name=alt_sld_fab --component-file=./db/ip/sldcae26b15/alt_sld_fab_wrapper_hw.tcl --report-file=sopcinfo:K:/work/tr/SOFT_work/FPGA/v3_10m50da/db/ip/sldcae26b15/alt_sld_fab.sopcinfo --report-file=qip:K:/work/tr/SOFT_work/FPGA/v3_10m50da/db/ip/sldcae26b15/alt_sld_fab.qip --remove-qsys-generate-warning
java_class_path (initial): D:/intelfpga/18.0/quartus/sopc_builder/model/lib\Nlview.jar;D:/intelfpga/18.0/quartus/sopc_builder/model/lib\QuickServer.jar;D:/intelfpga/18.0/quartus/sopc_builder/model/lib\TableLayout.jar;D:/intelfpga/18.0/quartus/sopc_builder/model/lib\appframework-1.03.jar;D:/intelfpga/18.0/quartus/sopc_builder/model/lib\asm-3.1.jar;D:/intelfpga/18.0/quartus/sopc_builder/model/lib\asm-commons-3.1.jar;D:/intelfpga/18.0/quartus/sopc_builder/model/lib\basicmodel.jar;D:/intelfpga/18.0/quartus/sopc_builder/model/lib\beansbinding-1.2.1.jar;D:/intelfpga/18.0/quartus/sopc_builder/model/lib\binding-2.0.6.jar;D:/intelfpga/18.0/quartus/sopc_builder/model/lib\com.altera.componenteditor2.jar;D:/intelfpga/18.0/quartus/sopc_builder/model/lib\com.altera.embeddedsw.app_lib.jar;D:/intelfpga/18.0/quartus/sopc_builder/model/lib\com.altera.embeddedsw.bsp.editor.jar;D:/intelfpga/18.0/quartus/sopc_builder/model/lib\com.altera.embeddedsw.bsp.elements.jar;D:/intelfpga/18.0/quartus/sopc_builder/model/lib\com.altera.embeddedsw.bsp.jar;D:/intelfpga/18.0/quartus/sopc_builder/model/lib\com.altera.embeddedsw.bsp.plugin.core.jar;D:/intelfpga/18.0/quartus/sopc_builder/model/lib\com.altera.embeddedsw.bsp.plugin.hal.jar;D:/intelfpga/18.0/quartus/sopc_builder/model/lib\com.altera.embeddedsw.bsp.plugin.lwhal.jar;D:/intelfpga/18.0/quartus/sopc_builder/model/lib\com.altera.embeddedsw.bsp.schema.jar;D:/intelfpga/18.0/quartus/sopc_builder/model/lib\com.altera.embeddedsw.bsp.scripting.jar;D:/intelfpga/18.0/quartus/sopc_builder/model/lib\com.altera.embeddedsw.commandline.jar;D:/intelfpga/18.0/quartus/sopc_builder/model/lib\com.altera.embeddedsw.cpexample.jar;D:/intelfpga/18.0/quartus/sopc_builder/model/lib\com.altera.embeddedsw.flash.jar;D:/intelfpga/18.0/quartus/sopc_builder/model/lib\com.altera.embeddedsw.launch.jar;D:/intelfpga/18.0/quartus/sopc_builder/model/lib\com.altera.embeddedsw.swinfo.jar;D:/intelfpga/18.0/quartus/sopc_builder/model/lib\com.altera.embeddedsw.utilities.jar;D:/intelfp
Launcher Type: SUN_STANDARD

Environment Variables:
PATH=D:/intelfpga/18.0/quartus/bin64;d:\intelfpga\18.0\quartus\bin64\;d:\intelfpga\18.0\quartus\bin64\;D:\Program Files (x86)\VMware\VMware Workstation\bin\;C:\Users\Кошлики\Pyton 3.9.2\Scripts\;C:\Users\Кошлики\Pyton 3.9.2\;d:\VulkanSDK\1.2.154.1\Bin;C:\Program Files (x86)\Common Files\Intel\Shared Libraries\redist\intel64_win\compiler;C:\Program Files (x86)\NVIDIA Corporation\PhysX\Common;C:\Program Files (x86)\Common Files\Oracle\Java\javapath;C:\Program Files (x86)\Python38-32\Scripts\;C:\Program Files (x86)\Python38-32\;C:\WINDOWS\system32;C:\WINDOWS;C:\WINDOWS\System32\Wbem;C:\WINDOWS\System32\WindowsPowerShell\v1.0\;C:\WINDOWS\System32\OpenSSH\;C:\Program Files (x86)\dotnet\;E:\Program Files\matlab2017\bin;C:\Program Files\dotnet\;C:\Program Files\Microsoft SQL Server\130\Tools\Binn\;C:\Program Files\Microsoft SQL Server\Client SDK\ODBC\170\Tools\Binn\;C:\Program Files (x86)\IVI Foundation\VISA\WinNT\Bin;E:\Program Files (x86)\P-CAD 2006 Viewer\;C:\Program Files (x86)\Windows Kits\8.1\Windows Performance Toolkit\;C:\Program Files\Microsoft SQL Server\110\Tools\Binn\;D:\Program Files\PuTTY\;C:\Program Files (x86)\Common Files\Autodesk Shared\;E:\MSV\python374\Scripts\;E:\MSV\python374\;C:\Users\slash\AppData\Local\Microsoft\WindowsApps;;E:\MSV\Microsoft VS Code\bin;e:\Program Files\JetBrains\PyCharm Community Edition 2019.2.3\bin;
USERNAME=slash
OS=Windows_NT
PROCESSOR_IDENTIFIER=Intel64 Family 6 Model 58 Stepping 9, GenuineIntel



---------------  S Y S T E M  ---------------

OS: Windows 8.1 , 64 bit Build 9600 

CPU:total 4 (4 cores per cpu, 1 threads per core) family 6 model 58 stepping 9, cmov, cx8, fxsr, mmx, sse, sse2, sse3, ssse3, sse4.1, sse4.2, popcnt, avx, aes, clmul, erms, tsc, tscinvbit

Memory: 4k page, physical 8349652k(782940k free), swap 8349652k(58588k free)

vm_info: Java HotSpot(TM) 64-Bit Server VM (25.5-b02) for windows-amd64 JRE (1.8.0_05-b13), built on Mar 18 2014 01:08:39 by "java_re" with MS VC++ 10.0 (VS2010)

time: Sun May 09 17:04:29 2021
elapsed time: 7 seconds

